[ 2016-04-06T17:30:01+08:00 ] 218.91.152.220 /index.php?s=/admin/config/group.html
SQL: SHOW COLUMNS FROM `onethink_menu` [ RunTime:0.006132s ]
SQL: SELECT * FROM `onethink_menu` WHERE ( `pid` = 0 ) AND ( `hide` = 0 ) ORDER BY sort asc  [ RunTime:0.000396s ]
SQL: SELECT `id` FROM `onethink_menu` WHERE ( url like '%Config/group%' ) LIMIT 1   [ RunTime:0.000303s ]
SQL: SHOW COLUMNS FROM `onethink_menu` [ RunTime:0.005927s ]
SQL: SELECT `id`,`pid`,`title` FROM `onethink_menu` WHERE ( id=68 ) LIMIT 1   [ RunTime:0.000346s ]
SQL: SELECT DISTINCT  `group` FROM `onethink_menu` WHERE ( pid = 68 )  [ RunTime:0.000298s ]
SQL: SELECT `id`,`url` FROM `onethink_menu` WHERE ( `pid` = 68 ) AND ( `hide` = 0 )  [ RunTime:0.000323s ]
SQL: SELECT `id`,`pid`,`title`,`url`,`tip` FROM `onethink_menu` WHERE ( `group` = '系统设置' ) AND ( `pid` = 68 ) AND ( `hide` = 0 ) ORDER BY sort asc  [ RunTime:0.000383s ]
SQL: SELECT `id`,`pid`,`title`,`url`,`tip` FROM `onethink_menu` WHERE ( `group` = '' ) AND ( `pid` = 68 ) AND ( `hide` = 0 ) ORDER BY sort asc  [ RunTime:0.000498s ]
SQL: SELECT `id`,`pid`,`title`,`url`,`tip` FROM `onethink_menu` WHERE ( `group` = '数据备份' ) AND ( `pid` = 68 ) AND ( `hide` = 0 ) ORDER BY sort asc  [ RunTime:0.000332s ]
SQL: SHOW COLUMNS FROM `onethink_config` [ RunTime:0.008270s ]
SQL: SELECT `id`,`name`,`title`,`extra`,`value`,`remark`,`type` FROM `onethink_config` WHERE ( `status` = 1 ) AND ( `group` = 1 ) ORDER BY sort  [ RunTime:0.000395s ]
INFO: [ view_parse ] --START--
INFO: [ template_filter ] --START--
INFO: Run Behavior\ContentReplace [ RunTime:0.000551s ]
INFO: [ template_filter ] --END-- [ RunTime:0.000797s ]
INFO: Run Behavior\ParseTemplate [ RunTime:0.045780s ]
INFO: [ view_parse ] --END-- [ RunTime:0.045944s ]
INFO: [ view_filter ] --START--
INFO: Run Behavior\WriteHtmlCache [ RunTime:0.000660s ]
INFO: [ view_filter ] --END-- [ RunTime:0.000785s ]
INFO: [ app_end ] --START--
INFO: Run Behavior\ShowPageTrace [ RunTime:0.001090s ]
INFO: [ app_end ] --END-- [ RunTime:0.001225s ]

[ 2016-04-06T17:30:03+08:00 ] 218.91.152.220 /index.php?s=/home/project/specialindex.html
NOTIC: [2] Missing argument 1 for Think\Controller::assign(), called in E:\freehost\www\linshikongjian\web\Application\Home\Controller\ProjectController.class.php on line 24 and defined E:\freehost\www\linshikongjian\web\ThinkPHP\Library\Think\Controller.class.php 第 121 行.
NOTIC: [8] Undefined variable: name E:\freehost\www\linshikongjian\web\ThinkPHP\Library\Think\Controller.class.php 第 122 行.
NOTIC: [8] Undefined variable: category E:\freehost\www\linshikongjian\web\Application\Home\Controller\ProjectController.class.php 第 25 行.
INFO: [ view_parse ] --START--
INFO: [ template_filter ] --START--
INFO: Run Behavior\ContentReplace [ RunTime:0.000271s ]
INFO: [ template_filter ] --END-- [ RunTime:0.000440s ]
SQL: SHOW COLUMNS FROM `onethink_channel` [ RunTime:0.006426s ]
SQL: SELECT `id`,`pid`,`title`,`url`,`sort`,`create_time`,`update_time`,`status`,`target` FROM `onethink_channel` WHERE ( status=1 ) ORDER BY sort  [ RunTime:0.000335s ]
NOTIC: [8] Undefined variable: category E:\freehost\www\linshikongjian\web\Runtime\Cache\Home\300b925655b72f3e20b2fef41d5d6adc.php 第 90 行.
SQL: SHOW COLUMNS FROM `onethink_category` [ RunTime:0.006312s ]
SQL: SELECT `pid` FROM `onethink_category` WHERE ( `name` = null ) LIMIT 1   [ RunTime:0.000269s ]
SQL: SELECT `id`,`name`,`pid`,`title`,`link_id` FROM `onethink_category` WHERE ( `pid` = null ) AND ( `status` = 1 ) ORDER BY sort  [ RunTime:0.000274s ]
INFO: [ view_parse ] --START--
INFO: [ template_filter ] --START--
INFO: Run Behavior\ContentReplace [ RunTime:0.000100s ]
INFO: [ template_filter ] --END-- [ RunTime:-0.029219s ]
INFO: Run Behavior\ParseTemplate [ RunTime:0.008176s ]
INFO: [ view_parse ] --END-- [ RunTime:0.008327s ]
INFO: [ view_filter ] --START--
INFO: Run Behavior\WriteHtmlCache [ RunTime:0.000485s ]
INFO: [ view_filter ] --END-- [ RunTime:0.000612s ]
INFO: Run Behavior\ParseTemplate [ RunTime:0.009121s ]
INFO: [ view_parse ] --END-- [ RunTime:0.008327s ]
INFO: [ view_filter ] --START--
INFO: Run Behavior\WriteHtmlCache [ RunTime:0.000022s ]
INFO: [ view_filter ] --END-- [ RunTime:-0.000302s ]
INFO: [ app_end ] --START--
INFO: Run Behavior\ShowPageTrace [ RunTime:0.001041s ]
INFO: [ app_end ] --END-- [ RunTime:0.001164s ]

[ 2016-04-06T17:30:47+08:00 ] 218.91.152.220 /index.php?s=/home/project/specialindex.html
NOTIC: [2] Missing argument 1 for Think\Controller::assign(), called in E:\freehost\www\linshikongjian\web\Application\Home\Controller\ProjectController.class.php on line 24 and defined E:\freehost\www\linshikongjian\web\ThinkPHP\Library\Think\Controller.class.php 第 121 行.
NOTIC: [8] Undefined variable: name E:\freehost\www\linshikongjian\web\ThinkPHP\Library\Think\Controller.class.php 第 122 行.
NOTIC: [8] Undefined variable: category E:\freehost\www\linshikongjian\web\Application\Home\Controller\ProjectController.class.php 第 25 行.
INFO: [ view_parse ] --START--
INFO: [ template_filter ] --START--
INFO: Run Behavior\ContentReplace [ RunTime:0.000237s ]
INFO: [ template_filter ] --END-- [ RunTime:0.000382s ]
SQL: SHOW COLUMNS FROM `onethink_channel` [ RunTime:0.004497s ]
SQL: SELECT `id`,`pid`,`title`,`url`,`sort`,`create_time`,`update_time`,`status`,`target` FROM `onethink_channel` WHERE ( status=1 ) ORDER BY sort  [ RunTime:0.000385s ]
NOTIC: [8] Undefined variable: category E:\freehost\www\linshikongjian\web\Runtime\Cache\Home\300b925655b72f3e20b2fef41d5d6adc.php 第 90 行.
SQL: SHOW COLUMNS FROM `onethink_category` [ RunTime:0.004714s ]
SQL: SELECT `pid` FROM `onethink_category` WHERE ( `name` = null ) LIMIT 1   [ RunTime:0.000229s ]
SQL: SELECT `id`,`name`,`pid`,`title`,`link_id` FROM `onethink_category` WHERE ( `pid` = null ) AND ( `status` = 1 ) ORDER BY sort  [ RunTime:0.000222s ]
INFO: [ view_parse ] --START--
INFO: [ template_filter ] --START--
INFO: Run Behavior\ContentReplace [ RunTime:0.000083s ]
INFO: [ template_filter ] --END-- [ RunTime:-0.022960s ]
INFO: Run Behavior\ParseTemplate [ RunTime:0.006526s ]
INFO: [ view_parse ] --END-- [ RunTime:0.006655s ]
INFO: [ view_filter ] --START--
INFO: Run Behavior\WriteHtmlCache [ RunTime:0.000421s ]
INFO: [ view_filter ] --END-- [ RunTime:0.000533s ]
INFO: Run Behavior\ParseTemplate [ RunTime:0.007345s ]
INFO: [ view_parse ] --END-- [ RunTime:0.006655s ]
INFO: [ view_filter ] --START--
INFO: Run Behavior\WriteHtmlCache [ RunTime:0.000019s ]
INFO: [ view_filter ] --END-- [ RunTime:-0.000260s ]
INFO: [ app_end ] --START--
INFO: Run Behavior\ShowPageTrace [ RunTime:0.000908s ]
INFO: [ app_end ] --END-- [ RunTime:0.001012s ]

[ 2016-04-06T17:30:58+08:00 ] 218.91.152.220 /index.php?s=/admin/config/group.html
SQL: SHOW COLUMNS FROM `onethink_menu` [ RunTime:0.005270s ]
SQL: SELECT * FROM `onethink_menu` WHERE ( `pid` = 0 ) AND ( `hide` = 0 ) ORDER BY sort asc  [ RunTime:0.000355s ]
SQL: SELECT `id` FROM `onethink_menu` WHERE ( url like '%Config/group%' ) LIMIT 1   [ RunTime:0.000285s ]
SQL: SHOW COLUMNS FROM `onethink_menu` [ RunTime:0.004540s ]
SQL: SELECT `id`,`pid`,`title` FROM `onethink_menu` WHERE ( id=68 ) LIMIT 1   [ RunTime:0.000426s ]
SQL: SELECT DISTINCT  `group` FROM `onethink_menu` WHERE ( pid = 68 )  [ RunTime:0.000263s ]
SQL: SELECT `id`,`url` FROM `onethink_menu` WHERE ( `pid` = 68 ) AND ( `hide` = 0 )  [ RunTime:0.000277s ]
SQL: SELECT `id`,`pid`,`title`,`url`,`tip` FROM `onethink_menu` WHERE ( `group` = '系统设置' ) AND ( `pid` = 68 ) AND ( `hide` = 0 ) ORDER BY sort asc  [ RunTime:0.000444s ]
SQL: SELECT `id`,`pid`,`title`,`url`,`tip` FROM `onethink_menu` WHERE ( `group` = '' ) AND ( `pid` = 68 ) AND ( `hide` = 0 ) ORDER BY sort asc  [ RunTime:0.000273s ]
SQL: SELECT `id`,`pid`,`title`,`url`,`tip` FROM `onethink_menu` WHERE ( `group` = '数据备份' ) AND ( `pid` = 68 ) AND ( `hide` = 0 ) ORDER BY sort asc  [ RunTime:0.000384s ]
SQL: SHOW COLUMNS FROM `onethink_config` [ RunTime:0.005559s ]
SQL: SELECT `id`,`name`,`title`,`extra`,`value`,`remark`,`type` FROM `onethink_config` WHERE ( `status` = 1 ) AND ( `group` = 1 ) ORDER BY sort  [ RunTime:0.000464s ]
INFO: [ view_parse ] --START--
INFO: [ template_filter ] --START--
INFO: Run Behavior\ContentReplace [ RunTime:0.000365s ]
INFO: [ template_filter ] --END-- [ RunTime:0.000516s ]
INFO: Run Behavior\ParseTemplate [ RunTime:0.041883s ]
INFO: [ view_parse ] --END-- [ RunTime:0.042127s ]
INFO: [ view_filter ] --START--
INFO: Run Behavior\WriteHtmlCache [ RunTime:0.000532s ]
INFO: [ view_filter ] --END-- [ RunTime:0.000655s ]
INFO: [ app_end ] --START--
INFO: Run Behavior\ShowPageTrace [ RunTime:0.001020s ]
INFO: [ app_end ] --END-- [ RunTime:0.001156s ]

[ 2016-04-06T17:32:59+08:00 ] 218.91.152.220 /index.php?s=/home/project/index.html
NOTIC: [2] Missing argument 1 for Think\Controller::assign(), called in E:\freehost\www\linshikongjian\web\Application\Home\Controller\ProjectController.class.php on line 19 and defined E:\freehost\www\linshikongjian\web\ThinkPHP\Library\Think\Controller.class.php 第 121 行.
NOTIC: [8] Undefined variable: name E:\freehost\www\linshikongjian\web\ThinkPHP\Library\Think\Controller.class.php 第 122 行.
NOTIC: [8] Undefined variable: category E:\freehost\www\linshikongjian\web\Application\Home\Controller\ProjectController.class.php 第 20 行.
INFO: [ view_parse ] --START--
INFO: [ template_filter ] --START--
INFO: Run Behavior\ContentReplace [ RunTime:0.000450s ]
INFO: [ template_filter ] --END-- [ RunTime:0.000681s ]
SQL: SHOW COLUMNS FROM `onethink_channel` [ RunTime:0.005233s ]
SQL: SELECT `id`,`pid`,`title`,`url`,`sort`,`create_time`,`update_time`,`status`,`target` FROM `onethink_channel` WHERE ( status=1 ) ORDER BY sort  [ RunTime:0.000313s ]
NOTIC: [8] Undefined variable: category E:\freehost\www\linshikongjian\web\Runtime\Cache\Home\5d133778d7de97e139009fa0c8819324.php 第 90 行.
SQL: SHOW COLUMNS FROM `onethink_category` [ RunTime:0.005458s ]
SQL: SELECT `id`,`name`,`pid`,`title`,`link_id` FROM `onethink_category` WHERE ( `status` = 1 ) ORDER BY sort  [ RunTime:0.000320s ]
NOTIC: [8] Undefined index: _ E:\freehost\www\linshikongjian\web\Application\Home\Widget\CategoryWidget.class.php 第 25 行.
INFO: [ view_parse ] --START--
INFO: [ template_filter ] --START--
INFO: Run Behavior\ContentReplace [ RunTime:0.000099s ]
INFO: [ template_filter ] --END-- [ RunTime:-0.027501s ]
INFO: Run Behavior\ParseTemplate [ RunTime:0.007726s ]
INFO: [ view_parse ] --END-- [ RunTime:0.007877s ]
INFO: [ view_filter ] --START--
INFO: Run Behavior\WriteHtmlCache [ RunTime:0.000629s ]
INFO: [ view_filter ] --END-- [ RunTime:0.000751s ]
INFO: Run Behavior\ParseTemplate [ RunTime:0.008812s ]
INFO: [ view_parse ] --END-- [ RunTime:0.007877s ]
INFO: [ view_filter ] --START--
INFO: Run Behavior\WriteHtmlCache [ RunTime:0.000023s ]
INFO: [ view_filter ] --END-- [ RunTime:-0.000300s ]
INFO: [ app_end ] --START--
INFO: Run Behavior\ShowPageTrace [ RunTime:0.001120s ]
INFO: [ app_end ] --END-- [ RunTime:0.001243s ]

[ 2016-04-06T17:33:49+08:00 ] 218.91.152.220 /index.php?s=/home/project/index.html
NOTIC: [2] Missing argument 1 for Think\Controller::assign(), called in E:\freehost\www\linshikongjian\web\Application\Home\Controller\ProjectController.class.php on line 19 and defined E:\freehost\www\linshikongjian\web\ThinkPHP\Library\Think\Controller.class.php 第 121 行.
NOTIC: [8] Undefined variable: name E:\freehost\www\linshikongjian\web\ThinkPHP\Library\Think\Controller.class.php 第 122 行.
NOTIC: [8] Undefined variable: category E:\freehost\www\linshikongjian\web\Application\Home\Controller\ProjectController.class.php 第 20 行.
INFO: [ view_parse ] --START--
INFO: [ template_filter ] --START--
INFO: Run Behavior\ContentReplace [ RunTime:0.000429s ]
INFO: [ template_filter ] --END-- [ RunTime:0.000720s ]
SQL: SHOW COLUMNS FROM `onethink_channel` [ RunTime:0.008456s ]
SQL: SELECT `id`,`pid`,`title`,`url`,`sort`,`create_time`,`update_time`,`status`,`target` FROM `onethink_channel` WHERE ( status=1 ) ORDER BY sort  [ RunTime:0.000397s ]
NOTIC: [8] Undefined variable: category E:\freehost\www\linshikongjian\web\Runtime\Cache\Home\5d133778d7de97e139009fa0c8819324.php 第 90 行.
SQL: SHOW COLUMNS FROM `onethink_category` [ RunTime:0.008204s ]
SQL: SELECT `id`,`name`,`pid`,`title`,`link_id` FROM `onethink_category` WHERE ( `status` = 1 ) ORDER BY sort  [ RunTime:0.000474s ]
NOTIC: [8] Undefined index: _ E:\freehost\www\linshikongjian\web\Application\Home\Widget\CategoryWidget.class.php 第 25 行.
INFO: [ view_parse ] --START--
INFO: [ template_filter ] --START--
INFO: Run Behavior\ContentReplace [ RunTime:0.000166s ]
INFO: [ template_filter ] --END-- [ RunTime:-0.043494s ]
INFO: Run Behavior\ParseTemplate [ RunTime:0.014789s ]
INFO: [ view_parse ] --END-- [ RunTime:0.015039s ]
INFO: [ view_filter ] --START--
INFO: Run Behavior\WriteHtmlCache [ RunTime:0.000773s ]
INFO: [ view_filter ] --END-- [ RunTime:0.000989s ]
INFO: Run Behavior\ParseTemplate [ RunTime:0.016355s ]
INFO: [ view_parse ] --END-- [ RunTime:0.015039s ]
INFO: [ view_filter ] --START--
INFO: Run Behavior\WriteHtmlCache [ RunTime:0.000040s ]
INFO: [ view_filter ] --END-- [ RunTime:-0.000568s ]
INFO: [ app_end ] --START--
INFO: Run Behavior\ShowPageTrace [ RunTime:0.001406s ]
INFO: [ app_end ] --END-- [ RunTime:0.001577s ]

[ 2016-04-06T17:33:56+08:00 ] 218.91.152.220 /index.php?s=/home/project/index.html
NOTIC: [2] Missing argument 1 for Think\Controller::assign(), called in E:\freehost\www\linshikongjian\web\Application\Home\Controller\ProjectController.class.php on line 19 and defined E:\freehost\www\linshikongjian\web\ThinkPHP\Library\Think\Controller.class.php 第 121 行.
NOTIC: [8] Undefined variable: name E:\freehost\www\linshikongjian\web\ThinkPHP\Library\Think\Controller.class.php 第 122 行.
NOTIC: [8] Undefined variable: category E:\freehost\www\linshikongjian\web\Application\Home\Controller\ProjectController.class.php 第 20 行.
INFO: [ view_parse ] --START--
INFO: [ template_filter ] --START--
INFO: Run Behavior\ContentReplace [ RunTime:0.000268s ]
INFO: [ template_filter ] --END-- [ RunTime:0.000462s ]
SQL: SHOW COLUMNS FROM `onethink_channel` [ RunTime:0.005212s ]
SQL: SELECT `id`,`pid`,`title`,`url`,`sort`,`create_time`,`update_time`,`status`,`target` FROM `onethink_channel` WHERE ( status=1 ) ORDER BY sort  [ RunTime:0.000303s ]
NOTIC: [8] Undefined variable: category E:\freehost\www\linshikongjian\web\Runtime\Cache\Home\5d133778d7de97e139009fa0c8819324.php 第 90 行.
SQL: SHOW COLUMNS FROM `onethink_category` [ RunTime:0.005265s ]
SQL: SELECT `id`,`name`,`pid`,`title`,`link_id` FROM `onethink_category` WHERE ( `status` = 1 ) ORDER BY sort  [ RunTime:0.000320s ]
NOTIC: [8] Undefined index: _ E:\freehost\www\linshikongjian\web\Application\Home\Widget\CategoryWidget.class.php 第 25 行.
INFO: [ view_parse ] --START--
INFO: [ template_filter ] --START--
INFO: Run Behavior\ContentReplace [ RunTime:0.000102s ]
INFO: [ template_filter ] --END-- [ RunTime:-0.026698s ]
INFO: Run Behavior\ParseTemplate [ RunTime:0.008082s ]
INFO: [ view_parse ] --END-- [ RunTime:0.008237s ]
INFO: [ view_filter ] --START--
INFO: Run Behavior\WriteHtmlCache [ RunTime:0.000543s ]
INFO: [ view_filter ] --END-- [ RunTime:0.000671s ]
INFO: Run Behavior\ParseTemplate [ RunTime:0.009139s ]
INFO: [ view_parse ] --END-- [ RunTime:0.008237s ]
INFO: [ view_filter ] --START--
INFO: Run Behavior\WriteHtmlCache [ RunTime:0.000024s ]
INFO: [ view_filter ] --END-- [ RunTime:-0.000361s ]
INFO: [ app_end ] --START--
INFO: Run Behavior\ShowPageTrace [ RunTime:0.001083s ]
INFO: [ app_end ] --END-- [ RunTime:0.001206s ]

[ 2016-04-06T17:34:27+08:00 ] 218.91.152.220 /index.php?s=/home/project/index.html
NOTIC: [2] Missing argument 1 for Think\Controller::assign(), called in E:\freehost\www\linshikongjian\web\Application\Home\Controller\ProjectController.class.php on line 19 and defined E:\freehost\www\linshikongjian\web\ThinkPHP\Library\Think\Controller.class.php 第 121 行.
NOTIC: [8] Undefined variable: name E:\freehost\www\linshikongjian\web\ThinkPHP\Library\Think\Controller.class.php 第 122 行.
NOTIC: [8] Undefined variable: category E:\freehost\www\linshikongjian\web\Application\Home\Controller\ProjectController.class.php 第 20 行.
INFO: [ view_parse ] --START--
INFO: [ template_filter ] --START--
INFO: Run Behavior\ContentReplace [ RunTime:0.000260s ]
INFO: [ template_filter ] --END-- [ RunTime:0.000416s ]
SQL: SHOW COLUMNS FROM `onethink_channel` [ RunTime:0.005206s ]
SQL: SELECT `id`,`pid`,`title`,`url`,`sort`,`create_time`,`update_time`,`status`,`target` FROM `onethink_channel` WHERE ( status=1 ) ORDER BY sort  [ RunTime:0.000306s ]
NOTIC: [8] Undefined variable: category E:\freehost\www\linshikongjian\web\Runtime\Cache\Home\5d133778d7de97e139009fa0c8819324.php 第 90 行.
SQL: SHOW COLUMNS FROM `onethink_category` [ RunTime:0.005349s ]
SQL: SELECT `id`,`name`,`pid`,`title`,`link_id` FROM `onethink_category` WHERE ( `status` = 1 ) ORDER BY sort  [ RunTime:0.000389s ]
NOTIC: [8] Undefined index: _ E:\freehost\www\linshikongjian\web\Application\Home\Widget\CategoryWidget.class.php 第 25 行.
INFO: [ view_parse ] --START--
INFO: [ template_filter ] --START--
INFO: Run Behavior\ContentReplace [ RunTime:0.000101s ]
INFO: [ template_filter ] --END-- [ RunTime:-0.026847s ]
INFO: Run Behavior\ParseTemplate [ RunTime:0.008180s ]
INFO: [ view_parse ] --END-- [ RunTime:0.008333s ]
INFO: [ view_filter ] --START--
INFO: Run Behavior\WriteHtmlCache [ RunTime:0.000505s ]
INFO: [ view_filter ] --END-- [ RunTime:0.000629s ]
INFO: Run Behavior\ParseTemplate [ RunTime:0.009146s ]
INFO: [ view_parse ] --END-- [ RunTime:0.008333s ]
INFO: [ view_filter ] --START--
INFO: Run Behavior\WriteHtmlCache [ RunTime:0.000037s ]
INFO: [ view_filter ] --END-- [ RunTime:-0.000299s ]
INFO: [ app_end ] --START--
INFO: Run Behavior\ShowPageTrace [ RunTime:0.001048s ]
INFO: [ app_end ] --END-- [ RunTime:0.001172s ]

[ 2016-04-06T17:35:35+08:00 ] 218.91.152.220 /index.php?s=/Admin/Config/group.html
SQL: SHOW COLUMNS FROM `onethink_menu` [ RunTime:0.005518s ]
SQL: SELECT * FROM `onethink_menu` WHERE ( `pid` = 0 ) AND ( `hide` = 0 ) ORDER BY sort asc  [ RunTime:0.000494s ]
SQL: SELECT `id` FROM `onethink_menu` WHERE ( url like '%Config/group%' ) LIMIT 1   [ RunTime:0.000333s ]
SQL: SHOW COLUMNS FROM `onethink_menu` [ RunTime:0.004930s ]
SQL: SELECT `id`,`pid`,`title` FROM `onethink_menu` WHERE ( id=68 ) LIMIT 1   [ RunTime:0.000351s ]
SQL: SELECT DISTINCT  `group` FROM `onethink_menu` WHERE ( pid = 68 )  [ RunTime:0.000332s ]
SQL: SELECT `id`,`url` FROM `onethink_menu` WHERE ( `pid` = 68 ) AND ( `hide` = 0 )  [ RunTime:0.000372s ]
SQL: SELECT `id`,`pid`,`title`,`url`,`tip` FROM `onethink_menu` WHERE ( `group` = '系统设置' ) AND ( `pid` = 68 ) AND ( `hide` = 0 ) ORDER BY sort asc  [ RunTime:0.000402s ]
SQL: SELECT `id`,`pid`,`title`,`url`,`tip` FROM `onethink_menu` WHERE ( `group` = '' ) AND ( `pid` = 68 ) AND ( `hide` = 0 ) ORDER BY sort asc  [ RunTime:0.000318s ]
SQL: SELECT `id`,`pid`,`title`,`url`,`tip` FROM `onethink_menu` WHERE ( `group` = '数据备份' ) AND ( `pid` = 68 ) AND ( `hide` = 0 ) ORDER BY sort asc  [ RunTime:0.000285s ]
SQL: SHOW COLUMNS FROM `onethink_config` [ RunTime:0.005024s ]
SQL: SELECT `id`,`name`,`title`,`extra`,`value`,`remark`,`type` FROM `onethink_config` WHERE ( `status` = 1 ) AND ( `group` = 1 ) ORDER BY sort  [ RunTime:0.000415s ]
INFO: [ view_parse ] --START--
INFO: [ template_filter ] --START--
INFO: Run Behavior\ContentReplace [ RunTime:0.000444s ]
INFO: [ template_filter ] --END-- [ RunTime:0.000661s ]
INFO: Run Behavior\ParseTemplate [ RunTime:0.043772s ]
INFO: [ view_parse ] --END-- [ RunTime:0.044002s ]
INFO: [ view_filter ] --START--
INFO: Run Behavior\WriteHtmlCache [ RunTime:0.000837s ]
INFO: [ view_filter ] --END-- [ RunTime:0.001003s ]
INFO: [ app_end ] --START--
INFO: Run Behavior\ShowPageTrace [ RunTime:0.001254s ]
INFO: [ app_end ] --END-- [ RunTime:0.001393s ]

[ 2016-04-06T17:35:42+08:00 ] 218.91.152.220 /index.php?s=/Admin/Config/group/id/2.html
SQL: SHOW COLUMNS FROM `onethink_menu` [ RunTime:0.004951s ]
SQL: SELECT * FROM `onethink_menu` WHERE ( `pid` = 0 ) AND ( `hide` = 0 ) ORDER BY sort asc  [ RunTime:0.000344s ]
SQL: SELECT `id` FROM `onethink_menu` WHERE ( url like '%Config/group%' ) LIMIT 1   [ RunTime:0.000259s ]
SQL: SHOW COLUMNS FROM `onethink_menu` [ RunTime:0.004751s ]
SQL: SELECT `id`,`pid`,`title` FROM `onethink_menu` WHERE ( id=68 ) LIMIT 1   [ RunTime:0.000283s ]
SQL: SELECT DISTINCT  `group` FROM `onethink_menu` WHERE ( pid = 68 )  [ RunTime:0.000256s ]
SQL: SELECT `id`,`url` FROM `onethink_menu` WHERE ( `pid` = 68 ) AND ( `hide` = 0 )  [ RunTime:0.000282s ]
SQL: SELECT `id`,`pid`,`title`,`url`,`tip` FROM `onethink_menu` WHERE ( `group` = '系统设置' ) AND ( `pid` = 68 ) AND ( `hide` = 0 ) ORDER BY sort asc  [ RunTime:0.000314s ]
SQL: SELECT `id`,`pid`,`title`,`url`,`tip` FROM `onethink_menu` WHERE ( `group` = '' ) AND ( `pid` = 68 ) AND ( `hide` = 0 ) ORDER BY sort asc  [ RunTime:0.000274s ]
SQL: SELECT `id`,`pid`,`title`,`url`,`tip` FROM `onethink_menu` WHERE ( `group` = '数据备份' ) AND ( `pid` = 68 ) AND ( `hide` = 0 ) ORDER BY sort asc  [ RunTime:0.000297s ]
SQL: SHOW COLUMNS FROM `onethink_config` [ RunTime:0.004921s ]
SQL: SELECT `id`,`name`,`title`,`extra`,`value`,`remark`,`type` FROM `onethink_config` WHERE ( `status` = 1 ) AND ( `group` = 2 ) ORDER BY sort  [ RunTime:0.000367s ]
INFO: [ view_parse ] --START--
INFO: [ template_filter ] --START--
INFO: Run Behavior\ContentReplace [ RunTime:0.000143s ]
INFO: [ template_filter ] --END-- [ RunTime:0.000199s ]
INFO: Run Behavior\ParseTemplate [ RunTime:0.024493s ]
INFO: [ view_parse ] --END-- [ RunTime:0.024604s ]
INFO: [ view_filter ] --START--
INFO: Run Behavior\WriteHtmlCache [ RunTime:0.000202s ]
INFO: [ view_filter ] --END-- [ RunTime:0.000249s ]
INFO: [ app_end ] --START--
INFO: Run Behavior\ShowPageTrace [ RunTime:0.000385s ]
INFO: [ app_end ] --END-- [ RunTime:0.000434s ]

[ 2016-04-06T17:35:49+08:00 ] 218.91.152.220 /index.php?s=/Admin/Config/group/id/3.html
SQL: SHOW COLUMNS FROM `onethink_menu` [ RunTime:0.005496s ]
SQL: SELECT * FROM `onethink_menu` WHERE ( `pid` = 0 ) AND ( `hide` = 0 ) ORDER BY sort asc  [ RunTime:0.000367s ]
SQL: SELECT `id` FROM `onethink_menu` WHERE ( url like '%Config/group%' ) LIMIT 1   [ RunTime:0.000258s ]
SQL: SHOW COLUMNS FROM `onethink_menu` [ RunTime:0.004914s ]
SQL: SELECT `id`,`pid`,`title` FROM `onethink_menu` WHERE ( id=68 ) LIMIT 1   [ RunTime:0.000282s ]
SQL: SELECT DISTINCT  `group` FROM `onethink_menu` WHERE ( pid = 68 )  [ RunTime:0.000255s ]
SQL: SELECT `id`,`url` FROM `onethink_menu` WHERE ( `pid` = 68 ) AND ( `hide` = 0 )  [ RunTime:0.000346s ]
SQL: SELECT `id`,`pid`,`title`,`url`,`tip` FROM `onethink_menu` WHERE ( `group` = '系统设置' ) AND ( `pid` = 68 ) AND ( `hide` = 0 ) ORDER BY sort asc  [ RunTime:0.000374s ]
SQL: SELECT `id`,`pid`,`title`,`url`,`tip` FROM `onethink_menu` WHERE ( `group` = '' ) AND ( `pid` = 68 ) AND ( `hide` = 0 ) ORDER BY sort asc  [ RunTime:0.000305s ]
SQL: SELECT `id`,`pid`,`title`,`url`,`tip` FROM `onethink_menu` WHERE ( `group` = '数据备份' ) AND ( `pid` = 68 ) AND ( `hide` = 0 ) ORDER BY sort asc  [ RunTime:0.000311s ]
SQL: SHOW COLUMNS FROM `onethink_config` [ RunTime:0.004988s ]
SQL: SELECT `id`,`name`,`title`,`extra`,`value`,`remark`,`type` FROM `onethink_config` WHERE ( `status` = 1 ) AND ( `group` = 3 ) ORDER BY sort  [ RunTime:0.000347s ]
INFO: [ view_parse ] --START--
INFO: [ template_filter ] --START--
INFO: Run Behavior\ContentReplace [ RunTime:0.000367s ]
INFO: [ template_filter ] --END-- [ RunTime:0.000516s ]
INFO: Run Behavior\ParseTemplate [ RunTime:0.038783s ]
INFO: [ view_parse ] --END-- [ RunTime:0.038932s ]
INFO: [ view_filter ] --START--
INFO: Run Behavior\WriteHtmlCache [ RunTime:0.000518s ]
INFO: [ view_filter ] --END-- [ RunTime:0.000640s ]
INFO: [ app_end ] --START--
INFO: Run Behavior\ShowPageTrace [ RunTime:0.000976s ]
INFO: [ app_end ] --END-- [ RunTime:0.001111s ]

[ 2016-04-06T17:35:51+08:00 ] 218.91.152.220 /index.php?s=/Admin/Config/group/id/4.html
SQL: SHOW COLUMNS FROM `onethink_menu` [ RunTime:0.005353s ]
SQL: SELECT * FROM `onethink_menu` WHERE ( `pid` = 0 ) AND ( `hide` = 0 ) ORDER BY sort asc  [ RunTime:0.000442s ]
SQL: SELECT `id` FROM `onethink_menu` WHERE ( url like '%Config/group%' ) LIMIT 1   [ RunTime:0.000304s ]
SQL: SHOW COLUMNS FROM `onethink_menu` [ RunTime:0.005154s ]
SQL: SELECT `id`,`pid`,`title` FROM `onethink_menu` WHERE ( id=68 ) LIMIT 1   [ RunTime:0.000288s ]
SQL: SELECT DISTINCT  `group` FROM `onethink_menu` WHERE ( pid = 68 )  [ RunTime:0.000257s ]
SQL: SELECT `id`,`url` FROM `onethink_menu` WHERE ( `pid` = 68 ) AND ( `hide` = 0 )  [ RunTime:0.000364s ]
SQL: SELECT `id`,`pid`,`title`,`url`,`tip` FROM `onethink_menu` WHERE ( `group` = '系统设置' ) AND ( `pid` = 68 ) AND ( `hide` = 0 ) ORDER BY sort asc  [ RunTime:0.000330s ]
SQL: SELECT `id`,`pid`,`title`,`url`,`tip` FROM `onethink_menu` WHERE ( `group` = '' ) AND ( `pid` = 68 ) AND ( `hide` = 0 ) ORDER BY sort asc  [ RunTime:0.000292s ]
SQL: SELECT `id`,`pid`,`title`,`url`,`tip` FROM `onethink_menu` WHERE ( `group` = '数据备份' ) AND ( `pid` = 68 ) AND ( `hide` = 0 ) ORDER BY sort asc  [ RunTime:0.000288s ]
SQL: SHOW COLUMNS FROM `onethink_config` [ RunTime:0.005068s ]
SQL: SELECT `id`,`name`,`title`,`extra`,`value`,`remark`,`type` FROM `onethink_config` WHERE ( `status` = 1 ) AND ( `group` = 4 ) ORDER BY sort  [ RunTime:0.000393s ]
INFO: [ view_parse ] --START--
INFO: [ template_filter ] --START--
INFO: Run Behavior\ContentReplace [ RunTime:0.000369s ]
INFO: [ template_filter ] --END-- [ RunTime:0.000519s ]
INFO: Run Behavior\ParseTemplate [ RunTime:0.040199s ]
INFO: [ view_parse ] --END-- [ RunTime:0.040349s ]
INFO: [ view_filter ] --START--
INFO: Run Behavior\WriteHtmlCache [ RunTime:0.000519s ]
INFO: [ view_filter ] --END-- [ RunTime:0.000642s ]
INFO: [ app_end ] --START--
INFO: Run Behavior\ShowPageTrace [ RunTime:0.000957s ]
INFO: [ app_end ] --END-- [ RunTime:0.001090s ]

[ 2016-04-06T17:35:58+08:00 ] 218.91.152.220 /index.php?s=/Admin/Addons/index.html
SQL: SHOW COLUMNS FROM `onethink_menu` [ RunTime:0.004972s ]
SQL: SELECT * FROM `onethink_menu` WHERE ( `pid` = 0 ) AND ( `hide` = 0 ) ORDER BY sort asc  [ RunTime:0.000350s ]
SQL: SELECT `id` FROM `onethink_menu` WHERE ( url like '%Addons/index%' ) LIMIT 1   [ RunTime:0.000275s ]
SQL: SHOW COLUMNS FROM `onethink_menu` [ RunTime:0.007673s ]
SQL: SELECT `id`,`pid`,`title` FROM `onethink_menu` WHERE ( id=43 ) LIMIT 1   [ RunTime:0.000332s ]
SQL: SELECT DISTINCT  `group` FROM `onethink_menu` WHERE ( pid = 43 )  [ RunTime:0.000529s ]
SQL: SELECT `id`,`url` FROM `onethink_menu` WHERE ( `pid` = 43 ) AND ( `hide` = 0 )  [ RunTime:0.000320s ]
SQL: SELECT `id`,`pid`,`title`,`url`,`tip` FROM `onethink_menu` WHERE ( `group` = '扩展' ) AND ( `pid` = 43 ) AND ( `hide` = 0 ) ORDER BY sort asc  [ RunTime:0.000386s ]
SQL: SELECT `id`,`name`,`title`,`description`,`status`,`config`,`author`,`version`,`create_time`,`has_adminlist` FROM `onethink_addons` WHERE ( `name` IN ('Attachment','DevTeam','Editor','EditorForAdmin','SiteStat','SocialComment','SystemInfo') )  [ RunTime:0.000483s ]
INFO: [ view_parse ] --START--
INFO: [ template_filter ] --START--
INFO: Run Behavior\ContentReplace [ RunTime:0.000375s ]
INFO: [ template_filter ] --END-- [ RunTime:0.000534s ]
SQL: SHOW COLUMNS FROM `onethink_addons` [ RunTime:0.006314s ]
SQL: SELECT `config` FROM `onethink_addons` WHERE ( `name` = 'Attachment' ) AND ( `status` = 1 ) LIMIT 1   [ RunTime:0.000281s ]
SQL: SELECT `config` FROM `onethink_addons` WHERE ( `name` = 'SocialComment' ) AND ( `status` = 1 ) LIMIT 1   [ RunTime:0.000284s ]
SQL: SELECT `config` FROM `onethink_addons` WHERE ( `name` = 'Editor' ) AND ( `status` = 1 ) LIMIT 1   [ RunTime:0.000291s ]
SQL: SELECT `config` FROM `onethink_addons` WHERE ( `name` = 'SystemInfo' ) AND ( `status` = 1 ) LIMIT 1   [ RunTime:0.000271s ]
SQL: SELECT `config` FROM `onethink_addons` WHERE ( `name` = 'SiteStat' ) AND ( `status` = 1 ) LIMIT 1   [ RunTime:0.000266s ]
SQL: SELECT `config` FROM `onethink_addons` WHERE ( `name` = 'DevTeam' ) AND ( `status` = 1 ) LIMIT 1   [ RunTime:0.000282s ]
SQL: SELECT `config` FROM `onethink_addons` WHERE ( `name` = 'EditorForAdmin' ) AND ( `status` = 1 ) LIMIT 1   [ RunTime:0.000270s ]
INFO: Run Behavior\ParseTemplate [ RunTime:0.070035s ]
INFO: [ view_parse ] --END-- [ RunTime:0.070180s ]
INFO: [ view_filter ] --START--
INFO: Run Behavior\WriteHtmlCache [ RunTime:0.000551s ]
INFO: [ view_filter ] --END-- [ RunTime:0.000674s ]
INFO: [ app_end ] --START--
INFO: Run Behavior\ShowPageTrace [ RunTime:0.000974s ]
INFO: [ app_end ] --END-- [ RunTime:0.001109s ]

[ 2016-04-06T17:36:01+08:00 ] 218.91.152.220 /index.php?s=/Admin/Config/group.html
SQL: SHOW COLUMNS FROM `onethink_menu` [ RunTime:0.005685s ]
SQL: SELECT * FROM `onethink_menu` WHERE ( `pid` = 0 ) AND ( `hide` = 0 ) ORDER BY sort asc  [ RunTime:0.000358s ]
SQL: SELECT `id` FROM `onethink_menu` WHERE ( url like '%Config/group%' ) LIMIT 1   [ RunTime:0.000269s ]
SQL: SHOW COLUMNS FROM `onethink_menu` [ RunTime:0.009892s ]
SQL: SELECT `id`,`pid`,`title` FROM `onethink_menu` WHERE ( id=68 ) LIMIT 1   [ RunTime:0.000378s ]
SQL: SELECT DISTINCT  `group` FROM `onethink_menu` WHERE ( pid = 68 )  [ RunTime:0.000326s ]
SQL: SELECT `id`,`url` FROM `onethink_menu` WHERE ( `pid` = 68 ) AND ( `hide` = 0 )  [ RunTime:0.000284s ]
SQL: SELECT `id`,`pid`,`title`,`url`,`tip` FROM `onethink_menu` WHERE ( `group` = '系统设置' ) AND ( `pid` = 68 ) AND ( `hide` = 0 ) ORDER BY sort asc  [ RunTime:0.000312s ]
SQL: SELECT `id`,`pid`,`title`,`url`,`tip` FROM `onethink_menu` WHERE ( `group` = '' ) AND ( `pid` = 68 ) AND ( `hide` = 0 ) ORDER BY sort asc  [ RunTime:0.000273s ]
SQL: SELECT `id`,`pid`,`title`,`url`,`tip` FROM `onethink_menu` WHERE ( `group` = '数据备份' ) AND ( `pid` = 68 ) AND ( `hide` = 0 ) ORDER BY sort asc  [ RunTime:0.000446s ]
SQL: SHOW COLUMNS FROM `onethink_config` [ RunTime:0.005685s ]
SQL: SELECT `id`,`name`,`title`,`extra`,`value`,`remark`,`type` FROM `onethink_config` WHERE ( `status` = 1 ) AND ( `group` = 1 ) ORDER BY sort  [ RunTime:0.000347s ]
INFO: [ view_parse ] --START--
INFO: [ template_filter ] --START--
INFO: Run Behavior\ContentReplace [ RunTime:0.000410s ]
INFO: [ template_filter ] --END-- [ RunTime:0.000576s ]
INFO: Run Behavior\ParseTemplate [ RunTime:0.039868s ]
INFO: [ view_parse ] --END-- [ RunTime:0.040017s ]
INFO: [ view_filter ] --START--
INFO: Run Behavior\WriteHtmlCache [ RunTime:0.000529s ]
INFO: [ view_filter ] --END-- [ RunTime:0.000692s ]
INFO: [ app_end ] --START--
INFO: Run Behavior\ShowPageTrace [ RunTime:0.000999s ]
INFO: [ app_end ] --END-- [ RunTime:0.001131s ]

[ 2016-04-06T17:36:03+08:00 ] 218.91.152.220 /index.php?s=/Admin/Config/group/id/5.html
SQL: SHOW COLUMNS FROM `onethink_menu` [ RunTime:0.005208s ]
SQL: SELECT * FROM `onethink_menu` WHERE ( `pid` = 0 ) AND ( `hide` = 0 ) ORDER BY sort asc  [ RunTime:0.000340s ]
SQL: SELECT `id` FROM `onethink_menu` WHERE ( url like '%Config/group%' ) LIMIT 1   [ RunTime:0.000303s ]
SQL: SHOW COLUMNS FROM `onethink_menu` [ RunTime:0.004830s ]
SQL: SELECT `id`,`pid`,`title` FROM `onethink_menu` WHERE ( id=68 ) LIMIT 1   [ RunTime:0.000279s ]
SQL: SELECT DISTINCT  `group` FROM `onethink_menu` WHERE ( pid = 68 )  [ RunTime:0.000249s ]
SQL: SELECT `id`,`url` FROM `onethink_menu` WHERE ( `pid` = 68 ) AND ( `hide` = 0 )  [ RunTime:0.000279s ]
SQL: SELECT `id`,`pid`,`title`,`url`,`tip` FROM `onethink_menu` WHERE ( `group` = '系统设置' ) AND ( `pid` = 68 ) AND ( `hide` = 0 ) ORDER BY sort asc  [ RunTime:0.000305s ]
SQL: SELECT `id`,`pid`,`title`,`url`,`tip` FROM `onethink_menu` WHERE ( `group` = '' ) AND ( `pid` = 68 ) AND ( `hide` = 0 ) ORDER BY sort asc  [ RunTime:0.000284s ]
SQL: SELECT `id`,`pid`,`title`,`url`,`tip` FROM `onethink_menu` WHERE ( `group` = '数据备份' ) AND ( `pid` = 68 ) AND ( `hide` = 0 ) ORDER BY sort asc  [ RunTime:0.000284s ]
SQL: SHOW COLUMNS FROM `onethink_config` [ RunTime:0.005877s ]
SQL: SELECT `id`,`name`,`title`,`extra`,`value`,`remark`,`type` FROM `onethink_config` WHERE ( `status` = 1 ) AND ( `group` = 5 ) ORDER BY sort  [ RunTime:0.000334s ]
INFO: [ view_parse ] --START--
INFO: [ template_filter ] --START--
INFO: Run Behavior\ContentReplace [ RunTime:0.000370s ]
INFO: [ template_filter ] --END-- [ RunTime:0.000531s ]
INFO: Run Behavior\ParseTemplate [ RunTime:0.038970s ]
INFO: [ view_parse ] --END-- [ RunTime:0.039119s ]
INFO: [ view_filter ] --START--
INFO: Run Behavior\WriteHtmlCache [ RunTime:0.000562s ]
INFO: [ view_filter ] --END-- [ RunTime:0.000814s ]
INFO: [ app_end ] --START--
INFO: Run Behavior\ShowPageTrace [ RunTime:0.000965s ]
INFO: [ app_end ] --END-- [ RunTime:0.001096s ]

[ 2016-04-06T17:36:06+08:00 ] 218.91.152.220 /index.php?s=/Admin/Config/group/id/4.html
SQL: SHOW COLUMNS FROM `onethink_menu` [ RunTime:0.008044s ]
SQL: SELECT * FROM `onethink_menu` WHERE ( `pid` = 0 ) AND ( `hide` = 0 ) ORDER BY sort asc  [ RunTime:0.000413s ]
SQL: SELECT `id` FROM `onethink_menu` WHERE ( url like '%Config/group%' ) LIMIT 1   [ RunTime:0.000327s ]
SQL: SHOW COLUMNS FROM `onethink_menu` [ RunTime:0.006161s ]
SQL: SELECT `id`,`pid`,`title` FROM `onethink_menu` WHERE ( id=68 ) LIMIT 1   [ RunTime:0.000294s ]
SQL: SELECT DISTINCT  `group` FROM `onethink_menu` WHERE ( pid = 68 )  [ RunTime:0.000265s ]
SQL: SELECT `id`,`url` FROM `onethink_menu` WHERE ( `pid` = 68 ) AND ( `hide` = 0 )  [ RunTime:0.000285s ]
SQL: SELECT `id`,`pid`,`title`,`url`,`tip` FROM `onethink_menu` WHERE ( `group` = '系统设置' ) AND ( `pid` = 68 ) AND ( `hide` = 0 ) ORDER BY sort asc  [ RunTime:0.000332s ]
SQL: SELECT `id`,`pid`,`title`,`url`,`tip` FROM `onethink_menu` WHERE ( `group` = '' ) AND ( `pid` = 68 ) AND ( `hide` = 0 ) ORDER BY sort asc  [ RunTime:0.000334s ]
SQL: SELECT `id`,`pid`,`title`,`url`,`tip` FROM `onethink_menu` WHERE ( `group` = '数据备份' ) AND ( `pid` = 68 ) AND ( `hide` = 0 ) ORDER BY sort asc  [ RunTime:0.000290s ]
SQL: SHOW COLUMNS FROM `onethink_config` [ RunTime:0.004837s ]
SQL: SELECT `id`,`name`,`title`,`extra`,`value`,`remark`,`type` FROM `onethink_config` WHERE ( `status` = 1 ) AND ( `group` = 4 ) ORDER BY sort  [ RunTime:0.000483s ]
INFO: [ view_parse ] --START--
INFO: [ template_filter ] --START--
INFO: Run Behavior\ContentReplace [ RunTime:0.000375s ]
INFO: [ template_filter ] --END-- [ RunTime:0.000531s ]
INFO: Run Behavior\ParseTemplate [ RunTime:0.040835s ]
INFO: [ view_parse ] --END-- [ RunTime:0.041040s ]
INFO: [ view_filter ] --START--
INFO: Run Behavior\WriteHtmlCache [ RunTime:0.000578s ]
INFO: [ view_filter ] --END-- [ RunTime:0.000702s ]
INFO: [ app_end ] --START--
INFO: Run Behavior\ShowPageTrace [ RunTime:0.001023s ]
INFO: [ app_end ] --END-- [ RunTime:0.001171s ]

[ 2016-04-06T17:36:07+08:00 ] 218.91.152.220 /index.php?s=/Admin/Config/group/id/3.html
SQL: SHOW COLUMNS FROM `onethink_menu` [ RunTime:0.005362s ]
SQL: SELECT * FROM `onethink_menu` WHERE ( `pid` = 0 ) AND ( `hide` = 0 ) ORDER BY sort asc  [ RunTime:0.000341s ]
SQL: SELECT `id` FROM `onethink_menu` WHERE ( url like '%Config/group%' ) LIMIT 1   [ RunTime:0.000263s ]
SQL: SHOW COLUMNS FROM `onethink_menu` [ RunTime:0.007266s ]
SQL: SELECT `id`,`pid`,`title` FROM `onethink_menu` WHERE ( id=68 ) LIMIT 1   [ RunTime:0.000352s ]
SQL: SELECT DISTINCT  `group` FROM `onethink_menu` WHERE ( pid = 68 )  [ RunTime:0.000316s ]
SQL: SELECT `id`,`url` FROM `onethink_menu` WHERE ( `pid` = 68 ) AND ( `hide` = 0 )  [ RunTime:0.000343s ]
SQL: SELECT `id`,`pid`,`title`,`url`,`tip` FROM `onethink_menu` WHERE ( `group` = '系统设置' ) AND ( `pid` = 68 ) AND ( `hide` = 0 ) ORDER BY sort asc  [ RunTime:0.000369s ]
SQL: SELECT `id`,`pid`,`title`,`url`,`tip` FROM `onethink_menu` WHERE ( `group` = '' ) AND ( `pid` = 68 ) AND ( `hide` = 0 ) ORDER BY sort asc  [ RunTime:0.000336s ]
SQL: SELECT `id`,`pid`,`title`,`url`,`tip` FROM `onethink_menu` WHERE ( `group` = '数据备份' ) AND ( `pid` = 68 ) AND ( `hide` = 0 ) ORDER BY sort asc  [ RunTime:0.000337s ]
SQL: SHOW COLUMNS FROM `onethink_config` [ RunTime:0.005853s ]
SQL: SELECT `id`,`name`,`title`,`extra`,`value`,`remark`,`type` FROM `onethink_config` WHERE ( `status` = 1 ) AND ( `group` = 3 ) ORDER BY sort  [ RunTime:0.000337s ]
INFO: [ view_parse ] --START--
INFO: [ template_filter ] --START--
INFO: Run Behavior\ContentReplace [ RunTime:0.000366s ]
INFO: [ template_filter ] --END-- [ RunTime:0.000519s ]
INFO: Run Behavior\ParseTemplate [ RunTime:0.038896s ]
INFO: [ view_parse ] --END-- [ RunTime:0.039046s ]
INFO: [ view_filter ] --START--
INFO: Run Behavior\WriteHtmlCache [ RunTime:0.000517s ]
INFO: [ view_filter ] --END-- [ RunTime:0.000638s ]
INFO: [ app_end ] --START--
INFO: Run Behavior\ShowPageTrace [ RunTime:0.000961s ]
INFO: [ app_end ] --END-- [ RunTime:0.001092s ]

[ 2016-04-06T17:36:09+08:00 ] 218.91.152.220 /index.php?s=/Admin/Config/group/id/4.html
SQL: SHOW COLUMNS FROM `onethink_menu` [ RunTime:0.008036s ]
SQL: SELECT * FROM `onethink_menu` WHERE ( `pid` = 0 ) AND ( `hide` = 0 ) ORDER BY sort asc  [ RunTime:0.000414s ]
SQL: SELECT `id` FROM `onethink_menu` WHERE ( url like '%Config/group%' ) LIMIT 1   [ RunTime:0.000312s ]
SQL: SHOW COLUMNS FROM `onethink_menu` [ RunTime:0.005566s ]
SQL: SELECT `id`,`pid`,`title` FROM `onethink_menu` WHERE ( id=68 ) LIMIT 1   [ RunTime:0.000370s ]
SQL: SELECT DISTINCT  `group` FROM `onethink_menu` WHERE ( pid = 68 )  [ RunTime:0.000355s ]
SQL: SELECT `id`,`url` FROM `onethink_menu` WHERE ( `pid` = 68 ) AND ( `hide` = 0 )  [ RunTime:0.000376s ]
SQL: SELECT `id`,`pid`,`title`,`url`,`tip` FROM `onethink_menu` WHERE ( `group` = '系统设置' ) AND ( `pid` = 68 ) AND ( `hide` = 0 ) ORDER BY sort asc  [ RunTime:0.000316s ]
SQL: SELECT `id`,`pid`,`title`,`url`,`tip` FROM `onethink_menu` WHERE ( `group` = '' ) AND ( `pid` = 68 ) AND ( `hide` = 0 ) ORDER BY sort asc  [ RunTime:0.000289s ]
SQL: SELECT `id`,`pid`,`title`,`url`,`tip` FROM `onethink_menu` WHERE ( `group` = '数据备份' ) AND ( `pid` = 68 ) AND ( `hide` = 0 ) ORDER BY sort asc  [ RunTime:0.000295s ]
SQL: SHOW COLUMNS FROM `onethink_config` [ RunTime:0.005073s ]
SQL: SELECT `id`,`name`,`title`,`extra`,`value`,`remark`,`type` FROM `onethink_config` WHERE ( `status` = 1 ) AND ( `group` = 4 ) ORDER BY sort  [ RunTime:0.000392s ]
INFO: [ view_parse ] --START--
INFO: [ template_filter ] --START--
INFO: Run Behavior\ContentReplace [ RunTime:0.000371s ]
INFO: [ template_filter ] --END-- [ RunTime:0.000616s ]
INFO: Run Behavior\ParseTemplate [ RunTime:0.039083s ]
INFO: [ view_parse ] --END-- [ RunTime:0.039240s ]
INFO: [ view_filter ] --START--
INFO: Run Behavior\WriteHtmlCache [ RunTime:0.000528s ]
INFO: [ view_filter ] --END-- [ RunTime:0.000652s ]
INFO: [ app_end ] --START--
INFO: Run Behavior\ShowPageTrace [ RunTime:0.000970s ]
INFO: [ app_end ] --END-- [ RunTime:0.001105s ]

[ 2016-04-06T17:36:11+08:00 ] 218.91.152.220 /index.php?s=/Admin/Config/group/id/5.html
SQL: SHOW COLUMNS FROM `onethink_menu` [ RunTime:0.005282s ]
SQL: SELECT * FROM `onethink_menu` WHERE ( `pid` = 0 ) AND ( `hide` = 0 ) ORDER BY sort asc  [ RunTime:0.000355s ]
SQL: SELECT `id` FROM `onethink_menu` WHERE ( url like '%Config/group%' ) LIMIT 1   [ RunTime:0.000263s ]
SQL: SHOW COLUMNS FROM `onethink_menu` [ RunTime:0.004825s ]
SQL: SELECT `id`,`pid`,`title` FROM `onethink_menu` WHERE ( id=68 ) LIMIT 1   [ RunTime:0.000289s ]
SQL: SELECT DISTINCT  `group` FROM `onethink_menu` WHERE ( pid = 68 )  [ RunTime:0.000257s ]
SQL: SELECT `id`,`url` FROM `onethink_menu` WHERE ( `pid` = 68 ) AND ( `hide` = 0 )  [ RunTime:0.000277s ]
SQL: SELECT `id`,`pid`,`title`,`url`,`tip` FROM `onethink_menu` WHERE ( `group` = '系统设置' ) AND ( `pid` = 68 ) AND ( `hide` = 0 ) ORDER BY sort asc  [ RunTime:0.000304s ]
SQL: SELECT `id`,`pid`,`title`,`url`,`tip` FROM `onethink_menu` WHERE ( `group` = '' ) AND ( `pid` = 68 ) AND ( `hide` = 0 ) ORDER BY sort asc  [ RunTime:0.000271s ]
SQL: SELECT `id`,`pid`,`title`,`url`,`tip` FROM `onethink_menu` WHERE ( `group` = '数据备份' ) AND ( `pid` = 68 ) AND ( `hide` = 0 ) ORDER BY sort asc  [ RunTime:0.000280s ]
SQL: SHOW COLUMNS FROM `onethink_config` [ RunTime:0.004805s ]
SQL: SELECT `id`,`name`,`title`,`extra`,`value`,`remark`,`type` FROM `onethink_config` WHERE ( `status` = 1 ) AND ( `group` = 5 ) ORDER BY sort  [ RunTime:0.000341s ]
INFO: [ view_parse ] --START--
INFO: [ template_filter ] --START--
INFO: Run Behavior\ContentReplace [ RunTime:0.000395s ]
INFO: [ template_filter ] --END-- [ RunTime:0.000541s ]
INFO: Run Behavior\ParseTemplate [ RunTime:0.041324s ]
INFO: [ view_parse ] --END-- [ RunTime:0.041473s ]
INFO: [ view_filter ] --START--
INFO: Run Behavior\WriteHtmlCache [ RunTime:0.000515s ]
INFO: [ view_filter ] --END-- [ RunTime:0.000637s ]
INFO: [ app_end ] --START--
INFO: Run Behavior\ShowPageTrace [ RunTime:0.000954s ]
INFO: [ app_end ] --END-- [ RunTime:0.001086s ]

[ 2016-04-06T17:36:17+08:00 ] 218.91.152.220 /index.php?s=/Admin/Addons/index.html
SQL: SHOW COLUMNS FROM `onethink_menu` [ RunTime:0.004648s ]
SQL: SELECT * FROM `onethink_menu` WHERE ( `pid` = 0 ) AND ( `hide` = 0 ) ORDER BY sort asc  [ RunTime:0.000384s ]
SQL: SELECT `id` FROM `onethink_menu` WHERE ( url like '%Addons/index%' ) LIMIT 1   [ RunTime:0.000312s ]
SQL: SHOW COLUMNS FROM `onethink_menu` [ RunTime:0.005135s ]
SQL: SELECT `id`,`pid`,`title` FROM `onethink_menu` WHERE ( id=43 ) LIMIT 1   [ RunTime:0.000292s ]
SQL: SELECT DISTINCT  `group` FROM `onethink_menu` WHERE ( pid = 43 )  [ RunTime:0.000267s ]
SQL: SELECT `id`,`url` FROM `onethink_menu` WHERE ( `pid` = 43 ) AND ( `hide` = 0 )  [ RunTime:0.000264s ]
SQL: SELECT `id`,`pid`,`title`,`url`,`tip` FROM `onethink_menu` WHERE ( `group` = '扩展' ) AND ( `pid` = 43 ) AND ( `hide` = 0 ) ORDER BY sort asc  [ RunTime:0.000283s ]
SQL: SELECT `id`,`name`,`title`,`description`,`status`,`config`,`author`,`version`,`create_time`,`has_adminlist` FROM `onethink_addons` WHERE ( `name` IN ('Attachment','DevTeam','Editor','EditorForAdmin','SiteStat','SocialComment','SystemInfo') )  [ RunTime:0.000401s ]
INFO: [ view_parse ] --START--
INFO: [ template_filter ] --START--
INFO: Run Behavior\ContentReplace [ RunTime:0.000361s ]
INFO: [ template_filter ] --END-- [ RunTime:0.000520s ]
SQL: SHOW COLUMNS FROM `onethink_addons` [ RunTime:0.005409s ]
SQL: SELECT `config` FROM `onethink_addons` WHERE ( `name` = 'Attachment' ) AND ( `status` = 1 ) LIMIT 1   [ RunTime:0.000263s ]
SQL: SELECT `config` FROM `onethink_addons` WHERE ( `name` = 'SocialComment' ) AND ( `status` = 1 ) LIMIT 1   [ RunTime:0.000276s ]
SQL: SELECT `config` FROM `onethink_addons` WHERE ( `name` = 'Editor' ) AND ( `status` = 1 ) LIMIT 1   [ RunTime:0.000270s ]
SQL: SELECT `config` FROM `onethink_addons` WHERE ( `name` = 'SystemInfo' ) AND ( `status` = 1 ) LIMIT 1   [ RunTime:0.000275s ]
SQL: SELECT `config` FROM `onethink_addons` WHERE ( `name` = 'SiteStat' ) AND ( `status` = 1 ) LIMIT 1   [ RunTime:0.000263s ]
SQL: SELECT `config` FROM `onethink_addons` WHERE ( `name` = 'DevTeam' ) AND ( `status` = 1 ) LIMIT 1   [ RunTime:0.000275s ]
SQL: SELECT `config` FROM `onethink_addons` WHERE ( `name` = 'EditorForAdmin' ) AND ( `status` = 1 ) LIMIT 1   [ RunTime:0.000266s ]
INFO: Run Behavior\ParseTemplate [ RunTime:0.058884s ]
INFO: [ view_parse ] --END-- [ RunTime:0.059029s ]
INFO: [ view_filter ] --START--
INFO: Run Behavior\WriteHtmlCache [ RunTime:0.000517s ]
INFO: [ view_filter ] --END-- [ RunTime:0.000639s ]
INFO: [ app_end ] --START--
INFO: Run Behavior\ShowPageTrace [ RunTime:0.000997s ]
INFO: [ app_end ] --END-- [ RunTime:0.001131s ]

[ 2016-04-06T17:36:19+08:00 ] 218.91.152.220 /index.php?s=/Admin/Config/group.html
SQL: SHOW COLUMNS FROM `onethink_menu` [ RunTime:0.005461s ]
SQL: SELECT * FROM `onethink_menu` WHERE ( `pid` = 0 ) AND ( `hide` = 0 ) ORDER BY sort asc  [ RunTime:0.000358s ]
SQL: SELECT `id` FROM `onethink_menu` WHERE ( url like '%Config/group%' ) LIMIT 1   [ RunTime:0.000279s ]
SQL: SHOW COLUMNS FROM `onethink_menu` [ RunTime:0.004905s ]
SQL: SELECT `id`,`pid`,`title` FROM `onethink_menu` WHERE ( id=68 ) LIMIT 1   [ RunTime:0.000297s ]
SQL: SELECT DISTINCT  `group` FROM `onethink_menu` WHERE ( pid = 68 )  [ RunTime:0.000318s ]
SQL: SELECT `id`,`url` FROM `onethink_menu` WHERE ( `pid` = 68 ) AND ( `hide` = 0 )  [ RunTime:0.000290s ]
SQL: SELECT `id`,`pid`,`title`,`url`,`tip` FROM `onethink_menu` WHERE ( `group` = '系统设置' ) AND ( `pid` = 68 ) AND ( `hide` = 0 ) ORDER BY sort asc  [ RunTime:0.000312s ]
SQL: SELECT `id`,`pid`,`title`,`url`,`tip` FROM `onethink_menu` WHERE ( `group` = '' ) AND ( `pid` = 68 ) AND ( `hide` = 0 ) ORDER BY sort asc  [ RunTime:0.000303s ]
SQL: SELECT `id`,`pid`,`title`,`url`,`tip` FROM `onethink_menu` WHERE ( `group` = '数据备份' ) AND ( `pid` = 68 ) AND ( `hide` = 0 ) ORDER BY sort asc  [ RunTime:0.000284s ]
SQL: SHOW COLUMNS FROM `onethink_config` [ RunTime:0.005309s ]
SQL: SELECT `id`,`name`,`title`,`extra`,`value`,`remark`,`type` FROM `onethink_config` WHERE ( `status` = 1 ) AND ( `group` = 1 ) ORDER BY sort  [ RunTime:0.000367s ]
INFO: [ view_parse ] --START--
INFO: [ template_filter ] --START--
INFO: Run Behavior\ContentReplace [ RunTime:0.000372s ]
INFO: [ template_filter ] --END-- [ RunTime:0.000525s ]
INFO: Run Behavior\ParseTemplate [ RunTime:0.039881s ]
INFO: [ view_parse ] --END-- [ RunTime:0.040031s ]
INFO: [ view_filter ] --START--
INFO: Run Behavior\WriteHtmlCache [ RunTime:0.000522s ]
INFO: [ view_filter ] --END-- [ RunTime:0.000643s ]
INFO: [ app_end ] --START--
INFO: Run Behavior\ShowPageTrace [ RunTime:0.000963s ]
INFO: [ app_end ] --END-- [ RunTime:0.001093s ]

[ 2016-04-06T17:47:44+08:00 ] 218.91.152.220 /index.php?s=/home/project/specialindex.html
NOTIC: [2] Missing argument 1 for Think\Controller::assign(), called in E:\freehost\www\linshikongjian\web\Application\Home\Controller\ProjectController.class.php on line 24 and defined E:\freehost\www\linshikongjian\web\ThinkPHP\Library\Think\Controller.class.php 第 121 行.
NOTIC: [8] Undefined variable: name E:\freehost\www\linshikongjian\web\ThinkPHP\Library\Think\Controller.class.php 第 122 行.
NOTIC: [8] Undefined variable: category E:\freehost\www\linshikongjian\web\Application\Home\Controller\ProjectController.class.php 第 25 行.
INFO: [ view_parse ] --START--
INFO: [ template_filter ] --START--
INFO: Run Behavior\ContentReplace [ RunTime:0.000278s ]
INFO: [ template_filter ] --END-- [ RunTime:0.000466s ]
SQL: SHOW COLUMNS FROM `onethink_channel` [ RunTime:0.006328s ]
SQL: SELECT `id`,`pid`,`title`,`url`,`sort`,`create_time`,`update_time`,`status`,`target` FROM `onethink_channel` WHERE ( status=1 ) ORDER BY sort  [ RunTime:0.000420s ]
NOTIC: [8] Undefined variable: category E:\freehost\www\linshikongjian\web\Runtime\Cache\Home\300b925655b72f3e20b2fef41d5d6adc.php 第 91 行.
SQL: SHOW COLUMNS FROM `onethink_category` [ RunTime:0.007158s ]
SQL: SELECT `pid` FROM `onethink_category` WHERE ( `name` = null ) LIMIT 1   [ RunTime:0.000454s ]
SQL: SELECT `id`,`name`,`pid`,`title`,`link_id` FROM `onethink_category` WHERE ( `pid` = null ) AND ( `status` = 1 ) ORDER BY sort  [ RunTime:0.000277s ]
INFO: [ view_parse ] --START--
INFO: [ template_filter ] --START--
INFO: Run Behavior\ContentReplace [ RunTime:0.000100s ]
INFO: [ template_filter ] --END-- [ RunTime:-0.034367s ]
INFO: Run Behavior\ParseTemplate [ RunTime:0.008614s ]
INFO: [ view_parse ] --END-- [ RunTime:0.008768s ]
INFO: [ view_filter ] --START--
INFO: Run Behavior\WriteHtmlCache [ RunTime:0.000862s ]
INFO: [ view_filter ] --END-- [ RunTime:0.001013s ]
INFO: Run Behavior\ParseTemplate [ RunTime:0.009968s ]
INFO: [ view_parse ] --END-- [ RunTime:0.008768s ]
INFO: [ view_filter ] --START--
INFO: Run Behavior\WriteHtmlCache [ RunTime:0.000022s ]
INFO: [ view_filter ] --END-- [ RunTime:-0.000311s ]
INFO: [ app_end ] --START--
INFO: Run Behavior\ShowPageTrace [ RunTime:0.001518s ]
INFO: [ app_end ] --END-- [ RunTime:0.001686s ]

[ 2016-04-06T17:47:56+08:00 ] 218.91.152.220 /index.php?s=/home/project/specialindex.html
NOTIC: [2] Missing argument 1 for Think\Controller::assign(), called in E:\freehost\www\linshikongjian\web\Application\Home\Controller\ProjectController.class.php on line 24 and defined E:\freehost\www\linshikongjian\web\ThinkPHP\Library\Think\Controller.class.php 第 121 行.
NOTIC: [8] Undefined variable: name E:\freehost\www\linshikongjian\web\ThinkPHP\Library\Think\Controller.class.php 第 122 行.
NOTIC: [8] Undefined variable: category E:\freehost\www\linshikongjian\web\Application\Home\Controller\ProjectController.class.php 第 25 行.
INFO: [ view_parse ] --START--
INFO: [ template_filter ] --START--
INFO: Run Behavior\ContentReplace [ RunTime:0.000266s ]
INFO: [ template_filter ] --END-- [ RunTime:0.000437s ]
SQL: SHOW COLUMNS FROM `onethink_channel` [ RunTime:0.005943s ]
SQL: SELECT `id`,`pid`,`title`,`url`,`sort`,`create_time`,`update_time`,`status`,`target` FROM `onethink_channel` WHERE ( status=1 ) ORDER BY sort  [ RunTime:0.000430s ]
NOTIC: [8] Undefined variable: category E:\freehost\www\linshikongjian\web\Runtime\Cache\Home\300b925655b72f3e20b2fef41d5d6adc.php 第 91 行.
SQL: SHOW COLUMNS FROM `onethink_category` [ RunTime:0.006586s ]
SQL: SELECT `pid` FROM `onethink_category` WHERE ( `name` = null ) LIMIT 1   [ RunTime:0.000279s ]
SQL: SELECT `id`,`name`,`pid`,`title`,`link_id` FROM `onethink_category` WHERE ( `pid` = null ) AND ( `status` = 1 ) ORDER BY sort  [ RunTime:0.000275s ]
INFO: [ view_parse ] --START--
INFO: [ template_filter ] --START--
INFO: Run Behavior\ContentReplace [ RunTime:0.000160s ]
INFO: [ template_filter ] --END-- [ RunTime:-0.033683s ]
INFO: Run Behavior\ParseTemplate [ RunTime:0.011991s ]
INFO: [ view_parse ] --END-- [ RunTime:0.012209s ]
INFO: [ view_filter ] --START--
INFO: Run Behavior\WriteHtmlCache [ RunTime:0.001476s ]
INFO: [ view_filter ] --END-- [ RunTime:0.001706s ]
INFO: Run Behavior\ParseTemplate [ RunTime:0.014303s ]
INFO: [ view_parse ] --END-- [ RunTime:0.012209s ]
INFO: [ view_filter ] --START--
INFO: Run Behavior\WriteHtmlCache [ RunTime:0.000041s ]
INFO: [ view_filter ] --END-- [ RunTime:-0.000556s ]
INFO: [ app_end ] --START--
INFO: Run Behavior\ShowPageTrace [ RunTime:0.002327s ]
INFO: [ app_end ] --END-- [ RunTime:0.002549s ]

[ 2016-04-06T17:48:03+08:00 ] 218.91.152.220 /index.php?s=/home/project/specialindex.html
NOTIC: [2] Missing argument 1 for Think\Controller::assign(), called in E:\freehost\www\linshikongjian\web\Application\Home\Controller\ProjectController.class.php on line 24 and defined E:\freehost\www\linshikongjian\web\ThinkPHP\Library\Think\Controller.class.php 第 121 行.
NOTIC: [8] Undefined variable: name E:\freehost\www\linshikongjian\web\ThinkPHP\Library\Think\Controller.class.php 第 122 行.
NOTIC: [8] Undefined variable: category E:\freehost\www\linshikongjian\web\Application\Home\Controller\ProjectController.class.php 第 25 行.
INFO: [ view_parse ] --START--
INFO: [ template_filter ] --START--
INFO: Run Behavior\ContentReplace [ RunTime:0.000314s ]
INFO: [ template_filter ] --END-- [ RunTime:0.000499s ]
SQL: SHOW COLUMNS FROM `onethink_channel` [ RunTime:0.007357s ]
SQL: SELECT `id`,`pid`,`title`,`url`,`sort`,`create_time`,`update_time`,`status`,`target` FROM `onethink_channel` WHERE ( status=1 ) ORDER BY sort  [ RunTime:0.000356s ]
NOTIC: [8] Undefined variable: category E:\freehost\www\linshikongjian\web\Runtime\Cache\Home\300b925655b72f3e20b2fef41d5d6adc.php 第 91 行.
SQL: SHOW COLUMNS FROM `onethink_category` [ RunTime:0.006402s ]
SQL: SELECT `pid` FROM `onethink_category` WHERE ( `name` = null ) LIMIT 1   [ RunTime:0.000470s ]
SQL: SELECT `id`,`name`,`pid`,`title`,`link_id` FROM `onethink_category` WHERE ( `pid` = null ) AND ( `status` = 1 ) ORDER BY sort  [ RunTime:0.000329s ]
INFO: [ view_parse ] --START--
INFO: [ template_filter ] --START--
INFO: Run Behavior\ContentReplace [ RunTime:0.000101s ]
INFO: [ template_filter ] --END-- [ RunTime:-0.030791s ]
INFO: Run Behavior\ParseTemplate [ RunTime:0.008132s ]
INFO: [ view_parse ] --END-- [ RunTime:0.008282s ]
INFO: [ view_filter ] --START--
INFO: Run Behavior\WriteHtmlCache [ RunTime:0.000879s ]
INFO: [ view_filter ] --END-- [ RunTime:0.001008s ]
INFO: Run Behavior\ParseTemplate [ RunTime:0.009477s ]
INFO: [ view_parse ] --END-- [ RunTime:0.008282s ]
INFO: [ view_filter ] --START--
INFO: Run Behavior\WriteHtmlCache [ RunTime:0.000023s ]
INFO: [ view_filter ] --END-- [ RunTime:-0.000307s ]
INFO: [ app_end ] --START--
INFO: Run Behavior\ShowPageTrace [ RunTime:0.001456s ]
INFO: [ app_end ] --END-- [ RunTime:0.001581s ]

[ 2016-04-06T17:48:23+08:00 ] 218.91.152.220 /index.php?s=/home/project/index.html
NOTIC: [2] Missing argument 1 for Think\Controller::assign(), called in E:\freehost\www\linshikongjian\web\Application\Home\Controller\ProjectController.class.php on line 19 and defined E:\freehost\www\linshikongjian\web\ThinkPHP\Library\Think\Controller.class.php 第 121 行.
NOTIC: [8] Undefined variable: name E:\freehost\www\linshikongjian\web\ThinkPHP\Library\Think\Controller.class.php 第 122 行.
NOTIC: [8] Undefined variable: category E:\freehost\www\linshikongjian\web\Application\Home\Controller\ProjectController.class.php 第 20 行.
INFO: [ view_parse ] --START--
INFO: [ template_filter ] --START--
INFO: Run Behavior\ContentReplace [ RunTime:0.000257s ]
INFO: [ template_filter ] --END-- [ RunTime:0.000422s ]
SQL: SHOW COLUMNS FROM `onethink_channel` [ RunTime:0.005670s ]
SQL: SELECT `id`,`pid`,`title`,`url`,`sort`,`create_time`,`update_time`,`status`,`target` FROM `onethink_channel` WHERE ( status=1 ) ORDER BY sort  [ RunTime:0.000313s ]
NOTIC: [8] Undefined variable: category E:\freehost\www\linshikongjian\web\Runtime\Cache\Home\5d133778d7de97e139009fa0c8819324.php 第 91 行.
SQL: SHOW COLUMNS FROM `onethink_category` [ RunTime:0.006240s ]
SQL: SELECT `id`,`name`,`pid`,`title`,`link_id` FROM `onethink_category` WHERE ( `status` = 1 ) ORDER BY sort  [ RunTime:0.000299s ]
NOTIC: [8] Undefined index: _ E:\freehost\www\linshikongjian\web\Application\Home\Widget\CategoryWidget.class.php 第 25 行.
INFO: [ view_parse ] --START--
INFO: [ template_filter ] --START--
INFO: Run Behavior\ContentReplace [ RunTime:0.000098s ]
INFO: [ template_filter ] --END-- [ RunTime:-0.027910s ]
INFO: Run Behavior\ParseTemplate [ RunTime:0.008031s ]
INFO: [ view_parse ] --END-- [ RunTime:0.008182s ]
INFO: [ view_filter ] --START--
INFO: Run Behavior\WriteHtmlCache [ RunTime:0.000919s ]
INFO: [ view_filter ] --END-- [ RunTime:0.001040s ]
INFO: Run Behavior\ParseTemplate [ RunTime:0.009395s ]
INFO: [ view_parse ] --END-- [ RunTime:0.008182s ]
INFO: [ view_filter ] --START--
INFO: Run Behavior\WriteHtmlCache [ RunTime:0.000022s ]
INFO: [ view_filter ] --END-- [ RunTime:-0.000294s ]
INFO: [ app_end ] --START--
INFO: Run Behavior\ShowPageTrace [ RunTime:0.001442s ]
INFO: [ app_end ] --END-- [ RunTime:0.001567s ]

[ 2016-04-06T17:48:27+08:00 ] 218.91.152.220 /index.php?plg_nld=1&plg_uin=1&plg_auth=1&plg_usr=1&plg_dev=1&plg_vkey=1&plg_nld=1&s=%2Fhome%2Fproject%2Findex.html
NOTIC: [2] Missing argument 1 for Think\Controller::assign(), called in E:\freehost\www\linshikongjian\web\Application\Home\Controller\ProjectController.class.php on line 19 and defined E:\freehost\www\linshikongjian\web\ThinkPHP\Library\Think\Controller.class.php 第 121 行.
NOTIC: [8] Undefined variable: name E:\freehost\www\linshikongjian\web\ThinkPHP\Library\Think\Controller.class.php 第 122 行.
NOTIC: [8] Undefined variable: category E:\freehost\www\linshikongjian\web\Application\Home\Controller\ProjectController.class.php 第 20 行.
INFO: [ view_parse ] --START--
INFO: [ template_filter ] --START--
INFO: Run Behavior\ContentReplace [ RunTime:0.000256s ]
INFO: [ template_filter ] --END-- [ RunTime:0.000421s ]
SQL: SHOW COLUMNS FROM `onethink_channel` [ RunTime:0.006115s ]
SQL: SELECT `id`,`pid`,`title`,`url`,`sort`,`create_time`,`update_time`,`status`,`target` FROM `onethink_channel` WHERE ( status=1 ) ORDER BY sort  [ RunTime:0.000302s ]
NOTIC: [8] Undefined variable: category E:\freehost\www\linshikongjian\web\Runtime\Cache\Home\5d133778d7de97e139009fa0c8819324.php 第 91 行.
SQL: SHOW COLUMNS FROM `onethink_category` [ RunTime:0.005902s ]
SQL: SELECT `id`,`name`,`pid`,`title`,`link_id` FROM `onethink_category` WHERE ( `status` = 1 ) ORDER BY sort  [ RunTime:0.000314s ]
NOTIC: [8] Undefined index: _ E:\freehost\www\linshikongjian\web\Application\Home\Widget\CategoryWidget.class.php 第 25 行.
INFO: [ view_parse ] --START--
INFO: [ template_filter ] --START--
INFO: Run Behavior\ContentReplace [ RunTime:0.000120s ]
INFO: [ template_filter ] --END-- [ RunTime:-0.027969s ]
INFO: Run Behavior\ParseTemplate [ RunTime:0.008134s ]
INFO: [ view_parse ] --END-- [ RunTime:0.008292s ]
INFO: [ view_filter ] --START--
INFO: Run Behavior\WriteHtmlCache [ RunTime:0.000875s ]
INFO: [ view_filter ] --END-- [ RunTime:0.001001s ]
INFO: Run Behavior\ParseTemplate [ RunTime:0.009476s ]
INFO: [ view_parse ] --END-- [ RunTime:0.008292s ]
INFO: [ view_filter ] --START--
INFO: Run Behavior\WriteHtmlCache [ RunTime:0.000022s ]
INFO: [ view_filter ] --END-- [ RunTime:-0.000308s ]
INFO: [ app_end ] --START--
INFO: Run Behavior\ShowPageTrace [ RunTime:0.001401s ]
INFO: [ app_end ] --END-- [ RunTime:0.001525s ]

[ 2016-04-06T17:49:36+08:00 ] 218.91.152.220 /index.php?s=/Home/Index/index.html
SQL: SHOW COLUMNS FROM `onethink_category` [ RunTime:0.006959s ]
SQL: SELECT `id`,`name`,`title`,`pid`,`sort`,`list_row`,`meta_title`,`keywords`,`description`,`template_index`,`template_lists`,`template_detail`,`template_edit`,`model`,`type`,`link_id`,`allow_publish`,`display`,`reply`,`check`,`reply_model`,`extend`,`create_time`,`update_time`,`status`,`icon` FROM `onethink_category` WHERE ( `status` = 1 ) ORDER BY sort  [ RunTime:0.000389s ]
SQL: SHOW COLUMNS FROM `onethink_document` [ RunTime:0.006993s ]
SQL: SELECT `id`,`uid`,`name`,`title`,`category_id`,`description`,`root`,`pid`,`model_id`,`type`,`position`,`link_id`,`cover_id`,`display`,`deadline`,`attach`,`view`,`comment`,`extend`,`level`,`create_time`,`update_time`,`status` FROM `onethink_document` WHERE ( `status` = 1 ) AND ( `pid` = 0 ) AND ( `create_time` < 1459936176 ) AND ( deadline = 0 OR deadline > 1459936176 ) ORDER BY `id` DESC  [ RunTime:0.000712s ]
INFO: [ view_parse ] --START--
INFO: [ template_filter ] --START--
INFO: Run Behavior\ContentReplace [ RunTime:0.000256s ]
INFO: [ template_filter ] --END-- [ RunTime:0.000511s ]
SQL: SHOW COLUMNS FROM `onethink_channel` [ RunTime:0.005943s ]
SQL: SELECT `id`,`pid`,`title`,`url`,`sort`,`create_time`,`update_time`,`status`,`target` FROM `onethink_channel` WHERE ( status=1 ) ORDER BY sort  [ RunTime:0.000321s ]
SQL: SELECT `id`,`name`,`title`,`pid`,`sort`,`list_row`,`meta_title`,`keywords`,`description`,`template_index`,`template_lists`,`template_detail`,`template_edit`,`model`,`type`,`link_id`,`allow_publish`,`display`,`reply`,`check`,`reply_model`,`extend`,`create_time`,`update_time`,`status`,`icon` FROM `onethink_category` WHERE ( `id` = 1 ) LIMIT 1   [ RunTime:0.000426s ]
SQL: SELECT `id`,`name`,`pid`,`title`,`link_id` FROM `onethink_category` WHERE ( `status` = 1 ) ORDER BY sort  [ RunTime:0.000313s ]
INFO: [ view_parse ] --START--
INFO: [ template_filter ] --START--
INFO: Run Behavior\ContentReplace [ RunTime:0.000105s ]
INFO: [ template_filter ] --END-- [ RunTime:-0.022414s ]
INFO: Run Behavior\ParseTemplate [ RunTime:0.008912s ]
INFO: [ view_parse ] --END-- [ RunTime:0.009057s ]
INFO: [ view_filter ] --START--
INFO: Run Behavior\WriteHtmlCache [ RunTime:0.000901s ]
INFO: [ view_filter ] --END-- [ RunTime:0.001026s ]
SQL: SELECT `id`,`name`,`title`,`pid`,`sort`,`list_row`,`meta_title`,`keywords`,`description`,`template_index`,`template_lists`,`template_detail`,`template_edit`,`model`,`type`,`link_id`,`allow_publish`,`display`,`reply`,`check`,`reply_model`,`extend`,`create_time`,`update_time`,`status`,`icon` FROM `onethink_category` WHERE ( `id` = 1 ) LIMIT 1   [ RunTime:0.000492s ]
SQL: SELECT `id`,`name`,`pid`,`title`,`link_id` FROM `onethink_category` WHERE ( `status` = 1 ) ORDER BY sort  [ RunTime:0.000292s ]
SQL: SELECT `id`,`uid`,`name`,`title`,`category_id`,`description`,`root`,`pid`,`model_id`,`type`,`position`,`link_id`,`cover_id`,`display`,`deadline`,`attach`,`view`,`comment`,`extend`,`level`,`create_time`,`update_time`,`status` FROM `onethink_document` WHERE ( `status` = 1 ) AND ( `pid` = 0 ) AND ( `category_id` = 2 ) AND ( `create_time` < 1459936176 ) AND ( deadline = 0 OR deadline > 1459936176 ) ORDER BY `level` DESC,`id` DESC LIMIT 0,10   [ RunTime:0.000762s ]
INFO: Run Behavior\ParseTemplate [ RunTime:0.015938s ]
INFO: [ view_parse ] --END-- [ RunTime:0.009057s ]
INFO: [ view_filter ] --START--
INFO: Run Behavior\WriteHtmlCache [ RunTime:0.000025s ]
INFO: [ view_filter ] --END-- [ RunTime:-0.005995s ]
INFO: [ app_end ] --START--
INFO: Run Behavior\ShowPageTrace [ RunTime:0.001409s ]
INFO: [ app_end ] --END-- [ RunTime:0.001537s ]

[ 2016-04-06T17:49:46+08:00 ] 14.17.18.152 /index.php?s=/home/project/specialindex.html
NOTIC: [2] Missing argument 1 for Think\Controller::assign(), called in E:\freehost\www\linshikongjian\web\Application\Home\Controller\ProjectController.class.php on line 24 and defined E:\freehost\www\linshikongjian\web\ThinkPHP\Library\Think\Controller.class.php 第 121 行.
NOTIC: [8] Undefined variable: name E:\freehost\www\linshikongjian\web\ThinkPHP\Library\Think\Controller.class.php 第 122 行.
NOTIC: [8] Undefined variable: category E:\freehost\www\linshikongjian\web\Application\Home\Controller\ProjectController.class.php 第 25 行.
INFO: [ view_parse ] --START--
INFO: [ template_filter ] --START--
INFO: Run Behavior\ContentReplace [ RunTime:0.000273s ]
INFO: [ template_filter ] --END-- [ RunTime:0.000445s ]
SQL: SHOW COLUMNS FROM `onethink_channel` [ RunTime:0.066154s ]
SQL: SELECT `id`,`pid`,`title`,`url`,`sort`,`create_time`,`update_time`,`status`,`target` FROM `onethink_channel` WHERE ( status=1 ) ORDER BY sort  [ RunTime:0.005761s ]
NOTIC: [8] Undefined variable: category E:\freehost\www\linshikongjian\web\Runtime\Cache\Home\300b925655b72f3e20b2fef41d5d6adc.php 第 91 行.
SQL: SHOW COLUMNS FROM `onethink_category` [ RunTime:0.007872s ]
SQL: SELECT `pid` FROM `onethink_category` WHERE ( `name` = null ) LIMIT 1   [ RunTime:0.000869s ]
SQL: SELECT `id`,`name`,`pid`,`title`,`link_id` FROM `onethink_category` WHERE ( `pid` = null ) AND ( `status` = 1 ) ORDER BY sort  [ RunTime:0.000605s ]
INFO: [ view_parse ] --START--
INFO: [ template_filter ] --START--
INFO: Run Behavior\ContentReplace [ RunTime:0.000176s ]
INFO: [ template_filter ] --END-- [ RunTime:-0.104237s ]
INFO: Run Behavior\ParseTemplate [ RunTime:0.013998s ]
INFO: [ view_parse ] --END-- [ RunTime:0.014293s ]
INFO: [ view_filter ] --START--
INFO: Run Behavior\WriteHtmlCache [ RunTime:0.001351s ]
INFO: [ view_filter ] --END-- [ RunTime:0.001674s ]
INFO: Run Behavior\ParseTemplate [ RunTime:0.016320s ]
INFO: [ view_parse ] --END-- [ RunTime:0.014293s ]
INFO: [ view_filter ] --START--
INFO: Run Behavior\WriteHtmlCache [ RunTime:0.000039s ]
INFO: [ view_filter ] --END-- [ RunTime:-0.000541s ]
INFO: [ app_end ] --START--
INFO: Run Behavior\ShowPageTrace [ RunTime:0.002262s ]
INFO: [ app_end ] --END-- [ RunTime:0.002473s ]

[ 2016-04-06T17:49:46+08:00 ] 119.147.207.158 /index.php?s=/home/project/specialindex.html
NOTIC: [2] Missing argument 1 for Think\Controller::assign(), called in E:\freehost\www\linshikongjian\web\Application\Home\Controller\ProjectController.class.php on line 24 and defined E:\freehost\www\linshikongjian\web\ThinkPHP\Library\Think\Controller.class.php 第 121 行.
NOTIC: [8] Undefined variable: name E:\freehost\www\linshikongjian\web\ThinkPHP\Library\Think\Controller.class.php 第 122 行.
NOTIC: [8] Undefined variable: category E:\freehost\www\linshikongjian\web\Application\Home\Controller\ProjectController.class.php 第 25 行.
INFO: [ view_parse ] --START--
INFO: [ template_filter ] --START--
INFO: Run Behavior\ContentReplace [ RunTime:0.000270s ]
INFO: [ template_filter ] --END-- [ RunTime:0.000442s ]
SQL: SHOW COLUMNS FROM `onethink_channel` [ RunTime:0.012543s ]
SQL: SELECT `id`,`pid`,`title`,`url`,`sort`,`create_time`,`update_time`,`status`,`target` FROM `onethink_channel` WHERE ( status=1 ) ORDER BY sort  [ RunTime:0.007857s ]
NOTIC: [8] Undefined variable: category E:\freehost\www\linshikongjian\web\Runtime\Cache\Home\300b925655b72f3e20b2fef41d5d6adc.php 第 91 行.
SQL: SHOW COLUMNS FROM `onethink_category` [ RunTime:0.041085s ]
SQL: SELECT `pid` FROM `onethink_category` WHERE ( `name` = null ) LIMIT 1   [ RunTime:0.000411s ]
SQL: SELECT `id`,`name`,`pid`,`title`,`link_id` FROM `onethink_category` WHERE ( `pid` = null ) AND ( `status` = 1 ) ORDER BY sort  [ RunTime:0.000410s ]
INFO: [ view_parse ] --START--
INFO: [ template_filter ] --START--
INFO: Run Behavior\ContentReplace [ RunTime:0.000102s ]
INFO: [ template_filter ] --END-- [ RunTime:-0.083612s ]
INFO: Run Behavior\ParseTemplate [ RunTime:0.012256s ]
INFO: [ view_parse ] --END-- [ RunTime:0.012494s ]
INFO: [ view_filter ] --START--
INFO: Run Behavior\WriteHtmlCache [ RunTime:0.000881s ]
INFO: [ view_filter ] --END-- [ RunTime:0.001006s ]
INFO: Run Behavior\ParseTemplate [ RunTime:0.013626s ]
INFO: [ view_parse ] --END-- [ RunTime:0.012494s ]
INFO: [ view_filter ] --START--
INFO: Run Behavior\WriteHtmlCache [ RunTime:0.000022s ]
INFO: [ view_filter ] --END-- [ RunTime:-0.000316s ]
INFO: [ app_end ] --START--
INFO: Run Behavior\ShowPageTrace [ RunTime:0.001438s ]
INFO: [ app_end ] --END-- [ RunTime:0.001565s ]

[ 2016-04-06T17:49:46+08:00 ] 113.108.80.206 /index.php?s=/home/project/specialindex.html
NOTIC: [2] Missing argument 1 for Think\Controller::assign(), called in E:\freehost\www\linshikongjian\web\Application\Home\Controller\ProjectController.class.php on line 24 and defined E:\freehost\www\linshikongjian\web\ThinkPHP\Library\Think\Controller.class.php 第 121 行.
NOTIC: [8] Undefined variable: name E:\freehost\www\linshikongjian\web\ThinkPHP\Library\Think\Controller.class.php 第 122 行.
NOTIC: [8] Undefined variable: category E:\freehost\www\linshikongjian\web\Application\Home\Controller\ProjectController.class.php 第 25 行.
INFO: [ view_parse ] --START--
INFO: [ template_filter ] --START--
INFO: Run Behavior\ContentReplace [ RunTime:0.000269s ]
INFO: [ template_filter ] --END-- [ RunTime:0.000437s ]
SQL: SHOW COLUMNS FROM `onethink_channel` [ RunTime:0.008718s ]
SQL: SELECT `id`,`pid`,`title`,`url`,`sort`,`create_time`,`update_time`,`status`,`target` FROM `onethink_channel` WHERE ( status=1 ) ORDER BY sort  [ RunTime:0.000362s ]
NOTIC: [8] Undefined variable: category E:\freehost\www\linshikongjian\web\Runtime\Cache\Home\300b925655b72f3e20b2fef41d5d6adc.php 第 91 行.
SQL: SHOW COLUMNS FROM `onethink_category` [ RunTime:0.006935s ]
SQL: SELECT `pid` FROM `onethink_category` WHERE ( `name` = null ) LIMIT 1   [ RunTime:0.000279s ]
SQL: SELECT `id`,`name`,`pid`,`title`,`link_id` FROM `onethink_category` WHERE ( `pid` = null ) AND ( `status` = 1 ) ORDER BY sort  [ RunTime:0.000441s ]
INFO: [ view_parse ] --START--
INFO: [ template_filter ] --START--
INFO: Run Behavior\ContentReplace [ RunTime:0.000142s ]
INFO: [ template_filter ] --END-- [ RunTime:-0.033297s ]
INFO: Run Behavior\ParseTemplate [ RunTime:0.008742s ]
INFO: [ view_parse ] --END-- [ RunTime:0.008896s ]
INFO: [ view_filter ] --START--
INFO: Run Behavior\WriteHtmlCache [ RunTime:0.001020s ]
INFO: [ view_filter ] --END-- [ RunTime:0.001148s ]
INFO: Run Behavior\ParseTemplate [ RunTime:0.010234s ]
INFO: [ view_parse ] --END-- [ RunTime:0.008896s ]
INFO: [ view_filter ] --START--
INFO: Run Behavior\WriteHtmlCache [ RunTime:0.000041s ]
INFO: [ view_filter ] --END-- [ RunTime:-0.000315s ]
INFO: [ app_end ] --START--
INFO: Run Behavior\ShowPageTrace [ RunTime:0.001411s ]
INFO: [ app_end ] --END-- [ RunTime:0.001578s ]

[ 2016-04-06T17:49:51+08:00 ] 218.91.152.220 /index.php?s=/home/project/specialindex.html
NOTIC: [2] Missing argument 1 for Think\Controller::assign(), called in E:\freehost\www\linshikongjian\web\Application\Home\Controller\ProjectController.class.php on line 24 and defined E:\freehost\www\linshikongjian\web\ThinkPHP\Library\Think\Controller.class.php 第 121 行.
NOTIC: [8] Undefined variable: name E:\freehost\www\linshikongjian\web\ThinkPHP\Library\Think\Controller.class.php 第 122 行.
NOTIC: [8] Undefined variable: category E:\freehost\www\linshikongjian\web\Application\Home\Controller\ProjectController.class.php 第 25 行.
INFO: [ view_parse ] --START--
INFO: [ template_filter ] --START--
INFO: Run Behavior\ContentReplace [ RunTime:0.000274s ]
INFO: [ template_filter ] --END-- [ RunTime:0.000454s ]
SQL: SHOW COLUMNS FROM `onethink_channel` [ RunTime:0.005377s ]
SQL: SELECT `id`,`pid`,`title`,`url`,`sort`,`create_time`,`update_time`,`status`,`target` FROM `onethink_channel` WHERE ( status=1 ) ORDER BY sort  [ RunTime:0.000310s ]
NOTIC: [8] Undefined variable: category E:\freehost\www\linshikongjian\web\Runtime\Cache\Home\300b925655b72f3e20b2fef41d5d6adc.php 第 91 行.
SQL: SHOW COLUMNS FROM `onethink_category` [ RunTime:0.005599s ]
SQL: SELECT `pid` FROM `onethink_category` WHERE ( `name` = null ) LIMIT 1   [ RunTime:0.000273s ]
SQL: SELECT `id`,`name`,`pid`,`title`,`link_id` FROM `onethink_category` WHERE ( `pid` = null ) AND ( `status` = 1 ) ORDER BY sort  [ RunTime:0.000267s ]
INFO: [ view_parse ] --START--
INFO: [ template_filter ] --START--
INFO: Run Behavior\ContentReplace [ RunTime:0.000101s ]
INFO: [ template_filter ] --END-- [ RunTime:-0.028136s ]
INFO: Run Behavior\ParseTemplate [ RunTime:0.008734s ]
INFO: [ view_parse ] --END-- [ RunTime:0.008889s ]
INFO: [ view_filter ] --START--
INFO: Run Behavior\WriteHtmlCache [ RunTime:0.000938s ]
INFO: [ view_filter ] --END-- [ RunTime:0.001066s ]
INFO: Run Behavior\ParseTemplate [ RunTime:0.010140s ]
INFO: [ view_parse ] --END-- [ RunTime:0.008889s ]
INFO: [ view_filter ] --START--
INFO: Run Behavior\WriteHtmlCache [ RunTime:0.000023s ]
INFO: [ view_filter ] --END-- [ RunTime:-0.000308s ]
INFO: [ app_end ] --START--
INFO: Run Behavior\ShowPageTrace [ RunTime:0.001506s ]
INFO: [ app_end ] --END-- [ RunTime:0.001633s ]

[ 2016-04-06T17:53:25+08:00 ] 218.91.152.220 /index.php?plg_nld=1&plg_uin=1&plg_auth=1&plg_usr=1&plg_dev=1&plg_vkey=1&plg_nld=1&s=%2Fhome%2Fproject%2Fspecialindex.html
NOTIC: [2] Missing argument 1 for Think\Controller::assign(), called in E:\freehost\www\linshikongjian\web\Application\Home\Controller\ProjectController.class.php on line 24 and defined E:\freehost\www\linshikongjian\web\ThinkPHP\Library\Think\Controller.class.php 第 121 行.
NOTIC: [8] Undefined variable: name E:\freehost\www\linshikongjian\web\ThinkPHP\Library\Think\Controller.class.php 第 122 行.
NOTIC: [8] Undefined variable: category E:\freehost\www\linshikongjian\web\Application\Home\Controller\ProjectController.class.php 第 25 行.
INFO: [ view_parse ] --START--
INFO: [ template_filter ] --START--
INFO: Run Behavior\ContentReplace [ RunTime:0.000273s ]
INFO: [ template_filter ] --END-- [ RunTime:0.000440s ]
SQL: SHOW COLUMNS FROM `onethink_channel` [ RunTime:0.005728s ]
SQL: SELECT `id`,`pid`,`title`,`url`,`sort`,`create_time`,`update_time`,`status`,`target` FROM `onethink_channel` WHERE ( status=1 ) ORDER BY sort  [ RunTime:0.000330s ]
NOTIC: [8] Undefined variable: category E:\freehost\www\linshikongjian\web\Runtime\Cache\Home\300b925655b72f3e20b2fef41d5d6adc.php 第 91 行.
SQL: SHOW COLUMNS FROM `onethink_category` [ RunTime:0.006330s ]
SQL: SELECT `pid` FROM `onethink_category` WHERE ( `name` = null ) LIMIT 1   [ RunTime:0.000311s ]
SQL: SELECT `id`,`name`,`pid`,`title`,`link_id` FROM `onethink_category` WHERE ( `pid` = null ) AND ( `status` = 1 ) ORDER BY sort  [ RunTime:0.000304s ]
INFO: [ view_parse ] --START--
INFO: [ template_filter ] --START--
INFO: Run Behavior\ContentReplace [ RunTime:0.000152s ]
INFO: [ template_filter ] --END-- [ RunTime:-0.029266s ]
INFO: Run Behavior\ParseTemplate [ RunTime:0.009717s ]
INFO: [ view_parse ] --END-- [ RunTime:0.009909s ]
INFO: [ view_filter ] --START--
INFO: Run Behavior\WriteHtmlCache [ RunTime:0.001248s ]
INFO: [ view_filter ] --END-- [ RunTime:0.001561s ]
INFO: Run Behavior\ParseTemplate [ RunTime:0.011802s ]
INFO: [ view_parse ] --END-- [ RunTime:0.009909s ]
INFO: [ view_filter ] --START--
INFO: Run Behavior\WriteHtmlCache [ RunTime:0.000034s ]
INFO: [ view_filter ] --END-- [ RunTime:-0.000484s ]
INFO: [ app_end ] --START--
INFO: Run Behavior\ShowPageTrace [ RunTime:0.002002s ]
INFO: [ app_end ] --END-- [ RunTime:0.002204s ]

[ 2016-04-06T18:41:24+08:00 ] 117.91.70.37 /index.php?s=/home/project/specialindex.html
NOTIC: [2] Missing argument 1 for Think\Controller::assign(), called in E:\freehost\www\linshikongjian\web\Application\Home\Controller\ProjectController.class.php on line 24 and defined E:\freehost\www\linshikongjian\web\ThinkPHP\Library\Think\Controller.class.php 第 121 行.
NOTIC: [8] Undefined variable: name E:\freehost\www\linshikongjian\web\ThinkPHP\Library\Think\Controller.class.php 第 122 行.
NOTIC: [8] Undefined variable: category E:\freehost\www\linshikongjian\web\Application\Home\Controller\ProjectController.class.php 第 25 行.
INFO: [ view_parse ] --START--
INFO: [ template_filter ] --START--
INFO: Run Behavior\ContentReplace [ RunTime:0.000276s ]
INFO: [ template_filter ] --END-- [ RunTime:0.000464s ]
SQL: SHOW COLUMNS FROM `onethink_channel` [ RunTime:0.005941s ]
SQL: SELECT `id`,`pid`,`title`,`url`,`sort`,`create_time`,`update_time`,`status`,`target` FROM `onethink_channel` WHERE ( status=1 ) ORDER BY sort  [ RunTime:0.000446s ]
NOTIC: [8] Undefined variable: category E:\freehost\www\linshikongjian\web\Runtime\Cache\Home\300b925655b72f3e20b2fef41d5d6adc.php 第 91 行.
SQL: SHOW COLUMNS FROM `onethink_category` [ RunTime:0.006113s ]
SQL: SELECT `pid` FROM `onethink_category` WHERE ( `name` = null ) LIMIT 1   [ RunTime:0.000281s ]
SQL: SELECT `id`,`name`,`pid`,`title`,`link_id` FROM `onethink_category` WHERE ( `pid` = null ) AND ( `status` = 1 ) ORDER BY sort  [ RunTime:0.000263s ]
INFO: [ view_parse ] --START--
INFO: [ template_filter ] --START--
INFO: Run Behavior\ContentReplace [ RunTime:0.000101s ]
INFO: [ template_filter ] --END-- [ RunTime:-0.028785s ]
INFO: Run Behavior\ParseTemplate [ RunTime:0.008382s ]
INFO: [ view_parse ] --END-- [ RunTime:0.008535s ]
INFO: [ view_filter ] --START--
INFO: Run Behavior\WriteHtmlCache [ RunTime:0.000857s ]
INFO: [ view_filter ] --END-- [ RunTime:0.000981s ]
INFO: Run Behavior\ParseTemplate [ RunTime:0.009701s ]
INFO: [ view_parse ] --END-- [ RunTime:0.008535s ]
INFO: [ view_filter ] --START--
INFO: Run Behavior\WriteHtmlCache [ RunTime:0.000023s ]
INFO: [ view_filter ] --END-- [ RunTime:-0.000305s ]
INFO: [ app_end ] --START--
INFO: Run Behavior\ShowPageTrace [ RunTime:0.001352s ]
INFO: [ app_end ] --END-- [ RunTime:0.001483s ]

[ 2016-04-06T18:41:29+08:00 ] 117.91.70.37 /index.php?plg_nld=1&plg_uin=1&plg_auth=1&plg_usr=1&plg_dev=1&plg_vkey=1&plg_nld=1&s=%2Fhome%2Fproject%2Fspecialindex.html
NOTIC: [2] Missing argument 1 for Think\Controller::assign(), called in E:\freehost\www\linshikongjian\web\Application\Home\Controller\ProjectController.class.php on line 24 and defined E:\freehost\www\linshikongjian\web\ThinkPHP\Library\Think\Controller.class.php 第 121 行.
NOTIC: [8] Undefined variable: name E:\freehost\www\linshikongjian\web\ThinkPHP\Library\Think\Controller.class.php 第 122 行.
NOTIC: [8] Undefined variable: category E:\freehost\www\linshikongjian\web\Application\Home\Controller\ProjectController.class.php 第 25 行.
INFO: [ view_parse ] --START--
INFO: [ template_filter ] --START--
INFO: Run Behavior\ContentReplace [ RunTime:0.000407s ]
INFO: [ template_filter ] --END-- [ RunTime:0.000680s ]
SQL: SHOW COLUMNS FROM `onethink_channel` [ RunTime:0.009644s ]
SQL: SELECT `id`,`pid`,`title`,`url`,`sort`,`create_time`,`update_time`,`status`,`target` FROM `onethink_channel` WHERE ( status=1 ) ORDER BY sort  [ RunTime:0.000367s ]
NOTIC: [8] Undefined variable: category E:\freehost\www\linshikongjian\web\Runtime\Cache\Home\300b925655b72f3e20b2fef41d5d6adc.php 第 91 行.
SQL: SHOW COLUMNS FROM `onethink_category` [ RunTime:0.005603s ]
SQL: SELECT `pid` FROM `onethink_category` WHERE ( `name` = null ) LIMIT 1   [ RunTime:0.000401s ]
SQL: SELECT `id`,`name`,`pid`,`title`,`link_id` FROM `onethink_category` WHERE ( `pid` = null ) AND ( `status` = 1 ) ORDER BY sort  [ RunTime:0.000269s ]
INFO: [ view_parse ] --START--
INFO: [ template_filter ] --START--
INFO: Run Behavior\ContentReplace [ RunTime:0.000103s ]
INFO: [ template_filter ] --END-- [ RunTime:-0.033764s ]
INFO: Run Behavior\ParseTemplate [ RunTime:0.009817s ]
INFO: [ view_parse ] --END-- [ RunTime:0.009987s ]
INFO: [ view_filter ] --START--
INFO: Run Behavior\WriteHtmlCache [ RunTime:0.000849s ]
INFO: [ view_filter ] --END-- [ RunTime:0.001014s ]
INFO: Run Behavior\ParseTemplate [ RunTime:0.011233s ]
INFO: [ view_parse ] --END-- [ RunTime:0.009987s ]
INFO: [ view_filter ] --START--
INFO: Run Behavior\WriteHtmlCache [ RunTime:0.000022s ]
INFO: [ view_filter ] --END-- [ RunTime:-0.000317s ]
INFO: [ app_end ] --START--
INFO: Run Behavior\ShowPageTrace [ RunTime:0.001488s ]
INFO: [ app_end ] --END-- [ RunTime:0.001614s ]

[ 2016-04-06T18:41:45+08:00 ] 117.91.70.37 /index.php?plg_nld=1&plg_uin=1&plg_auth=1&plg_usr=1&plg_dev=1&plg_vkey=1&plg_nld=1&s=%2Fhome%2Fproject%2Fspecialindex.html
NOTIC: [2] Missing argument 1 for Think\Controller::assign(), called in E:\freehost\www\linshikongjian\web\Application\Home\Controller\ProjectController.class.php on line 24 and defined E:\freehost\www\linshikongjian\web\ThinkPHP\Library\Think\Controller.class.php 第 121 行.
NOTIC: [8] Undefined variable: name E:\freehost\www\linshikongjian\web\ThinkPHP\Library\Think\Controller.class.php 第 122 行.
NOTIC: [8] Undefined variable: category E:\freehost\www\linshikongjian\web\Application\Home\Controller\ProjectController.class.php 第 25 行.
INFO: [ view_parse ] --START--
INFO: [ template_filter ] --START--
INFO: Run Behavior\ContentReplace [ RunTime:0.000271s ]
INFO: [ template_filter ] --END-- [ RunTime:0.000444s ]
SQL: SHOW COLUMNS FROM `onethink_channel` [ RunTime:0.007492s ]
SQL: SELECT `id`,`pid`,`title`,`url`,`sort`,`create_time`,`update_time`,`status`,`target` FROM `onethink_channel` WHERE ( status=1 ) ORDER BY sort  [ RunTime:0.000323s ]
NOTIC: [8] Undefined variable: category E:\freehost\www\linshikongjian\web\Runtime\Cache\Home\300b925655b72f3e20b2fef41d5d6adc.php 第 91 行.
SQL: SHOW COLUMNS FROM `onethink_category` [ RunTime:0.006356s ]
SQL: SELECT `pid` FROM `onethink_category` WHERE ( `name` = null ) LIMIT 1   [ RunTime:0.000406s ]
SQL: SELECT `id`,`name`,`pid`,`title`,`link_id` FROM `onethink_category` WHERE ( `pid` = null ) AND ( `status` = 1 ) ORDER BY sort  [ RunTime:0.000388s ]
INFO: [ view_parse ] --START--
INFO: [ template_filter ] --START--
INFO: Run Behavior\ContentReplace [ RunTime:0.000170s ]
INFO: [ template_filter ] --END-- [ RunTime:-0.036063s ]
INFO: Run Behavior\ParseTemplate [ RunTime:0.014307s ]
INFO: [ view_parse ] --END-- [ RunTime:0.014557s ]
INFO: [ view_filter ] --START--
INFO: Run Behavior\WriteHtmlCache [ RunTime:0.001392s ]
INFO: [ view_filter ] --END-- [ RunTime:0.001617s ]
INFO: Run Behavior\ParseTemplate [ RunTime:0.016516s ]
INFO: [ view_parse ] --END-- [ RunTime:0.014557s ]
INFO: [ view_filter ] --START--
INFO: Run Behavior\WriteHtmlCache [ RunTime:0.000041s ]
INFO: [ view_filter ] --END-- [ RunTime:-0.000556s ]
INFO: [ app_end ] --START--
INFO: Run Behavior\ShowPageTrace [ RunTime:0.002225s ]
INFO: [ app_end ] --END-- [ RunTime:0.002447s ]

