[ 2016-04-18T11:01:02+08:00 ] 218.91.152.220 /
SQL: SHOW COLUMNS FROM `onethink_category` [ RunTime:0.018735s ]
SQL: SELECT `id`,`name`,`title`,`pid`,`sort`,`list_row`,`meta_title`,`keywords`,`description`,`template_index`,`template_lists`,`template_detail`,`template_edit`,`model`,`type`,`link_id`,`allow_publish`,`display`,`reply`,`check`,`reply_model`,`extend`,`create_time`,`update_time`,`status`,`icon` FROM `onethink_category` WHERE ( `status` = 1 ) ORDER BY sort  [ RunTime:0.001137s ]
SQL: SHOW COLUMNS FROM `onethink_document` [ RunTime:0.026335s ]
SQL: SELECT `id`,`uid`,`name`,`title`,`category_id`,`description`,`root`,`pid`,`model_id`,`type`,`position`,`link_id`,`cover_id`,`display`,`deadline`,`attach`,`view`,`comment`,`extend`,`level`,`create_time`,`update_time`,`status` FROM `onethink_document` WHERE ( `status` = 1 ) AND ( `pid` = 0 ) AND ( `create_time` < 1460948461 ) AND ( deadline = 0 OR deadline > 1460948461 ) ORDER BY `id` DESC  [ RunTime:0.001344s ]
INFO: [ view_parse ] --START--
INFO: [ template_filter ] --START--
INFO: Run Behavior\ContentReplace [ RunTime:0.000150s ]
INFO: [ template_filter ] --END-- [ RunTime:0.000419s ]
INFO: Run Behavior\ParseTemplate [ RunTime:0.175545s ]
INFO: [ view_parse ] --END-- [ RunTime:0.175733s ]
INFO: [ view_filter ] --START--
INFO: Run Behavior\WriteHtmlCache [ RunTime:0.001637s ]
INFO: [ view_filter ] --END-- [ RunTime:0.001773s ]
INFO: [ app_end ] --START--
INFO: Run Behavior\ShowPageTrace [ RunTime:0.002405s ]
INFO: [ app_end ] --END-- [ RunTime:0.002560s ]

[ 2016-04-18T11:01:02+08:00 ] 218.91.152.220 /index.php?s=/Admin/Public/login.html
INFO: [ view_parse ] --START--
INFO: [ template_filter ] --START--
INFO: Run Behavior\ContentReplace [ RunTime:0.000181s ]
INFO: [ template_filter ] --END-- [ RunTime:0.000360s ]
INFO: Run Behavior\ParseTemplate [ RunTime:0.044758s ]
INFO: [ view_parse ] --END-- [ RunTime:0.045840s ]
INFO: [ view_filter ] --START--
INFO: Run Behavior\WriteHtmlCache [ RunTime:0.000758s ]
INFO: [ view_filter ] --END-- [ RunTime:0.000889s ]
INFO: [ app_end ] --START--
INFO: Run Behavior\ShowPageTrace [ RunTime:0.001228s ]
INFO: [ app_end ] --END-- [ RunTime:0.001365s ]

[ 2016-04-18T11:01:20+08:00 ] 218.91.152.220 /index.php?s=/Admin/Public/login.html
INFO: [ app_begin ] --START--
INFO: Run Behavior\ReadHtmlCache [ RunTime:0.001307s ]
INFO: [ app_begin ] --END-- [ RunTime:0.002201s ]
SQL: SHOW COLUMNS FROM `onethink_ucenter_member` [ RunTime:0.024540s ]
SQL: SELECT * FROM `onethink_ucenter_member` WHERE ( `username` = 'admin' ) LIMIT 1   [ RunTime:0.001240s ]

[ 2016-04-18T11:01:26+08:00 ] 218.91.152.220 /index.php?s=/Admin/Public/login.html
INFO: [ app_begin ] --START--
INFO: Run Behavior\ReadHtmlCache [ RunTime:0.001260s ]
INFO: [ app_begin ] --END-- [ RunTime:0.002444s ]
SQL: SHOW COLUMNS FROM `onethink_ucenter_member` [ RunTime:0.005764s ]
SQL: SELECT * FROM `onethink_ucenter_member` WHERE ( `username` = 'admin' ) LIMIT 1   [ RunTime:0.000345s ]
SQL: UPDATE `onethink_ucenter_member` SET `last_login_time`=1460948486,`last_login_ip`='3663435996' WHERE ( `id` = 1 ) [ RunTime:0.000464s ]
SQL: SHOW COLUMNS FROM `onethink_member` [ RunTime:0.024331s ]
SQL: SELECT `uid`,`nickname`,`sex`,`birthday`,`qq`,`score`,`login`,`reg_ip`,`reg_time`,`last_login_ip`,`last_login_time`,`status` FROM `onethink_member` WHERE ( `uid` = 1 ) LIMIT 1   [ RunTime:0.000785s ]
SQL: SHOW COLUMNS FROM `onethink_action` [ RunTime:0.008349s ]
SQL: SELECT * FROM `onethink_action` WHERE ( `name` = 'user_login' ) LIMIT 1   [ RunTime:0.005505s ]
SQL: SHOW COLUMNS FROM `onethink_action_log` [ RunTime:0.023846s ]
SQL: INSERT INTO `onethink_action_log` (`action_id`,`user_id`,`action_ip`,`model`,`record_id`,`create_time`,`remark`) VALUES (1,1,-631531300,'member',1,1460948486,'admin在2016-04-18 11:01登录了后台') [ RunTime:0.013076s ]
SQL: SELECT * FROM `onethink_action` WHERE ( `name` = 'user_login' ) LIMIT 1   [ RunTime:0.000314s ]
NOTIC: [8] Undefined offset: 1 E:\freehost\www\linshikongjian\web\Application\Common\Common\function.php 第 665 行.
NOTIC: [2] array_key_exists() expects parameter 2 to be array, null given E:\freehost\www\linshikongjian\web\Application\Common\Common\function.php 第 665 行.
SQL: SELECT COUNT(*) AS tp_count FROM `onethink_action_log` WHERE ( `action_id` = 1 ) AND ( `user_id` = 1 ) AND ( `create_time` > 1460862086 ) LIMIT 1   [ RunTime:0.010194s ]
SQL: SHOW COLUMNS FROM `onethink_member` [ RunTime:0.038375s ]
SQL: UPDATE `onethink_member` SET `score`=score+10 WHERE ( uid=1 AND status>-1 ) [ RunTime:0.000537s ]
SQL: UPDATE `onethink_member` SET `login`=`login`+1,`last_login_time`=1460948486,`last_login_ip`='3663435996' WHERE ( `uid` = 1 ) [ RunTime:0.000393s ]

[ 2016-04-18T11:01:26+08:00 ] 218.91.152.220 /index.php?s=/Admin/Index/index.html
SQL: SHOW COLUMNS FROM `onethink_menu` [ RunTime:0.017011s ]
SQL: SELECT * FROM `onethink_menu` WHERE ( `pid` = 0 ) AND ( `hide` = 0 ) ORDER BY sort asc  [ RunTime:0.001729s ]
SQL: SELECT `id` FROM `onethink_menu` WHERE ( url like '%Index/index%' ) LIMIT 1   [ RunTime:0.000452s ]
SQL: SHOW COLUMNS FROM `onethink_menu` [ RunTime:0.005748s ]
SQL: SELECT `id`,`pid`,`title` FROM `onethink_menu` WHERE ( id=1 ) LIMIT 1   [ RunTime:0.000577s ]
SQL: SELECT DISTINCT  `group` FROM `onethink_menu` WHERE ( pid = 1 )  [ RunTime:0.000754s ]
SQL: SELECT `id`,`url` FROM `onethink_menu` WHERE ( `pid` = 1 ) AND ( `hide` = 0 )  [ RunTime:0.000443s ]
INFO: [ view_parse ] --START--
INFO: [ template_filter ] --START--
INFO: Run Behavior\ContentReplace [ RunTime:0.000272s ]
INFO: [ template_filter ] --END-- [ RunTime:0.000437s ]
INFO: [ AdminIndex ] --START--
SQL: SHOW COLUMNS FROM `onethink_addons` [ RunTime:0.051585s ]
SQL: SELECT `config` FROM `onethink_addons` WHERE ( `name` = 'SiteStat' ) AND ( `status` = 1 ) LIMIT 1   [ RunTime:0.004125s ]
SQL: SHOW COLUMNS FROM `onethink_member` [ RunTime:0.005723s ]
SQL: SELECT COUNT(*) AS tp_count FROM `onethink_member` LIMIT 1   [ RunTime:0.000379s ]
SQL: SHOW COLUMNS FROM `onethink_action_log` [ RunTime:0.005231s ]
SQL: SELECT COUNT(*) AS tp_count FROM `onethink_action_log` LIMIT 1   [ RunTime:0.000383s ]
SQL: SHOW COLUMNS FROM `onethink_document` [ RunTime:0.005798s ]
SQL: SELECT COUNT(*) AS tp_count FROM `onethink_document` LIMIT 1   [ RunTime:0.000368s ]
SQL: SHOW COLUMNS FROM `onethink_category` [ RunTime:0.006237s ]
SQL: SELECT COUNT(*) AS tp_count FROM `onethink_category` LIMIT 1   [ RunTime:0.000444s ]
SQL: SHOW COLUMNS FROM `onethink_model` [ RunTime:0.010387s ]
SQL: SELECT COUNT(*) AS tp_count FROM `onethink_model` LIMIT 1   [ RunTime:0.000476s ]
INFO: [ view_parse ] --START--
INFO: [ template_filter ] --START--
INFO: Run Behavior\ContentReplace [ RunTime:0.000105s ]
INFO: [ template_filter ] --END-- [ RunTime:-0.170893s ]
INFO: Run Behavior\ParseTemplate [ RunTime:0.019545s ]
INFO: [ view_parse ] --END-- [ RunTime:0.019699s ]
INFO: [ view_filter ] --START--
INFO: Run Behavior\WriteHtmlCache [ RunTime:0.000757s ]
INFO: [ view_filter ] --END-- [ RunTime:0.000885s ]
INFO: Run SiteStat [ RunTime:0.147905s ]
SQL: SELECT `config` FROM `onethink_addons` WHERE ( `name` = 'SystemInfo' ) AND ( `status` = 1 ) LIMIT 1   [ RunTime:0.000924s ]
INFO: [ view_parse ] --START--
INFO: [ template_filter ] --START--
INFO: Run Behavior\ContentReplace [ RunTime:0.000118s ]
INFO: [ template_filter ] --END-- [ RunTime:-0.251267s ]
SQL: select version() as v; [ RunTime:0.000668s ]
INFO: Run Behavior\ParseTemplate [ RunTime:0.008680s ]
INFO: [ view_parse ] --END-- [ RunTime:-0.072653s ]
INFO: [ view_filter ] --START--
INFO: Run Behavior\WriteHtmlCache [ RunTime:0.000025s ]
INFO: [ view_filter ] --END-- [ RunTime:-0.080616s ]
INFO: Run SystemInfo [ RunTime:0.080677s ]
SQL: SELECT `config` FROM `onethink_addons` WHERE ( `name` = 'DevTeam' ) AND ( `status` = 1 ) LIMIT 1   [ RunTime:0.000826s ]
INFO: [ view_parse ] --START--
INFO: [ template_filter ] --START--
INFO: Run Behavior\ContentReplace [ RunTime:0.000116s ]
INFO: [ template_filter ] --END-- [ RunTime:-0.291895s ]
INFO: Run Behavior\ParseTemplate [ RunTime:0.026726s ]
INFO: [ view_parse ] --END-- [ RunTime:-0.094003s ]
INFO: [ view_filter ] --START--
INFO: Run Behavior\WriteHtmlCache [ RunTime:0.000024s ]
INFO: [ view_filter ] --END-- [ RunTime:-0.119983s ]
INFO: Run DevTeam [ RunTime:0.039313s ]
INFO: [ AdminIndex ] --END-- [ RunTime:0.268144s ]
INFO: Run Behavior\ParseTemplate [ RunTime:0.027226s ]
INFO: [ view_parse ] --END-- [ RunTime:-0.094003s ]
INFO: [ view_filter ] --START--
INFO: Run Behavior\WriteHtmlCache [ RunTime:0.000021s ]
INFO: [ view_filter ] --END-- [ RunTime:-0.120457s ]
INFO: [ app_end ] --START--
INFO: Run Behavior\ShowPageTrace [ RunTime:0.001275s ]
INFO: [ app_end ] --END-- [ RunTime:0.001412s ]

[ 2016-04-18T11:01:28+08:00 ] 218.91.152.220 /index.php?s=/Admin/Project/index.html
SQL: SHOW COLUMNS FROM `onethink_menu` [ RunTime:0.005493s ]
SQL: SELECT * FROM `onethink_menu` WHERE ( `pid` = 0 ) AND ( `hide` = 0 ) ORDER BY sort asc  [ RunTime:0.000534s ]
SQL: SELECT `id` FROM `onethink_menu` WHERE ( url like '%Project/index%' ) LIMIT 1   [ RunTime:0.000740s ]
SQL: SHOW COLUMNS FROM `onethink_menu` [ RunTime:0.005934s ]
SQL: SELECT `id`,`pid`,`title` FROM `onethink_menu` WHERE ( id=122 ) LIMIT 1   [ RunTime:0.000617s ]
SQL: SELECT DISTINCT  `group` FROM `onethink_menu` WHERE ( pid = 122 )  [ RunTime:0.000862s ]
SQL: SELECT `id`,`url` FROM `onethink_menu` WHERE ( `pid` = 122 ) AND ( `hide` = 0 )  [ RunTime:0.000566s ]
SQL: SELECT `id`,`pid`,`title`,`url`,`tip` FROM `onethink_menu` WHERE ( `group` = '评价事件' ) AND ( `pid` = 122 ) AND ( `hide` = 0 ) ORDER BY sort asc  [ RunTime:0.000721s ]
SQL: SELECT `id`,`pid`,`title`,`url`,`tip` FROM `onethink_menu` WHERE ( `group` = '特殊事件' ) AND ( `pid` = 122 ) AND ( `hide` = 0 ) ORDER BY sort asc  [ RunTime:0.000673s ]
SQL: SHOW COLUMNS FROM `onethink_project` [ RunTime:0.015368s ]
SQL: SELECT * FROM `onethink_project`  [ RunTime:0.000924s ]
INFO: [ view_parse ] --START--
INFO: [ template_filter ] --START--
INFO: Run Behavior\ContentReplace [ RunTime:0.000365s ]
INFO: [ template_filter ] --END-- [ RunTime:0.000523s ]
NOTIC: [8] Undefined index:  E:\freehost\www\linshikongjian\web\Runtime\Cache\Admin\c9b29f46aaf66743c1e179410e6dbdf8.php 第 129 行.
NOTIC: [8] Undefined variable: _page E:\freehost\www\linshikongjian\web\Runtime\Cache\Admin\c9b29f46aaf66743c1e179410e6dbdf8.php 第 141 行.
INFO: Run Behavior\ParseTemplate [ RunTime:0.048604s ]
INFO: [ view_parse ] --END-- [ RunTime:0.048774s ]
INFO: [ view_filter ] --START--
INFO: Run Behavior\WriteHtmlCache [ RunTime:0.000782s ]
INFO: [ view_filter ] --END-- [ RunTime:0.000907s ]
INFO: [ app_end ] --START--
INFO: Run Behavior\ShowPageTrace [ RunTime:0.001228s ]
INFO: [ app_end ] --END-- [ RunTime:0.001379s ]

[ 2016-04-18T11:01:30+08:00 ] 58.220.253.242 /index.php?s=/Admin/Public/login.html
INFO: [ view_parse ] --START--
INFO: [ template_filter ] --START--
INFO: Run Behavior\ContentReplace [ RunTime:0.000185s ]
INFO: [ template_filter ] --END-- [ RunTime:0.000368s ]
INFO: Run Behavior\ParseTemplate [ RunTime:0.014545s ]
INFO: [ view_parse ] --END-- [ RunTime:0.015439s ]
INFO: [ view_filter ] --START--
INFO: Run Behavior\WriteHtmlCache [ RunTime:0.000705s ]
INFO: [ view_filter ] --END-- [ RunTime:0.000867s ]
INFO: [ app_end ] --START--
INFO: Run Behavior\ShowPageTrace [ RunTime:0.001244s ]
INFO: [ app_end ] --END-- [ RunTime:0.001376s ]

[ 2016-04-18T11:01:30+08:00 ] 218.91.152.220 /index.php?s=/Admin/Project/projectView/id/11.html
SQL: SHOW COLUMNS FROM `onethink_menu` [ RunTime:0.005807s ]
SQL: SELECT * FROM `onethink_menu` WHERE ( `pid` = 0 ) AND ( `hide` = 0 ) ORDER BY sort asc  [ RunTime:0.000507s ]
SQL: SELECT `id` FROM `onethink_menu` WHERE ( url like '%Project/projectview%' ) LIMIT 1   [ RunTime:0.000801s ]
SQL: SHOW COLUMNS FROM `onethink_menu` [ RunTime:0.005930s ]
SQL: SELECT `id`,`pid`,`title` FROM `onethink_menu` WHERE ( id=130 ) LIMIT 1   [ RunTime:0.000569s ]
SQL: SELECT `id`,`pid`,`title` FROM `onethink_menu` WHERE ( id=124 ) LIMIT 1   [ RunTime:0.000593s ]
SQL: SELECT `id`,`pid`,`title` FROM `onethink_menu` WHERE ( id=122 ) LIMIT 1   [ RunTime:0.000396s ]
SQL: SELECT DISTINCT  `group` FROM `onethink_menu` WHERE ( pid = 122 )  [ RunTime:0.000389s ]
SQL: SELECT `id`,`url` FROM `onethink_menu` WHERE ( `pid` = 122 ) AND ( `hide` = 0 )  [ RunTime:0.000422s ]
SQL: SELECT `id`,`pid`,`title`,`url`,`tip` FROM `onethink_menu` WHERE ( `group` = '评价事件' ) AND ( `pid` = 122 ) AND ( `hide` = 0 ) ORDER BY sort asc  [ RunTime:0.000380s ]
SQL: SELECT `id`,`pid`,`title`,`url`,`tip` FROM `onethink_menu` WHERE ( `group` = '特殊事件' ) AND ( `pid` = 122 ) AND ( `hide` = 0 ) ORDER BY sort asc  [ RunTime:0.000373s ]
SQL: SHOW COLUMNS FROM `onethink_project` [ RunTime:0.005476s ]
SQL: SELECT * FROM `onethink_project` WHERE ( `id` = 11 ) LIMIT 1   [ RunTime:0.000836s ]
INFO: [ view_parse ] --START--
INFO: [ template_filter ] --START--
INFO: Run Behavior\ContentReplace [ RunTime:0.000366s ]
INFO: [ template_filter ] --END-- [ RunTime:0.000524s ]
INFO: Run Behavior\ParseTemplate [ RunTime:0.051331s ]
INFO: [ view_parse ] --END-- [ RunTime:0.051526s ]
INFO: [ view_filter ] --START--
INFO: Run Behavior\WriteHtmlCache [ RunTime:0.000723s ]
INFO: [ view_filter ] --END-- [ RunTime:0.000868s ]
INFO: [ app_end ] --START--
INFO: Run Behavior\ShowPageTrace [ RunTime:0.001165s ]
INFO: [ app_end ] --END-- [ RunTime:0.001300s ]

[ 2016-04-18T11:01:33+08:00 ] 218.91.152.220 /index.php?s=/Admin/Project/index.html
SQL: SHOW COLUMNS FROM `onethink_menu` [ RunTime:0.041860s ]
SQL: SELECT * FROM `onethink_menu` WHERE ( `pid` = 0 ) AND ( `hide` = 0 ) ORDER BY sort asc  [ RunTime:0.000405s ]
SQL: SELECT `id` FROM `onethink_menu` WHERE ( url like '%Project/index%' ) LIMIT 1   [ RunTime:0.000294s ]
SQL: SHOW COLUMNS FROM `onethink_menu` [ RunTime:0.005550s ]
SQL: SELECT `id`,`pid`,`title` FROM `onethink_menu` WHERE ( id=122 ) LIMIT 1   [ RunTime:0.000344s ]
SQL: SELECT DISTINCT  `group` FROM `onethink_menu` WHERE ( pid = 122 )  [ RunTime:0.000283s ]
SQL: SELECT `id`,`url` FROM `onethink_menu` WHERE ( `pid` = 122 ) AND ( `hide` = 0 )  [ RunTime:0.000289s ]
SQL: SELECT `id`,`pid`,`title`,`url`,`tip` FROM `onethink_menu` WHERE ( `group` = '评价事件' ) AND ( `pid` = 122 ) AND ( `hide` = 0 ) ORDER BY sort asc  [ RunTime:0.000301s ]
SQL: SELECT `id`,`pid`,`title`,`url`,`tip` FROM `onethink_menu` WHERE ( `group` = '特殊事件' ) AND ( `pid` = 122 ) AND ( `hide` = 0 ) ORDER BY sort asc  [ RunTime:0.000307s ]
SQL: SHOW COLUMNS FROM `onethink_project` [ RunTime:0.005124s ]
SQL: SELECT * FROM `onethink_project`  [ RunTime:0.000385s ]
INFO: [ view_parse ] --START--
INFO: [ template_filter ] --START--
INFO: Run Behavior\ContentReplace [ RunTime:0.000362s ]
INFO: [ template_filter ] --END-- [ RunTime:0.000516s ]
NOTIC: [8] Undefined index:  E:\freehost\www\linshikongjian\web\Runtime\Cache\Admin\c9b29f46aaf66743c1e179410e6dbdf8.php 第 129 行.
NOTIC: [8] Undefined variable: _page E:\freehost\www\linshikongjian\web\Runtime\Cache\Admin\c9b29f46aaf66743c1e179410e6dbdf8.php 第 141 行.
INFO: Run Behavior\ParseTemplate [ RunTime:0.063399s ]
INFO: [ view_parse ] --END-- [ RunTime:0.063543s ]
INFO: [ view_filter ] --START--
INFO: Run Behavior\WriteHtmlCache [ RunTime:0.000956s ]
INFO: [ view_filter ] --END-- [ RunTime:0.001080s ]
INFO: [ app_end ] --START--
INFO: Run Behavior\ShowPageTrace [ RunTime:0.001310s ]
INFO: [ app_end ] --END-- [ RunTime:0.001448s ]

[ 2016-04-18T11:01:35+08:00 ] 218.91.152.220 /index.php?s=/Home/Project/index/id/11.html
SQL: SHOW COLUMNS FROM `onethink_project` [ RunTime:0.005839s ]
SQL: SELECT * FROM `onethink_project` WHERE ( `id` = 11 ) LIMIT 1   [ RunTime:0.000367s ]
NOTIC: [8] Undefined variable: category E:\freehost\www\linshikongjian\web\Application\Home\Controller\ProjectController.class.php 第 36 行.
INFO: [ view_parse ] --START--
INFO: [ template_filter ] --START--
INFO: Run Behavior\ContentReplace [ RunTime:0.000323s ]
INFO: [ template_filter ] --END-- [ RunTime:0.000499s ]
SQL: SHOW COLUMNS FROM `onethink_channel` [ RunTime:0.018694s ]
SQL: SELECT `id`,`pid`,`title`,`url`,`sort`,`create_time`,`update_time`,`status`,`target` FROM `onethink_channel` WHERE ( status=1 ) ORDER BY sort  [ RunTime:0.007546s ]
NOTIC: [8] Undefined variable: category E:\freehost\www\linshikongjian\web\Runtime\Cache\Home\5d133778d7de97e139009fa0c8819324.php 第 91 行.
SQL: SHOW COLUMNS FROM `onethink_category` [ RunTime:0.006713s ]
SQL: SELECT `id`,`name`,`pid`,`title`,`link_id` FROM `onethink_category` WHERE ( `status` = 1 ) ORDER BY sort  [ RunTime:0.000719s ]
NOTIC: [8] Undefined index: _ E:\freehost\www\linshikongjian\web\Application\Home\Widget\CategoryWidget.class.php 第 25 行.
INFO: [ view_parse ] --START--
INFO: [ template_filter ] --START--
INFO: Run Behavior\ContentReplace [ RunTime:0.000104s ]
INFO: [ template_filter ] --END-- [ RunTime:-0.062131s ]
INFO: Run Behavior\ParseTemplate [ RunTime:0.008351s ]
INFO: [ view_parse ] --END-- [ RunTime:0.008539s ]
INFO: [ view_filter ] --START--
INFO: Run Behavior\WriteHtmlCache [ RunTime:0.000852s ]
INFO: [ view_filter ] --END-- [ RunTime:0.000994s ]
INFO: Run Behavior\ParseTemplate [ RunTime:0.009819s ]
INFO: [ view_parse ] --END-- [ RunTime:0.008539s ]
INFO: [ view_filter ] --START--
INFO: Run Behavior\WriteHtmlCache [ RunTime:0.000022s ]
INFO: [ view_filter ] --END-- [ RunTime:-0.000438s ]
INFO: [ app_end ] --START--
INFO: Run Behavior\ShowPageTrace [ RunTime:0.001386s ]
INFO: [ app_end ] --END-- [ RunTime:0.001509s ]

[ 2016-04-18T11:01:51+08:00 ] 218.91.152.220 /index.php?s=/Admin/Public/login.html
INFO: [ view_parse ] --START--
INFO: [ template_filter ] --START--
INFO: Run Behavior\ContentReplace [ RunTime:0.000298s ]
INFO: [ template_filter ] --END-- [ RunTime:0.000570s ]
INFO: Run Behavior\ParseTemplate [ RunTime:0.017138s ]
INFO: [ view_parse ] --END-- [ RunTime:0.018217s ]
INFO: [ view_filter ] --START--
INFO: Run Behavior\WriteHtmlCache [ RunTime:0.000992s ]
INFO: [ view_filter ] --END-- [ RunTime:0.001196s ]
INFO: [ app_end ] --START--
INFO: Run Behavior\ShowPageTrace [ RunTime:0.001771s ]
INFO: [ app_end ] --END-- [ RunTime:0.002038s ]

[ 2016-04-18T11:01:58+08:00 ] 58.220.253.242 /index.php?s=/Home/Project/index/id/11.html
SQL: SHOW COLUMNS FROM `onethink_project` [ RunTime:0.005201s ]
SQL: SELECT * FROM `onethink_project` WHERE ( `id` = 11 ) LIMIT 1   [ RunTime:0.000329s ]
NOTIC: [8] Undefined variable: category E:\freehost\www\linshikongjian\web\Application\Home\Controller\ProjectController.class.php 第 36 行.
INFO: [ view_parse ] --START--
INFO: [ template_filter ] --START--
INFO: Run Behavior\ContentReplace [ RunTime:0.000494s ]
INFO: [ template_filter ] --END-- [ RunTime:0.000782s ]
SQL: SHOW COLUMNS FROM `onethink_channel` [ RunTime:0.008535s ]
SQL: SELECT `id`,`pid`,`title`,`url`,`sort`,`create_time`,`update_time`,`status`,`target` FROM `onethink_channel` WHERE ( status=1 ) ORDER BY sort  [ RunTime:0.000436s ]
NOTIC: [8] Undefined variable: category E:\freehost\www\linshikongjian\web\Runtime\Cache\Home\5d133778d7de97e139009fa0c8819324.php 第 91 行.
SQL: SHOW COLUMNS FROM `onethink_category` [ RunTime:0.006314s ]
SQL: SELECT `id`,`name`,`pid`,`title`,`link_id` FROM `onethink_category` WHERE ( `status` = 1 ) ORDER BY sort  [ RunTime:0.000445s ]
NOTIC: [8] Undefined index: _ E:\freehost\www\linshikongjian\web\Application\Home\Widget\CategoryWidget.class.php 第 25 行.
INFO: [ view_parse ] --START--
INFO: [ template_filter ] --START--
INFO: Run Behavior\ContentReplace [ RunTime:0.000158s ]
INFO: [ template_filter ] --END-- [ RunTime:-0.041963s ]
INFO: Run Behavior\ParseTemplate [ RunTime:0.012178s ]
INFO: [ view_parse ] --END-- [ RunTime:0.012405s ]
INFO: [ view_filter ] --START--
INFO: Run Behavior\WriteHtmlCache [ RunTime:0.000711s ]
INFO: [ view_filter ] --END-- [ RunTime:0.000838s ]
INFO: Run Behavior\ParseTemplate [ RunTime:0.013517s ]
INFO: [ view_parse ] --END-- [ RunTime:0.012405s ]
INFO: [ view_filter ] --START--
INFO: Run Behavior\WriteHtmlCache [ RunTime:0.000023s ]
INFO: [ view_filter ] --END-- [ RunTime:-0.000467s ]
INFO: [ app_end ] --START--
INFO: Run Behavior\ShowPageTrace [ RunTime:0.001208s ]
INFO: [ app_end ] --END-- [ RunTime:0.001332s ]

[ 2016-04-18T11:02:09+08:00 ] 58.220.253.242 /index.php?s=/Admin/Public/login.html
INFO: [ view_parse ] --START--
INFO: [ template_filter ] --START--
INFO: Run Behavior\ContentReplace [ RunTime:0.000173s ]
INFO: [ template_filter ] --END-- [ RunTime:0.000328s ]
INFO: Run Behavior\ParseTemplate [ RunTime:0.014262s ]
INFO: [ view_parse ] --END-- [ RunTime:0.015135s ]
INFO: [ view_filter ] --START--
INFO: Run Behavior\WriteHtmlCache [ RunTime:0.000658s ]
INFO: [ view_filter ] --END-- [ RunTime:0.000780s ]
INFO: [ app_end ] --START--
INFO: Run Behavior\ShowPageTrace [ RunTime:0.001117s ]
INFO: [ app_end ] --END-- [ RunTime:0.001247s ]

[ 2016-04-18T11:02:55+08:00 ] 58.220.253.242 /index.php?s=/Admin/Public/login.html
INFO: [ app_begin ] --START--
INFO: Run Behavior\ReadHtmlCache [ RunTime:0.000991s ]
INFO: [ app_begin ] --END-- [ RunTime:0.001790s ]
SQL: SHOW COLUMNS FROM `onethink_ucenter_member` [ RunTime:0.005579s ]
SQL: SELECT * FROM `onethink_ucenter_member` WHERE ( `username` = 'admin' ) LIMIT 1   [ RunTime:0.000774s ]
SQL: UPDATE `onethink_ucenter_member` SET `last_login_time`=1460948575,`last_login_ip`='987561458' WHERE ( `id` = 1 ) [ RunTime:0.000459s ]
SQL: SHOW COLUMNS FROM `onethink_member` [ RunTime:0.005636s ]
SQL: SELECT `uid`,`nickname`,`sex`,`birthday`,`qq`,`score`,`login`,`reg_ip`,`reg_time`,`last_login_ip`,`last_login_time`,`status` FROM `onethink_member` WHERE ( `uid` = 1 ) LIMIT 1   [ RunTime:0.000588s ]
SQL: SHOW COLUMNS FROM `onethink_action` [ RunTime:0.005026s ]
SQL: SELECT * FROM `onethink_action` WHERE ( `name` = 'user_login' ) LIMIT 1   [ RunTime:0.000311s ]
SQL: SHOW COLUMNS FROM `onethink_action_log` [ RunTime:0.005205s ]
SQL: INSERT INTO `onethink_action_log` (`action_id`,`user_id`,`action_ip`,`model`,`record_id`,`create_time`,`remark`) VALUES (1,1,987561458,'member',1,1460948575,'admin在2016-04-18 11:02登录了后台') [ RunTime:0.000450s ]
SQL: SELECT * FROM `onethink_action` WHERE ( `name` = 'user_login' ) LIMIT 1   [ RunTime:0.000300s ]
NOTIC: [8] Undefined offset: 1 E:\freehost\www\linshikongjian\web\Application\Common\Common\function.php 第 665 行.
NOTIC: [2] array_key_exists() expects parameter 2 to be array, null given E:\freehost\www\linshikongjian\web\Application\Common\Common\function.php 第 665 行.
SQL: SELECT COUNT(*) AS tp_count FROM `onethink_action_log` WHERE ( `action_id` = 1 ) AND ( `user_id` = 1 ) AND ( `create_time` > 1460862175 ) LIMIT 1   [ RunTime:0.000599s ]
SQL: UPDATE `onethink_member` SET `login`=`login`+1,`last_login_time`=1460948575,`last_login_ip`='987561458' WHERE ( `uid` = 1 ) [ RunTime:0.000431s ]

[ 2016-04-18T11:02:56+08:00 ] 58.220.253.242 /index.php?s=/Admin/Index/index.html
SQL: SHOW COLUMNS FROM `onethink_menu` [ RunTime:0.007767s ]
SQL: SELECT * FROM `onethink_menu` WHERE ( `pid` = 0 ) AND ( `hide` = 0 ) ORDER BY sort asc  [ RunTime:0.000547s ]
SQL: SELECT `id` FROM `onethink_menu` WHERE ( url like '%Index/index%' ) LIMIT 1   [ RunTime:0.000279s ]
SQL: SHOW COLUMNS FROM `onethink_menu` [ RunTime:0.005520s ]
SQL: SELECT `id`,`pid`,`title` FROM `onethink_menu` WHERE ( id=1 ) LIMIT 1   [ RunTime:0.000385s ]
SQL: SELECT DISTINCT  `group` FROM `onethink_menu` WHERE ( pid = 1 )  [ RunTime:0.000305s ]
SQL: SELECT `id`,`url` FROM `onethink_menu` WHERE ( `pid` = 1 ) AND ( `hide` = 0 )  [ RunTime:0.000326s ]
INFO: [ view_parse ] --START--
INFO: [ template_filter ] --START--
INFO: Run Behavior\ContentReplace [ RunTime:0.000321s ]
INFO: [ template_filter ] --END-- [ RunTime:0.000547s ]
INFO: [ AdminIndex ] --START--
SQL: SHOW COLUMNS FROM `onethink_addons` [ RunTime:0.005509s ]
SQL: SELECT `config` FROM `onethink_addons` WHERE ( `name` = 'SiteStat' ) AND ( `status` = 1 ) LIMIT 1   [ RunTime:0.000349s ]
SQL: SHOW COLUMNS FROM `onethink_member` [ RunTime:0.005427s ]
SQL: SELECT COUNT(*) AS tp_count FROM `onethink_member` LIMIT 1   [ RunTime:0.000414s ]
SQL: SHOW COLUMNS FROM `onethink_action_log` [ RunTime:0.005098s ]
SQL: SELECT COUNT(*) AS tp_count FROM `onethink_action_log` LIMIT 1   [ RunTime:0.000448s ]
SQL: SHOW COLUMNS FROM `onethink_document` [ RunTime:0.008528s ]
SQL: SELECT COUNT(*) AS tp_count FROM `onethink_document` LIMIT 1   [ RunTime:0.000325s ]
SQL: SHOW COLUMNS FROM `onethink_category` [ RunTime:0.006692s ]
SQL: SELECT COUNT(*) AS tp_count FROM `onethink_category` LIMIT 1   [ RunTime:0.000265s ]
SQL: SHOW COLUMNS FROM `onethink_model` [ RunTime:0.006274s ]
SQL: SELECT COUNT(*) AS tp_count FROM `onethink_model` LIMIT 1   [ RunTime:0.000287s ]
INFO: [ view_parse ] --START--
INFO: [ template_filter ] --START--
INFO: Run Behavior\ContentReplace [ RunTime:0.000126s ]
INFO: [ template_filter ] --END-- [ RunTime:-0.057424s ]
INFO: Run Behavior\ParseTemplate [ RunTime:0.005984s ]
INFO: [ view_parse ] --END-- [ RunTime:0.006144s ]
INFO: [ view_filter ] --START--
INFO: Run Behavior\WriteHtmlCache [ RunTime:0.000733s ]
INFO: [ view_filter ] --END-- [ RunTime:0.000861s ]
INFO: Run SiteStat [ RunTime:0.055941s ]
SQL: SELECT `config` FROM `onethink_addons` WHERE ( `name` = 'SystemInfo' ) AND ( `status` = 1 ) LIMIT 1   [ RunTime:0.000362s ]
INFO: [ view_parse ] --START--
INFO: [ template_filter ] --START--
INFO: Run Behavior\ContentReplace [ RunTime:0.000119s ]
INFO: [ template_filter ] --END-- [ RunTime:-0.127583s ]
SQL: select version() as v; [ RunTime:0.000493s ]
INFO: Run Behavior\ParseTemplate [ RunTime:0.007560s ]
INFO: [ view_parse ] --END-- [ RunTime:-0.063184s ]
INFO: [ view_filter ] --START--
INFO: Run Behavior\WriteHtmlCache [ RunTime:0.000023s ]
INFO: [ view_filter ] --END-- [ RunTime:-0.070034s ]
INFO: Run SystemInfo [ RunTime:0.070096s ]
SQL: SELECT `config` FROM `onethink_addons` WHERE ( `name` = 'DevTeam' ) AND ( `status` = 1 ) LIMIT 1   [ RunTime:0.000286s ]
INFO: [ view_parse ] --START--
INFO: [ template_filter ] --START--
INFO: Run Behavior\ContentReplace [ RunTime:0.000141s ]
INFO: [ template_filter ] --END-- [ RunTime:-0.136929s ]
INFO: Run Behavior\ParseTemplate [ RunTime:0.005068s ]
INFO: [ view_parse ] --END-- [ RunTime:-0.073886s ]
INFO: [ view_filter ] --START--
INFO: Run Behavior\WriteHtmlCache [ RunTime:0.000024s ]
INFO: [ view_filter ] --END-- [ RunTime:-0.078224s ]
INFO: Run DevTeam [ RunTime:0.008130s ]
INFO: [ AdminIndex ] --END-- [ RunTime:0.134406s ]
INFO: Run Behavior\ParseTemplate [ RunTime:0.005561s ]
INFO: [ view_parse ] --END-- [ RunTime:-0.073886s ]
INFO: [ view_filter ] --START--
INFO: Run Behavior\WriteHtmlCache [ RunTime:0.000021s ]
INFO: [ view_filter ] --END-- [ RunTime:-0.078689s ]
INFO: [ app_end ] --START--
INFO: Run Behavior\ShowPageTrace [ RunTime:0.001065s ]
INFO: [ app_end ] --END-- [ RunTime:0.001202s ]

[ 2016-04-18T11:03:09+08:00 ] 58.220.253.242 /index.php?s=/Admin/Project/index.html
SQL: SHOW COLUMNS FROM `onethink_menu` [ RunTime:0.002216s ]
SQL: SELECT * FROM `onethink_menu` WHERE ( `pid` = 0 ) AND ( `hide` = 0 ) ORDER BY sort asc  [ RunTime:0.000152s ]
SQL: SELECT `id` FROM `onethink_menu` WHERE ( url like '%Project/index%' ) LIMIT 1   [ RunTime:0.000104s ]
SQL: SHOW COLUMNS FROM `onethink_menu` [ RunTime:0.002055s ]
SQL: SELECT `id`,`pid`,`title` FROM `onethink_menu` WHERE ( id=122 ) LIMIT 1   [ RunTime:0.000111s ]
SQL: SELECT DISTINCT  `group` FROM `onethink_menu` WHERE ( pid = 122 )  [ RunTime:0.000098s ]
SQL: SELECT `id`,`url` FROM `onethink_menu` WHERE ( `pid` = 122 ) AND ( `hide` = 0 )  [ RunTime:0.000101s ]
SQL: SELECT `id`,`pid`,`title`,`url`,`tip` FROM `onethink_menu` WHERE ( `group` = '评价事件' ) AND ( `pid` = 122 ) AND ( `hide` = 0 ) ORDER BY sort asc  [ RunTime:0.000111s ]
SQL: SELECT `id`,`pid`,`title`,`url`,`tip` FROM `onethink_menu` WHERE ( `group` = '特殊事件' ) AND ( `pid` = 122 ) AND ( `hide` = 0 ) ORDER BY sort asc  [ RunTime:0.000108s ]
SQL: SHOW COLUMNS FROM `onethink_project` [ RunTime:0.002019s ]
SQL: SELECT * FROM `onethink_project`  [ RunTime:0.000150s ]
INFO: [ view_parse ] --START--
INFO: [ template_filter ] --START--
INFO: Run Behavior\ContentReplace [ RunTime:0.000151s ]
INFO: [ template_filter ] --END-- [ RunTime:0.000214s ]
NOTIC: [8] Undefined index:  E:\freehost\www\linshikongjian\web\Runtime\Cache\Admin\c9b29f46aaf66743c1e179410e6dbdf8.php 第 129 行.
NOTIC: [8] Undefined variable: _page E:\freehost\www\linshikongjian\web\Runtime\Cache\Admin\c9b29f46aaf66743c1e179410e6dbdf8.php 第 141 行.
INFO: Run Behavior\ParseTemplate [ RunTime:0.016262s ]
INFO: [ view_parse ] --END-- [ RunTime:0.016319s ]
INFO: [ view_filter ] --START--
INFO: Run Behavior\WriteHtmlCache [ RunTime:0.000293s ]
INFO: [ view_filter ] --END-- [ RunTime:0.000341s ]
INFO: [ app_end ] --START--
INFO: Run Behavior\ShowPageTrace [ RunTime:0.000391s ]
INFO: [ app_end ] --END-- [ RunTime:0.000444s ]

[ 2016-04-18T11:03:18+08:00 ] 58.220.253.242 /index.php?s=/Admin/Project/specialIndex.html
SQL: SHOW COLUMNS FROM `onethink_menu` [ RunTime:0.005650s ]
SQL: SELECT * FROM `onethink_menu` WHERE ( `pid` = 0 ) AND ( `hide` = 0 ) ORDER BY sort asc  [ RunTime:0.000350s ]
SQL: SELECT `id` FROM `onethink_menu` WHERE ( url like '%Project/specialindex%' ) LIMIT 1   [ RunTime:0.000669s ]
SQL: SHOW COLUMNS FROM `onethink_menu` [ RunTime:0.005020s ]
SQL: SELECT `id`,`pid`,`title` FROM `onethink_menu` WHERE ( id=125 ) LIMIT 1   [ RunTime:0.000463s ]
SQL: SELECT `id`,`pid`,`title` FROM `onethink_menu` WHERE ( id=122 ) LIMIT 1   [ RunTime:0.000275s ]
SQL: SELECT DISTINCT  `group` FROM `onethink_menu` WHERE ( pid = 122 )  [ RunTime:0.000249s ]
SQL: SELECT `id`,`url` FROM `onethink_menu` WHERE ( `pid` = 122 ) AND ( `hide` = 0 )  [ RunTime:0.000268s ]
SQL: SELECT `id`,`pid`,`title`,`url`,`tip` FROM `onethink_menu` WHERE ( `group` = '评价事件' ) AND ( `pid` = 122 ) AND ( `hide` = 0 ) ORDER BY sort asc  [ RunTime:0.000290s ]
SQL: SELECT `id`,`pid`,`title`,`url`,`tip` FROM `onethink_menu` WHERE ( `group` = '特殊事件' ) AND ( `pid` = 122 ) AND ( `hide` = 0 ) ORDER BY sort asc  [ RunTime:0.000278s ]
SQL: SHOW COLUMNS FROM `onethink_special` [ RunTime:0.051536s ]
SQL: SELECT * FROM `onethink_special`  [ RunTime:0.000843s ]
INFO: [ view_parse ] --START--
INFO: [ template_filter ] --START--
INFO: Run Behavior\ContentReplace [ RunTime:0.000355s ]
INFO: [ template_filter ] --END-- [ RunTime:0.000518s ]
NOTIC: [8] Undefined variable: _page E:\freehost\www\linshikongjian\web\Runtime\Cache\Admin\7e1d70b4c8bd3596f73941c4f51c3127.php 第 137 行.
INFO: Run Behavior\ParseTemplate [ RunTime:0.045539s ]
INFO: [ view_parse ] --END-- [ RunTime:0.045724s ]
INFO: [ view_filter ] --START--
INFO: Run Behavior\WriteHtmlCache [ RunTime:0.000859s ]
INFO: [ view_filter ] --END-- [ RunTime:0.000992s ]
INFO: [ app_end ] --START--
INFO: Run Behavior\ShowPageTrace [ RunTime:0.001078s ]
INFO: [ app_end ] --END-- [ RunTime:0.001214s ]

[ 2016-04-18T11:03:22+08:00 ] 58.220.253.242 /index.php?s=/Admin/Staff/index.html
SQL: SHOW COLUMNS FROM `onethink_menu` [ RunTime:0.005572s ]
SQL: SELECT * FROM `onethink_menu` WHERE ( `pid` = 0 ) AND ( `hide` = 0 ) ORDER BY sort asc  [ RunTime:0.000352s ]
SQL: SELECT `id` FROM `onethink_menu` WHERE ( url like '%Staff/index%' ) LIMIT 1   [ RunTime:0.000708s ]
SQL: SHOW COLUMNS FROM `onethink_menu` [ RunTime:0.005117s ]
SQL: SELECT `id`,`pid`,`title` FROM `onethink_menu` WHERE ( id=131 ) LIMIT 1   [ RunTime:0.000478s ]
SQL: SELECT DISTINCT  `group` FROM `onethink_menu` WHERE ( pid = 131 )  [ RunTime:0.000690s ]
SQL: SELECT `id`,`url` FROM `onethink_menu` WHERE ( `pid` = 131 ) AND ( `hide` = 0 )  [ RunTime:0.000478s ]
SQL: SELECT `id`,`pid`,`title`,`url`,`tip` FROM `onethink_menu` WHERE ( `group` = '关联资料' ) AND ( `pid` = 131 ) AND ( `hide` = 0 ) ORDER BY sort asc  [ RunTime:0.000590s ]
SQL: SHOW COLUMNS FROM `onethink_staff` [ RunTime:0.012061s ]
SQL: SELECT * FROM `onethink_staff`  [ RunTime:0.000598s ]
INFO: [ view_parse ] --START--
INFO: [ template_filter ] --START--
INFO: Run Behavior\ContentReplace [ RunTime:0.000363s ]
INFO: [ template_filter ] --END-- [ RunTime:0.000517s ]
NOTIC: [8] Undefined variable: _page E:\freehost\www\linshikongjian\web\Runtime\Cache\Admin\a8f99bcd1c7274cebea7ba6bf31be760.php 第 140 行.
INFO: Run Behavior\ParseTemplate [ RunTime:0.040447s ]
INFO: [ view_parse ] --END-- [ RunTime:0.040594s ]
INFO: [ view_filter ] --START--
INFO: Run Behavior\WriteHtmlCache [ RunTime:0.001055s ]
INFO: [ view_filter ] --END-- [ RunTime:0.001217s ]
INFO: [ app_end ] --START--
INFO: Run Behavior\ShowPageTrace [ RunTime:0.000994s ]
INFO: [ app_end ] --END-- [ RunTime:0.001131s ]

[ 2016-04-18T11:03:26+08:00 ] 58.220.253.242 /index.php?s=/Admin/User/index.html
SQL: SHOW COLUMNS FROM `onethink_menu` [ RunTime:0.005519s ]
SQL: SELECT * FROM `onethink_menu` WHERE ( `pid` = 0 ) AND ( `hide` = 0 ) ORDER BY sort asc  [ RunTime:0.000389s ]
SQL: SELECT `id` FROM `onethink_menu` WHERE ( url like '%User/index%' ) LIMIT 1   [ RunTime:0.000499s ]
SQL: SHOW COLUMNS FROM `onethink_menu` [ RunTime:0.005312s ]
SQL: SELECT `id`,`pid`,`title` FROM `onethink_menu` WHERE ( id=16 ) LIMIT 1   [ RunTime:0.000535s ]
SQL: SELECT DISTINCT  `group` FROM `onethink_menu` WHERE ( pid = 16 )  [ RunTime:0.000741s ]
SQL: SELECT `id`,`url` FROM `onethink_menu` WHERE ( `pid` = 16 ) AND ( `hide` = 0 )  [ RunTime:0.000534s ]
SQL: SELECT `id`,`pid`,`title`,`url`,`tip` FROM `onethink_menu` WHERE ( `group` = '用户管理' ) AND ( `pid` = 16 ) AND ( `hide` = 0 ) ORDER BY sort asc  [ RunTime:0.000617s ]
SQL: SELECT `id`,`pid`,`title`,`url`,`tip` FROM `onethink_menu` WHERE ( `group` = '行为管理' ) AND ( `pid` = 16 ) AND ( `hide` = 0 ) ORDER BY sort asc  [ RunTime:0.000602s ]
SQL: SELECT `id`,`pid`,`title`,`url`,`tip` FROM `onethink_menu` WHERE ( `group` = '' ) AND ( `pid` = 16 ) AND ( `hide` = 0 ) ORDER BY sort asc  [ RunTime:0.000827s ]
SQL: SHOW COLUMNS FROM `onethink_member` [ RunTime:0.005278s ]
SQL: SELECT COUNT(*) AS tp_count FROM `onethink_member` WHERE ( `status` >= 0 ) AND ( `nickname` LIKE '%%' ) LIMIT 1   [ RunTime:0.000640s ]
SQL: SELECT `uid`,`nickname`,`sex`,`birthday`,`qq`,`score`,`login`,`reg_ip`,`reg_time`,`last_login_ip`,`last_login_time`,`status` FROM `onethink_member` WHERE ( `status` >= 0 ) AND ( `nickname` LIKE '%%' ) ORDER BY uid desc LIMIT 0,10   [ RunTime:0.001012s ]
INFO: [ view_parse ] --START--
INFO: [ template_filter ] --START--
INFO: Run Behavior\ContentReplace [ RunTime:0.000448s ]
INFO: [ template_filter ] --END-- [ RunTime:0.000624s ]
INFO: Run Behavior\ParseTemplate [ RunTime:0.045170s ]
INFO: [ view_parse ] --END-- [ RunTime:0.045374s ]
INFO: [ view_filter ] --START--
INFO: Run Behavior\WriteHtmlCache [ RunTime:0.001113s ]
INFO: [ view_filter ] --END-- [ RunTime:0.001242s ]
INFO: [ app_end ] --START--
INFO: Run Behavior\ShowPageTrace [ RunTime:0.001056s ]
INFO: [ app_end ] --END-- [ RunTime:0.001188s ]

[ 2016-04-18T11:03:28+08:00 ] 58.220.253.242 /index.php?s=/Admin/Config/group.html
SQL: SHOW COLUMNS FROM `onethink_menu` [ RunTime:0.005140s ]
SQL: SELECT * FROM `onethink_menu` WHERE ( `pid` = 0 ) AND ( `hide` = 0 ) ORDER BY sort asc  [ RunTime:0.000368s ]
SQL: SELECT `id` FROM `onethink_menu` WHERE ( url like '%Config/group%' ) LIMIT 1   [ RunTime:0.000589s ]
SQL: SHOW COLUMNS FROM `onethink_menu` [ RunTime:0.005977s ]
SQL: SELECT `id`,`pid`,`title` FROM `onethink_menu` WHERE ( id=68 ) LIMIT 1   [ RunTime:0.000525s ]
SQL: SELECT DISTINCT  `group` FROM `onethink_menu` WHERE ( pid = 68 )  [ RunTime:0.000775s ]
SQL: SELECT `id`,`url` FROM `onethink_menu` WHERE ( `pid` = 68 ) AND ( `hide` = 0 )  [ RunTime:0.000566s ]
SQL: SELECT `id`,`pid`,`title`,`url`,`tip` FROM `onethink_menu` WHERE ( `group` = '系统设置' ) AND ( `pid` = 68 ) AND ( `hide` = 0 ) ORDER BY sort asc  [ RunTime:0.000702s ]
SQL: SELECT `id`,`pid`,`title`,`url`,`tip` FROM `onethink_menu` WHERE ( `group` = '' ) AND ( `pid` = 68 ) AND ( `hide` = 0 ) ORDER BY sort asc  [ RunTime:0.000620s ]
SQL: SELECT `id`,`pid`,`title`,`url`,`tip` FROM `onethink_menu` WHERE ( `group` = '数据备份' ) AND ( `pid` = 68 ) AND ( `hide` = 0 ) ORDER BY sort asc  [ RunTime:0.000668s ]
SQL: SHOW COLUMNS FROM `onethink_config` [ RunTime:0.005474s ]
SQL: SELECT `id`,`name`,`title`,`extra`,`value`,`remark`,`type` FROM `onethink_config` WHERE ( `status` = 1 ) AND ( `group` = 1 ) ORDER BY sort  [ RunTime:0.000750s ]
INFO: [ view_parse ] --START--
INFO: [ template_filter ] --START--
INFO: Run Behavior\ContentReplace [ RunTime:0.000566s ]
INFO: [ template_filter ] --END-- [ RunTime:0.000829s ]
INFO: Run Behavior\ParseTemplate [ RunTime:0.073334s ]
INFO: [ view_parse ] --END-- [ RunTime:0.073501s ]
INFO: [ view_filter ] --START--
INFO: Run Behavior\WriteHtmlCache [ RunTime:0.000767s ]
INFO: [ view_filter ] --END-- [ RunTime:0.000892s ]
INFO: [ app_end ] --START--
INFO: Run Behavior\ShowPageTrace [ RunTime:0.000971s ]
INFO: [ app_end ] --END-- [ RunTime:0.001103s ]

[ 2016-04-18T11:03:37+08:00 ] 58.220.253.242 /index.php?s=/Admin/Config/group/id/3.html
SQL: SHOW COLUMNS FROM `onethink_menu` [ RunTime:0.005210s ]
SQL: SELECT * FROM `onethink_menu` WHERE ( `pid` = 0 ) AND ( `hide` = 0 ) ORDER BY sort asc  [ RunTime:0.000367s ]
SQL: SELECT `id` FROM `onethink_menu` WHERE ( url like '%Config/group%' ) LIMIT 1   [ RunTime:0.000246s ]
SQL: SHOW COLUMNS FROM `onethink_menu` [ RunTime:0.004886s ]
SQL: SELECT `id`,`pid`,`title` FROM `onethink_menu` WHERE ( id=68 ) LIMIT 1   [ RunTime:0.002342s ]
SQL: SELECT DISTINCT  `group` FROM `onethink_menu` WHERE ( pid = 68 )  [ RunTime:0.000280s ]
SQL: SELECT `id`,`url` FROM `onethink_menu` WHERE ( `pid` = 68 ) AND ( `hide` = 0 )  [ RunTime:0.000265s ]
SQL: SELECT `id`,`pid`,`title`,`url`,`tip` FROM `onethink_menu` WHERE ( `group` = '系统设置' ) AND ( `pid` = 68 ) AND ( `hide` = 0 ) ORDER BY sort asc  [ RunTime:0.000278s ]
SQL: SELECT `id`,`pid`,`title`,`url`,`tip` FROM `onethink_menu` WHERE ( `group` = '' ) AND ( `pid` = 68 ) AND ( `hide` = 0 ) ORDER BY sort asc  [ RunTime:0.000330s ]
SQL: SELECT `id`,`pid`,`title`,`url`,`tip` FROM `onethink_menu` WHERE ( `group` = '数据备份' ) AND ( `pid` = 68 ) AND ( `hide` = 0 ) ORDER BY sort asc  [ RunTime:0.000310s ]
SQL: SHOW COLUMNS FROM `onethink_config` [ RunTime:0.005134s ]
SQL: SELECT `id`,`name`,`title`,`extra`,`value`,`remark`,`type` FROM `onethink_config` WHERE ( `status` = 1 ) AND ( `group` = 3 ) ORDER BY sort  [ RunTime:0.000652s ]
INFO: [ view_parse ] --START--
INFO: [ template_filter ] --START--
INFO: Run Behavior\ContentReplace [ RunTime:0.000551s ]
INFO: [ template_filter ] --END-- [ RunTime:0.000789s ]
INFO: Run Behavior\ParseTemplate [ RunTime:0.056913s ]
INFO: [ view_parse ] --END-- [ RunTime:0.057083s ]
INFO: [ view_filter ] --START--
INFO: Run Behavior\WriteHtmlCache [ RunTime:0.000758s ]
INFO: [ view_filter ] --END-- [ RunTime:0.000875s ]
INFO: [ app_end ] --START--
INFO: Run Behavior\ShowPageTrace [ RunTime:0.001020s ]
INFO: [ app_end ] --END-- [ RunTime:0.001145s ]

[ 2016-04-18T11:04:15+08:00 ] 58.220.253.242 /index.php?s=/Home/Project/index/id/11.html
SQL: SHOW COLUMNS FROM `onethink_project` [ RunTime:0.005955s ]
SQL: SELECT * FROM `onethink_project` WHERE ( `id` = 11 ) LIMIT 1   [ RunTime:0.000323s ]
NOTIC: [8] Undefined variable: category E:\freehost\www\linshikongjian\web\Application\Home\Controller\ProjectController.class.php 第 36 行.
INFO: [ view_parse ] --START--
INFO: [ template_filter ] --START--
INFO: Run Behavior\ContentReplace [ RunTime:0.000277s ]
INFO: [ template_filter ] --END-- [ RunTime:0.000445s ]
SQL: SHOW COLUMNS FROM `onethink_channel` [ RunTime:0.005712s ]
SQL: SELECT `id`,`pid`,`title`,`url`,`sort`,`create_time`,`update_time`,`status`,`target` FROM `onethink_channel` WHERE ( status=1 ) ORDER BY sort  [ RunTime:0.000318s ]
NOTIC: [8] Undefined variable: category E:\freehost\www\linshikongjian\web\Runtime\Cache\Home\5d133778d7de97e139009fa0c8819324.php 第 91 行.
SQL: SHOW COLUMNS FROM `onethink_category` [ RunTime:0.005928s ]
SQL: SELECT `id`,`name`,`pid`,`title`,`link_id` FROM `onethink_category` WHERE ( `status` = 1 ) ORDER BY sort  [ RunTime:0.000390s ]
NOTIC: [8] Undefined index: _ E:\freehost\www\linshikongjian\web\Application\Home\Widget\CategoryWidget.class.php 第 25 行.
INFO: [ view_parse ] --START--
INFO: [ template_filter ] --START--
INFO: Run Behavior\ContentReplace [ RunTime:0.000102s ]
INFO: [ template_filter ] --END-- [ RunTime:-0.030174s ]
INFO: Run Behavior\ParseTemplate [ RunTime:0.008864s ]
INFO: [ view_parse ] --END-- [ RunTime:0.009051s ]
INFO: [ view_filter ] --START--
INFO: Run Behavior\WriteHtmlCache [ RunTime:0.000789s ]
INFO: [ view_filter ] --END-- [ RunTime:0.000916s ]
INFO: Run Behavior\ParseTemplate [ RunTime:0.010254s ]
INFO: [ view_parse ] --END-- [ RunTime:0.009051s ]
INFO: [ view_filter ] --START--
INFO: Run Behavior\WriteHtmlCache [ RunTime:0.000022s ]
INFO: [ view_filter ] --END-- [ RunTime:-0.000443s ]
INFO: [ app_end ] --START--
INFO: Run Behavior\ShowPageTrace [ RunTime:0.001093s ]
INFO: [ app_end ] --END-- [ RunTime:0.001220s ]

[ 2016-04-18T11:10:49+08:00 ] 218.91.152.220 /index.php?s=/Home/Project/index/id/11.html
SQL: SHOW COLUMNS FROM `onethink_project` [ RunTime:0.005490s ]
SQL: SELECT * FROM `onethink_project` WHERE ( `id` = 11 ) LIMIT 1   [ RunTime:0.000322s ]
NOTIC: [8] Undefined variable: category E:\freehost\www\linshikongjian\web\Application\Home\Controller\ProjectController.class.php 第 36 行.
INFO: [ view_parse ] --START--
INFO: [ template_filter ] --START--
INFO: Run Behavior\ContentReplace [ RunTime:0.000433s ]
INFO: [ template_filter ] --END-- [ RunTime:0.000718s ]
SQL: SHOW COLUMNS FROM `onethink_channel` [ RunTime:0.010064s ]
SQL: SELECT `id`,`pid`,`title`,`url`,`sort`,`create_time`,`update_time`,`status`,`target` FROM `onethink_channel` WHERE ( status=1 ) ORDER BY sort  [ RunTime:0.000475s ]
NOTIC: [8] Undefined variable: category E:\freehost\www\linshikongjian\web\Runtime\Cache\Home\5d133778d7de97e139009fa0c8819324.php 第 91 行.
SQL: SHOW COLUMNS FROM `onethink_category` [ RunTime:0.007657s ]
SQL: SELECT `id`,`name`,`pid`,`title`,`link_id` FROM `onethink_category` WHERE ( `status` = 1 ) ORDER BY sort  [ RunTime:0.000311s ]
NOTIC: [8] Undefined index: _ E:\freehost\www\linshikongjian\web\Application\Home\Widget\CategoryWidget.class.php 第 25 行.
INFO: [ view_parse ] --START--
INFO: [ template_filter ] --START--
INFO: Run Behavior\ContentReplace [ RunTime:0.000177s ]
INFO: [ template_filter ] --END-- [ RunTime:-0.042416s ]
INFO: Run Behavior\ParseTemplate [ RunTime:0.012049s ]
INFO: [ view_parse ] --END-- [ RunTime:0.012298s ]
INFO: [ view_filter ] --START--
INFO: Run Behavior\WriteHtmlCache [ RunTime:0.001080s ]
INFO: [ view_filter ] --END-- [ RunTime:0.001300s ]
INFO: Run Behavior\ParseTemplate [ RunTime:0.014158s ]
INFO: [ view_parse ] --END-- [ RunTime:0.012298s ]
INFO: [ view_filter ] --START--
INFO: Run Behavior\WriteHtmlCache [ RunTime:0.000040s ]
INFO: [ view_filter ] --END-- [ RunTime:-0.000748s ]
INFO: [ app_end ] --START--
INFO: Run Behavior\ShowPageTrace [ RunTime:0.001751s ]
INFO: [ app_end ] --END-- [ RunTime:0.001964s ]

[ 2016-04-18T11:50:41+08:00 ] 58.220.253.242 /index.php?s=/Admin/Public/login.html
INFO: [ view_parse ] --START--
INFO: [ template_filter ] --START--
INFO: Run Behavior\ContentReplace [ RunTime:0.000188s ]
INFO: [ template_filter ] --END-- [ RunTime:0.000365s ]
INFO: Run Behavior\ParseTemplate [ RunTime:0.039316s ]
INFO: [ view_parse ] --END-- [ RunTime:0.040196s ]
INFO: [ view_filter ] --START--
INFO: Run Behavior\WriteHtmlCache [ RunTime:0.000850s ]
INFO: [ view_filter ] --END-- [ RunTime:0.000974s ]
INFO: [ app_end ] --START--
INFO: Run Behavior\ShowPageTrace [ RunTime:0.001205s ]
INFO: [ app_end ] --END-- [ RunTime:0.001338s ]

[ 2016-04-18T11:50:41+08:00 ] 101.226.33.219 /index.php?s=/Admin/Public/login.html
INFO: [ view_parse ] --START--
INFO: [ template_filter ] --START--
INFO: Run Behavior\ContentReplace [ RunTime:0.000195s ]
INFO: [ template_filter ] --END-- [ RunTime:0.000368s ]
INFO: Run Behavior\ParseTemplate [ RunTime:0.014273s ]
INFO: [ view_parse ] --END-- [ RunTime:0.015124s ]
INFO: [ view_filter ] --START--
INFO: Run Behavior\WriteHtmlCache [ RunTime:0.000724s ]
INFO: [ view_filter ] --END-- [ RunTime:0.000847s ]
INFO: [ app_end ] --START--
INFO: Run Behavior\ShowPageTrace [ RunTime:0.001243s ]
INFO: [ app_end ] --END-- [ RunTime:0.001387s ]

[ 2016-04-18T11:50:43+08:00 ] 58.220.253.242 /index.php?s=/Admin/Public/login.html
INFO: [ app_begin ] --START--
INFO: Run Behavior\ReadHtmlCache [ RunTime:0.001156s ]
INFO: [ app_begin ] --END-- [ RunTime:0.002009s ]

[ 2016-04-18T11:50:59+08:00 ] 58.220.253.242 /index.php?s=/Home/Project/index/id/11.html
SQL: SHOW COLUMNS FROM `onethink_project` [ RunTime:0.005088s ]
SQL: SELECT * FROM `onethink_project` WHERE ( `id` = 11 ) LIMIT 1   [ RunTime:0.000269s ]
NOTIC: [8] Undefined variable: category E:\freehost\www\linshikongjian\web\Application\Home\Controller\ProjectController.class.php 第 36 行.
INFO: [ view_parse ] --START--
INFO: [ template_filter ] --START--
INFO: Run Behavior\ContentReplace [ RunTime:0.000328s ]
INFO: [ template_filter ] --END-- [ RunTime:0.000585s ]
SQL: SHOW COLUMNS FROM `onethink_channel` [ RunTime:0.005504s ]
SQL: SELECT `id`,`pid`,`title`,`url`,`sort`,`create_time`,`update_time`,`status`,`target` FROM `onethink_channel` WHERE ( status=1 ) ORDER BY sort  [ RunTime:0.000252s ]
NOTIC: [8] Undefined variable: category E:\freehost\www\linshikongjian\web\Runtime\Cache\Home\5d133778d7de97e139009fa0c8819324.php 第 91 行.
SQL: SHOW COLUMNS FROM `onethink_category` [ RunTime:0.005723s ]
SQL: SELECT `id`,`name`,`pid`,`title`,`link_id` FROM `onethink_category` WHERE ( `status` = 1 ) ORDER BY sort  [ RunTime:0.000291s ]
NOTIC: [8] Undefined index: _ E:\freehost\www\linshikongjian\web\Application\Home\Widget\CategoryWidget.class.php 第 25 行.
INFO: [ view_parse ] --START--
INFO: [ template_filter ] --START--
INFO: Run Behavior\ContentReplace [ RunTime:0.000088s ]
INFO: [ template_filter ] --END-- [ RunTime:-0.026592s ]
INFO: Run Behavior\ParseTemplate [ RunTime:0.007316s ]
INFO: [ view_parse ] --END-- [ RunTime:0.007493s ]
INFO: [ view_filter ] --START--
INFO: Run Behavior\WriteHtmlCache [ RunTime:0.000643s ]
INFO: [ view_filter ] --END-- [ RunTime:0.000753s ]
INFO: Run Behavior\ParseTemplate [ RunTime:0.008498s ]
INFO: [ view_parse ] --END-- [ RunTime:0.007493s ]
INFO: [ view_filter ] --START--
INFO: Run Behavior\WriteHtmlCache [ RunTime:0.000020s ]
INFO: [ view_filter ] --END-- [ RunTime:-0.000381s ]
INFO: [ app_end ] --START--
INFO: Run Behavior\ShowPageTrace [ RunTime:0.001041s ]
INFO: [ app_end ] --END-- [ RunTime:0.001157s ]

[ 2016-04-18T11:51:20+08:00 ] 58.220.253.242 /index.php?s=/Admin/Public/login.html
INFO: [ view_parse ] --START--
INFO: [ template_filter ] --START--
INFO: Run Behavior\ContentReplace [ RunTime:0.000175s ]
INFO: [ template_filter ] --END-- [ RunTime:0.000332s ]
INFO: Run Behavior\ParseTemplate [ RunTime:0.014685s ]
INFO: [ view_parse ] --END-- [ RunTime:0.015575s ]
INFO: [ view_filter ] --START--
INFO: Run Behavior\WriteHtmlCache [ RunTime:0.000704s ]
INFO: [ view_filter ] --END-- [ RunTime:0.000827s ]
INFO: [ app_end ] --START--
INFO: Run Behavior\ShowPageTrace [ RunTime:0.001190s ]
INFO: [ app_end ] --END-- [ RunTime:0.001322s ]

[ 2016-04-18T12:31:46+08:00 ] 101.226.114.166 /index.php?s=/Home/Project/index/id/11.html
SQL: SHOW COLUMNS FROM `onethink_project` [ RunTime:0.005146s ]
SQL: SELECT * FROM `onethink_project` WHERE ( `id` = 11 ) LIMIT 1   [ RunTime:0.000500s ]
NOTIC: [8] Undefined variable: category E:\freehost\www\linshikongjian\web\Application\Home\Controller\ProjectController.class.php 第 36 行.
INFO: [ view_parse ] --START--
INFO: [ template_filter ] --START--
INFO: Run Behavior\ContentReplace [ RunTime:0.000349s ]
INFO: [ template_filter ] --END-- [ RunTime:0.000592s ]
SQL: SHOW COLUMNS FROM `onethink_channel` [ RunTime:0.008213s ]
SQL: SELECT `id`,`pid`,`title`,`url`,`sort`,`create_time`,`update_time`,`status`,`target` FROM `onethink_channel` WHERE ( status=1 ) ORDER BY sort  [ RunTime:0.000307s ]
NOTIC: [8] Undefined variable: category E:\freehost\www\linshikongjian\web\Runtime\Cache\Home\5d133778d7de97e139009fa0c8819324.php 第 91 行.
SQL: SHOW COLUMNS FROM `onethink_category` [ RunTime:0.006407s ]
SQL: SELECT `id`,`name`,`pid`,`title`,`link_id` FROM `onethink_category` WHERE ( `status` = 1 ) ORDER BY sort  [ RunTime:0.000587s ]
NOTIC: [8] Undefined index: _ E:\freehost\www\linshikongjian\web\Application\Home\Widget\CategoryWidget.class.php 第 25 行.
INFO: [ view_parse ] --START--
INFO: [ template_filter ] --START--
INFO: Run Behavior\ContentReplace [ RunTime:0.000101s ]
INFO: [ template_filter ] --END-- [ RunTime:-0.033682s ]
INFO: Run Behavior\ParseTemplate [ RunTime:0.008824s ]
INFO: [ view_parse ] --END-- [ RunTime:0.009069s ]
INFO: [ view_filter ] --START--
INFO: Run Behavior\WriteHtmlCache [ RunTime:0.000719s ]
INFO: [ view_filter ] --END-- [ RunTime:0.000845s ]
INFO: Run Behavior\ParseTemplate [ RunTime:0.010161s ]
INFO: [ view_parse ] --END-- [ RunTime:0.009069s ]
INFO: [ view_filter ] --START--
INFO: Run Behavior\WriteHtmlCache [ RunTime:0.000023s ]
INFO: [ view_filter ] --END-- [ RunTime:-0.000457s ]
INFO: [ app_end ] --START--
INFO: Run Behavior\ShowPageTrace [ RunTime:0.001238s ]
INFO: [ app_end ] --END-- [ RunTime:0.001360s ]

[ 2016-04-18T12:32:02+08:00 ] 101.226.114.166 /index.php?s=/Admin/Public/login.html
INFO: [ view_parse ] --START--
INFO: [ template_filter ] --START--
INFO: Run Behavior\ContentReplace [ RunTime:0.000172s ]
INFO: [ template_filter ] --END-- [ RunTime:0.000318s ]
INFO: Run Behavior\ParseTemplate [ RunTime:0.014325s ]
INFO: [ view_parse ] --END-- [ RunTime:0.015381s ]
INFO: [ view_filter ] --START--
INFO: Run Behavior\WriteHtmlCache [ RunTime:0.000713s ]
INFO: [ view_filter ] --END-- [ RunTime:0.000843s ]
INFO: [ app_end ] --START--
INFO: Run Behavior\ShowPageTrace [ RunTime:0.001210s ]
INFO: [ app_end ] --END-- [ RunTime:0.001340s ]

[ 2016-04-18T15:50:13+08:00 ] 218.91.152.220 /index.php?s=/Admin/Staff
SQL: SHOW COLUMNS FROM `onethink_menu` [ RunTime:0.007735s ]
SQL: SELECT * FROM `onethink_menu` WHERE ( `pid` = 0 ) AND ( `hide` = 0 ) ORDER BY sort asc  [ RunTime:0.000383s ]
SQL: SELECT `id` FROM `onethink_menu` WHERE ( url like '%Staff/index%' ) LIMIT 1   [ RunTime:0.000270s ]
SQL: SHOW COLUMNS FROM `onethink_menu` [ RunTime:0.005216s ]
SQL: SELECT `id`,`pid`,`title` FROM `onethink_menu` WHERE ( id=131 ) LIMIT 1   [ RunTime:0.000289s ]
SQL: SELECT DISTINCT  `group` FROM `onethink_menu` WHERE ( pid = 131 )  [ RunTime:0.000265s ]
SQL: SELECT `id`,`url` FROM `onethink_menu` WHERE ( `pid` = 131 ) AND ( `hide` = 0 )  [ RunTime:0.000265s ]
SQL: SELECT `id`,`pid`,`title`,`url`,`tip` FROM `onethink_menu` WHERE ( `group` = '关联资料' ) AND ( `pid` = 131 ) AND ( `hide` = 0 ) ORDER BY sort asc  [ RunTime:0.000321s ]
SQL: SHOW COLUMNS FROM `onethink_staff` [ RunTime:0.005578s ]
SQL: SELECT * FROM `onethink_staff`  [ RunTime:0.000397s ]
INFO: [ view_parse ] --START--
INFO: [ template_filter ] --START--
INFO: Run Behavior\ContentReplace [ RunTime:0.000361s ]
INFO: [ template_filter ] --END-- [ RunTime:0.000516s ]
NOTIC: [8] Undefined variable: _page E:\freehost\www\linshikongjian\web\Runtime\Cache\Admin\a8f99bcd1c7274cebea7ba6bf31be760.php 第 140 行.
INFO: Run Behavior\ParseTemplate [ RunTime:0.059976s ]
INFO: [ view_parse ] --END-- [ RunTime:0.060116s ]
INFO: [ view_filter ] --START--
INFO: Run Behavior\WriteHtmlCache [ RunTime:0.001129s ]
INFO: [ view_filter ] --END-- [ RunTime:0.001404s ]
INFO: [ app_end ] --START--
INFO: Run Behavior\ShowPageTrace [ RunTime:0.001499s ]
INFO: [ app_end ] --END-- [ RunTime:0.001634s ]

