[ 2016-04-23T23:08:47+08:00 ] 117.91.65.93 /index.php?s=/Home/Project/index/id/11.html
SQL: SHOW COLUMNS FROM `onethink_project` [ RunTime:0.022426s ]
SQL: SELECT * FROM `onethink_project` WHERE ( `id` = 11 ) LIMIT 1   [ RunTime:0.000387s ]
NOTIC: [8] Undefined variable: category E:\freehost\www\linshikongjian\web\Application\Home\Controller\ProjectController.class.php 第 36 行.
INFO: [ view_parse ] --START--
INFO: [ template_filter ] --START--
INFO: Run Behavior\ContentReplace [ RunTime:0.000134s ]
INFO: [ template_filter ] --END-- [ RunTime:0.000211s ]
SQL: SHOW COLUMNS FROM `onethink_channel` [ RunTime:0.010621s ]
SQL: SELECT `id`,`pid`,`title`,`url`,`sort`,`create_time`,`update_time`,`status`,`target` FROM `onethink_channel` WHERE ( status=1 ) ORDER BY sort  [ RunTime:0.006540s ]
NOTIC: [8] Undefined variable: category E:\freehost\www\linshikongjian\web\Runtime\Cache\Home\5d133778d7de97e139009fa0c8819324.php 第 120 行.
SQL: SHOW COLUMNS FROM `onethink_category` [ RunTime:0.016433s ]
SQL: SELECT `id`,`name`,`pid`,`title`,`link_id` FROM `onethink_category` WHERE ( `status` = 1 ) ORDER BY sort  [ RunTime:0.000336s ]
NOTIC: [8] Undefined index: _ E:\freehost\www\linshikongjian\web\Application\Home\Widget\CategoryWidget.class.php 第 25 行.
INFO: [ view_parse ] --START--
INFO: [ template_filter ] --START--
INFO: Run Behavior\ContentReplace [ RunTime:0.000043s ]
INFO: [ template_filter ] --END-- [ RunTime:-0.342913s ]
INFO: Run Behavior\ParseTemplate [ RunTime:0.003718s ]
INFO: [ view_parse ] --END-- [ RunTime:0.003784s ]
INFO: [ view_filter ] --START--
INFO: Run Behavior\WriteHtmlCache [ RunTime:0.006774s ]
INFO: [ view_filter ] --END-- [ RunTime:0.006832s ]
INFO: Run Behavior\ParseTemplate [ RunTime:0.010766s ]
INFO: [ view_parse ] --END-- [ RunTime:0.003784s ]
INFO: [ view_filter ] --START--
INFO: Run Behavior\WriteHtmlCache [ RunTime:0.000010s ]
INFO: [ view_filter ] --END-- [ RunTime:-0.000206s ]
INFO: [ app_end ] --START--
INFO: Run Behavior\ShowPageTrace [ RunTime:0.015727s ]
INFO: [ app_end ] --END-- [ RunTime:0.015808s ]

[ 2016-04-23T23:10:47+08:00 ] 117.91.65.93 /index.php?s=/Home/Project/index/id/11.html
SQL: SHOW COLUMNS FROM `onethink_project` [ RunTime:0.001959s ]
SQL: SELECT * FROM `onethink_project` WHERE ( `id` = 11 ) LIMIT 1   [ RunTime:0.000162s ]
NOTIC: [8] Undefined variable: category E:\freehost\www\linshikongjian\web\Application\Home\Controller\ProjectController.class.php 第 36 行.
INFO: [ view_parse ] --START--
INFO: [ template_filter ] --START--
INFO: Run Behavior\ContentReplace [ RunTime:0.000200s ]
INFO: [ template_filter ] --END-- [ RunTime:0.000293s ]
SQL: SHOW COLUMNS FROM `onethink_channel` [ RunTime:0.002535s ]
SQL: SELECT `id`,`pid`,`title`,`url`,`sort`,`create_time`,`update_time`,`status`,`target` FROM `onethink_channel` WHERE ( status=1 ) ORDER BY sort  [ RunTime:0.000247s ]
NOTIC: [8] Undefined variable: category E:\freehost\www\linshikongjian\web\Runtime\Cache\Home\5d133778d7de97e139009fa0c8819324.php 第 122 行.
SQL: SHOW COLUMNS FROM `onethink_category` [ RunTime:0.002224s ]
SQL: SELECT `id`,`name`,`pid`,`title`,`link_id` FROM `onethink_category` WHERE ( `status` = 1 ) ORDER BY sort  [ RunTime:0.000161s ]
NOTIC: [8] Undefined index: _ E:\freehost\www\linshikongjian\web\Application\Home\Widget\CategoryWidget.class.php 第 25 行.
INFO: [ view_parse ] --START--
INFO: [ template_filter ] --START--
INFO: Run Behavior\ContentReplace [ RunTime:0.000110s ]
INFO: [ template_filter ] --END-- [ RunTime:-0.360952s ]
INFO: Run Behavior\ParseTemplate [ RunTime:0.003414s ]
INFO: [ view_parse ] --END-- [ RunTime:0.003479s ]
INFO: [ view_filter ] --START--
INFO: Run Behavior\WriteHtmlCache [ RunTime:0.000334s ]
INFO: [ view_filter ] --END-- [ RunTime:0.000385s ]
INFO: Run Behavior\ParseTemplate [ RunTime:0.004007s ]
INFO: [ view_parse ] --END-- [ RunTime:0.003479s ]
INFO: [ view_filter ] --START--
INFO: Run Behavior\WriteHtmlCache [ RunTime:0.000010s ]
INFO: [ view_filter ] --END-- [ RunTime:-0.000193s ]
INFO: [ app_end ] --START--
INFO: Run Behavior\ShowPageTrace [ RunTime:0.000533s ]
INFO: [ app_end ] --END-- [ RunTime:0.000585s ]

[ 2016-04-23T23:11:06+08:00 ] 117.91.65.93 /index.php?s=/Home/Project/index/id/11.html
SQL: SHOW COLUMNS FROM `onethink_project` [ RunTime:0.002167s ]
SQL: SELECT * FROM `onethink_project` WHERE ( `id` = 11 ) LIMIT 1   [ RunTime:0.000135s ]
NOTIC: [8] Undefined variable: category E:\freehost\www\linshikongjian\web\Application\Home\Controller\ProjectController.class.php 第 36 行.
INFO: [ view_parse ] --START--
INFO: [ template_filter ] --START--
INFO: Run Behavior\ContentReplace [ RunTime:0.000138s ]
INFO: [ template_filter ] --END-- [ RunTime:0.000203s ]
SQL: SHOW COLUMNS FROM `onethink_channel` [ RunTime:0.003061s ]
SQL: SELECT `id`,`pid`,`title`,`url`,`sort`,`create_time`,`update_time`,`status`,`target` FROM `onethink_channel` WHERE ( status=1 ) ORDER BY sort  [ RunTime:0.000122s ]
NOTIC: [8] Undefined variable: category E:\freehost\www\linshikongjian\web\Runtime\Cache\Home\5d133778d7de97e139009fa0c8819324.php 第 122 行.
SQL: SHOW COLUMNS FROM `onethink_category` [ RunTime:0.002276s ]
SQL: SELECT `id`,`name`,`pid`,`title`,`link_id` FROM `onethink_category` WHERE ( `status` = 1 ) ORDER BY sort  [ RunTime:0.000117s ]
NOTIC: [8] Undefined index: _ E:\freehost\www\linshikongjian\web\Application\Home\Widget\CategoryWidget.class.php 第 25 行.
INFO: [ view_parse ] --START--
INFO: [ template_filter ] --START--
INFO: Run Behavior\ContentReplace [ RunTime:0.000043s ]
INFO: [ template_filter ] --END-- [ RunTime:-0.261838s ]
INFO: Run Behavior\ParseTemplate [ RunTime:0.003449s ]
INFO: [ view_parse ] --END-- [ RunTime:0.003513s ]
INFO: [ view_filter ] --START--
INFO: Run Behavior\WriteHtmlCache [ RunTime:0.000360s ]
INFO: [ view_filter ] --END-- [ RunTime:0.000424s ]
INFO: Run Behavior\ParseTemplate [ RunTime:0.004077s ]
INFO: [ view_parse ] --END-- [ RunTime:0.003513s ]
INFO: [ view_filter ] --START--
INFO: Run Behavior\WriteHtmlCache [ RunTime:0.000009s ]
INFO: [ view_filter ] --END-- [ RunTime:-0.000189s ]
INFO: [ app_end ] --START--
INFO: Run Behavior\ShowPageTrace [ RunTime:0.000536s ]
INFO: [ app_end ] --END-- [ RunTime:0.000588s ]

[ 2016-04-23T23:12:11+08:00 ] 117.91.65.93 /index.php?s=/Home/Project/index/id/11.html
SQL: SHOW COLUMNS FROM `onethink_project` [ RunTime:0.001957s ]
SQL: SELECT * FROM `onethink_project` WHERE ( `id` = 11 ) LIMIT 1   [ RunTime:0.000136s ]
NOTIC: [8] Undefined variable: category E:\freehost\www\linshikongjian\web\Application\Home\Controller\ProjectController.class.php 第 36 行.
INFO: [ view_parse ] --START--
INFO: [ template_filter ] --START--
INFO: Run Behavior\ContentReplace [ RunTime:0.000131s ]
INFO: [ template_filter ] --END-- [ RunTime:0.000189s ]
SQL: SHOW COLUMNS FROM `onethink_channel` [ RunTime:0.002395s ]
SQL: SELECT `id`,`pid`,`title`,`url`,`sort`,`create_time`,`update_time`,`status`,`target` FROM `onethink_channel` WHERE ( status=1 ) ORDER BY sort  [ RunTime:0.000176s ]
NOTIC: [8] Undefined variable: category E:\freehost\www\linshikongjian\web\Runtime\Cache\Home\5d133778d7de97e139009fa0c8819324.php 第 122 行.
SQL: SHOW COLUMNS FROM `onethink_category` [ RunTime:0.002253s ]
SQL: SELECT `id`,`name`,`pid`,`title`,`link_id` FROM `onethink_category` WHERE ( `status` = 1 ) ORDER BY sort  [ RunTime:0.000116s ]
NOTIC: [8] Undefined index: _ E:\freehost\www\linshikongjian\web\Application\Home\Widget\CategoryWidget.class.php 第 25 行.
INFO: [ view_parse ] --START--
INFO: [ template_filter ] --START--
INFO: Run Behavior\ContentReplace [ RunTime:0.000110s ]
INFO: [ template_filter ] --END-- [ RunTime:-0.393564s ]
INFO: Run Behavior\ParseTemplate [ RunTime:0.003347s ]
INFO: [ view_parse ] --END-- [ RunTime:0.003413s ]
INFO: [ view_filter ] --START--
INFO: Run Behavior\WriteHtmlCache [ RunTime:0.000329s ]
INFO: [ view_filter ] --END-- [ RunTime:0.000380s ]
INFO: Run Behavior\ParseTemplate [ RunTime:0.003939s ]
INFO: [ view_parse ] --END-- [ RunTime:0.003413s ]
INFO: [ view_filter ] --START--
INFO: Run Behavior\WriteHtmlCache [ RunTime:0.000010s ]
INFO: [ view_filter ] --END-- [ RunTime:-0.000196s ]
INFO: [ app_end ] --START--
INFO: Run Behavior\ShowPageTrace [ RunTime:0.000529s ]
INFO: [ app_end ] --END-- [ RunTime:0.000581s ]

[ 2016-04-23T23:12:33+08:00 ] 117.91.65.93 /index.php?s=/Home/Project/index/id/11.html&from=singlemessage&isappinstalled=0
SQL: SHOW COLUMNS FROM `onethink_project` [ RunTime:0.001962s ]
SQL: SELECT * FROM `onethink_project` WHERE ( `id` = 11 ) LIMIT 1   [ RunTime:0.000168s ]
NOTIC: [8] Undefined variable: category E:\freehost\www\linshikongjian\web\Application\Home\Controller\ProjectController.class.php 第 36 行.
INFO: [ view_parse ] --START--
INFO: [ template_filter ] --START--
INFO: Run Behavior\ContentReplace [ RunTime:0.000137s ]
INFO: [ template_filter ] --END-- [ RunTime:0.000199s ]
SQL: SHOW COLUMNS FROM `onethink_channel` [ RunTime:0.002513s ]
SQL: SELECT `id`,`pid`,`title`,`url`,`sort`,`create_time`,`update_time`,`status`,`target` FROM `onethink_channel` WHERE ( status=1 ) ORDER BY sort  [ RunTime:0.000116s ]
NOTIC: [8] Undefined variable: category E:\freehost\www\linshikongjian\web\Runtime\Cache\Home\5d133778d7de97e139009fa0c8819324.php 第 122 行.
SQL: SHOW COLUMNS FROM `onethink_category` [ RunTime:0.002354s ]
SQL: SELECT `id`,`name`,`pid`,`title`,`link_id` FROM `onethink_category` WHERE ( `status` = 1 ) ORDER BY sort  [ RunTime:0.000131s ]
NOTIC: [8] Undefined index: _ E:\freehost\www\linshikongjian\web\Application\Home\Widget\CategoryWidget.class.php 第 25 行.
INFO: [ view_parse ] --START--
INFO: [ template_filter ] --START--
INFO: Run Behavior\ContentReplace [ RunTime:0.000043s ]
INFO: [ template_filter ] --END-- [ RunTime:-0.289229s ]
INFO: Run Behavior\ParseTemplate [ RunTime:0.003690s ]
INFO: [ view_parse ] --END-- [ RunTime:0.003759s ]
INFO: [ view_filter ] --START--
INFO: Run Behavior\WriteHtmlCache [ RunTime:0.000330s ]
INFO: [ view_filter ] --END-- [ RunTime:0.000382s ]
INFO: Run Behavior\ParseTemplate [ RunTime:0.004285s ]
INFO: [ view_parse ] --END-- [ RunTime:0.003759s ]
INFO: [ view_filter ] --START--
INFO: Run Behavior\WriteHtmlCache [ RunTime:0.000009s ]
INFO: [ view_filter ] --END-- [ RunTime:-0.000194s ]
INFO: [ app_end ] --START--
INFO: Run Behavior\ShowPageTrace [ RunTime:0.000529s ]
INFO: [ app_end ] --END-- [ RunTime:0.000582s ]

[ 2016-04-23T23:12:38+08:00 ] 117.91.65.93 /index.php?s=/Home/Project/index/id/11.html&from=singlemessage&isappinstalled=0
SQL: SHOW COLUMNS FROM `onethink_project` [ RunTime:0.002068s ]
SQL: SELECT * FROM `onethink_project` WHERE ( `id` = 11 ) LIMIT 1   [ RunTime:0.000140s ]
NOTIC: [8] Undefined variable: category E:\freehost\www\linshikongjian\web\Application\Home\Controller\ProjectController.class.php 第 36 行.
INFO: [ view_parse ] --START--
INFO: [ template_filter ] --START--
INFO: Run Behavior\ContentReplace [ RunTime:0.000128s ]
INFO: [ template_filter ] --END-- [ RunTime:0.000192s ]
SQL: SHOW COLUMNS FROM `onethink_channel` [ RunTime:0.003141s ]
SQL: SELECT `id`,`pid`,`title`,`url`,`sort`,`create_time`,`update_time`,`status`,`target` FROM `onethink_channel` WHERE ( status=1 ) ORDER BY sort  [ RunTime:0.000116s ]
NOTIC: [8] Undefined variable: category E:\freehost\www\linshikongjian\web\Runtime\Cache\Home\5d133778d7de97e139009fa0c8819324.php 第 122 行.
SQL: SHOW COLUMNS FROM `onethink_category` [ RunTime:0.002185s ]
SQL: SELECT `id`,`name`,`pid`,`title`,`link_id` FROM `onethink_category` WHERE ( `status` = 1 ) ORDER BY sort  [ RunTime:0.000114s ]
NOTIC: [8] Undefined index: _ E:\freehost\www\linshikongjian\web\Application\Home\Widget\CategoryWidget.class.php 第 25 行.
INFO: [ view_parse ] --START--
INFO: [ template_filter ] --START--
INFO: Run Behavior\ContentReplace [ RunTime:0.000056s ]
INFO: [ template_filter ] --END-- [ RunTime:-0.263077s ]
INFO: Run Behavior\ParseTemplate [ RunTime:0.003475s ]
INFO: [ view_parse ] --END-- [ RunTime:0.003538s ]
INFO: [ view_filter ] --START--
INFO: Run Behavior\WriteHtmlCache [ RunTime:0.000344s ]
INFO: [ view_filter ] --END-- [ RunTime:0.000395s ]
INFO: Run Behavior\ParseTemplate [ RunTime:0.004069s ]
INFO: [ view_parse ] --END-- [ RunTime:0.003538s ]
INFO: [ view_filter ] --START--
INFO: Run Behavior\WriteHtmlCache [ RunTime:0.000009s ]
INFO: [ view_filter ] --END-- [ RunTime:-0.000187s ]
INFO: [ app_end ] --START--
INFO: Run Behavior\ShowPageTrace [ RunTime:0.000541s ]
INFO: [ app_end ] --END-- [ RunTime:0.000594s ]

[ 2016-04-23T23:30:12+08:00 ] 117.91.65.93 /
SQL: SHOW COLUMNS FROM `onethink_category` [ RunTime:0.002331s ]
SQL: SELECT `id`,`name`,`title`,`pid`,`sort`,`list_row`,`meta_title`,`keywords`,`description`,`template_index`,`template_lists`,`template_detail`,`template_edit`,`model`,`type`,`link_id`,`allow_publish`,`display`,`reply`,`check`,`reply_model`,`extend`,`create_time`,`update_time`,`status`,`icon` FROM `onethink_category` WHERE ( `status` = 1 ) ORDER BY sort  [ RunTime:0.000432s ]
SQL: SHOW COLUMNS FROM `onethink_document` [ RunTime:0.079723s ]
SQL: SELECT `id`,`uid`,`name`,`title`,`category_id`,`description`,`root`,`pid`,`model_id`,`type`,`position`,`link_id`,`cover_id`,`display`,`deadline`,`attach`,`view`,`comment`,`extend`,`level`,`create_time`,`update_time`,`status` FROM `onethink_document` WHERE ( `status` = 1 ) AND ( `pid` = 0 ) AND ( `create_time` < 1461425412 ) AND ( deadline = 0 OR deadline > 1461425412 ) ORDER BY `id` DESC  [ RunTime:0.011430s ]
INFO: [ view_parse ] --START--
INFO: [ template_filter ] --START--
INFO: Run Behavior\ContentReplace [ RunTime:0.000044s ]
INFO: [ template_filter ] --END-- [ RunTime:0.000111s ]
INFO: Run Behavior\ParseTemplate [ RunTime:0.017902s ]
INFO: [ view_parse ] --END-- [ RunTime:0.017969s ]
INFO: [ view_filter ] --START--
INFO: Run Behavior\WriteHtmlCache [ RunTime:0.000283s ]
INFO: [ view_filter ] --END-- [ RunTime:0.000331s ]
INFO: [ app_end ] --START--
INFO: Run Behavior\ShowPageTrace [ RunTime:0.000484s ]
INFO: [ app_end ] --END-- [ RunTime:0.000538s ]

[ 2016-04-23T23:30:13+08:00 ] 117.91.65.93 /index.php?s=/Admin/Public/login.html
INFO: [ view_parse ] --START--
INFO: [ template_filter ] --START--
INFO: Run Behavior\ContentReplace [ RunTime:0.000076s ]
INFO: [ template_filter ] --END-- [ RunTime:0.000150s ]
INFO: Run Behavior\ParseTemplate [ RunTime:0.105689s ]
INFO: [ view_parse ] --END-- [ RunTime:0.106287s ]
INFO: [ view_filter ] --START--
INFO: Run Behavior\WriteHtmlCache [ RunTime:0.000301s ]
INFO: [ view_filter ] --END-- [ RunTime:0.000353s ]
INFO: [ app_end ] --START--
INFO: Run Behavior\ShowPageTrace [ RunTime:0.000488s ]
INFO: [ app_end ] --END-- [ RunTime:0.000551s ]

[ 2016-04-23T23:30:19+08:00 ] 117.91.65.93 /index.php?s=/Admin/Public/login.html
INFO: [ app_begin ] --START--
INFO: Run Behavior\ReadHtmlCache [ RunTime:0.000955s ]
INFO: [ app_begin ] --END-- [ RunTime:0.001594s ]
SQL: SHOW COLUMNS FROM `onethink_ucenter_member` [ RunTime:0.046891s ]
SQL: SELECT * FROM `onethink_ucenter_member` WHERE ( `username` = 'admin' ) LIMIT 1   [ RunTime:0.000414s ]
SQL: UPDATE `onethink_ucenter_member` SET `last_login_time`=1461425419,`last_login_ip`='1968914781' WHERE ( `id` = 1 ) [ RunTime:0.000219s ]
SQL: SHOW COLUMNS FROM `onethink_member` [ RunTime:0.036775s ]
SQL: SELECT `uid`,`nickname`,`sex`,`birthday`,`qq`,`score`,`login`,`reg_ip`,`reg_time`,`last_login_ip`,`last_login_time`,`status` FROM `onethink_member` WHERE ( `uid` = 1 ) LIMIT 1   [ RunTime:0.000337s ]
SQL: SHOW COLUMNS FROM `onethink_action` [ RunTime:0.035384s ]
SQL: SELECT * FROM `onethink_action` WHERE ( `name` = 'user_login' ) LIMIT 1   [ RunTime:0.011362s ]
SQL: SHOW COLUMNS FROM `onethink_action_log` [ RunTime:0.009070s ]
SQL: INSERT INTO `onethink_action_log` (`action_id`,`user_id`,`action_ip`,`model`,`record_id`,`create_time`,`remark`) VALUES (1,1,1968914781,'member',1,1461425419,'admin在2016-04-23 23:30登录了后台') [ RunTime:0.015523s ]
SQL: SELECT * FROM `onethink_action` WHERE ( `name` = 'user_login' ) LIMIT 1   [ RunTime:0.000182s ]
NOTIC: [8] Undefined offset: 1 E:\freehost\www\linshikongjian\web\Application\Common\Common\function.php 第 665 行.
NOTIC: [2] array_key_exists() expects parameter 2 to be array, null given E:\freehost\www\linshikongjian\web\Application\Common\Common\function.php 第 665 行.
SQL: SELECT COUNT(*) AS tp_count FROM `onethink_action_log` WHERE ( `action_id` = 1 ) AND ( `user_id` = 1 ) AND ( `create_time` > 1461339019 ) LIMIT 1   [ RunTime:0.019637s ]
SQL: SHOW COLUMNS FROM `onethink_member` [ RunTime:0.003817s ]
SQL: UPDATE `onethink_member` SET `score`=score+10 WHERE ( uid=1 AND status>-1 ) [ RunTime:0.000351s ]
SQL: UPDATE `onethink_member` SET `login`=`login`+1,`last_login_time`=1461425419,`last_login_ip`='1968914781' WHERE ( `uid` = 1 ) [ RunTime:0.000206s ]

[ 2016-04-23T23:30:20+08:00 ] 117.91.65.93 /index.php?s=/Admin/Index/index.html
SQL: SHOW COLUMNS FROM `onethink_menu` [ RunTime:0.023825s ]
SQL: SELECT * FROM `onethink_menu` WHERE ( `pid` = 0 ) AND ( `hide` = 0 ) ORDER BY sort asc  [ RunTime:0.047870s ]
SQL: SELECT `id` FROM `onethink_menu` WHERE ( url like '%Index/index%' ) LIMIT 1   [ RunTime:0.000259s ]
SQL: SHOW COLUMNS FROM `onethink_menu` [ RunTime:0.002742s ]
SQL: SELECT `id`,`pid`,`title` FROM `onethink_menu` WHERE ( id=1 ) LIMIT 1   [ RunTime:0.000251s ]
SQL: SELECT DISTINCT  `group` FROM `onethink_menu` WHERE ( pid = 1 )  [ RunTime:0.000742s ]
SQL: SELECT `id`,`url` FROM `onethink_menu` WHERE ( `pid` = 1 ) AND ( `hide` = 0 )  [ RunTime:0.000245s ]
INFO: [ view_parse ] --START--
INFO: [ template_filter ] --START--
INFO: Run Behavior\ContentReplace [ RunTime:0.000179s ]
INFO: [ template_filter ] --END-- [ RunTime:0.000308s ]
INFO: [ AdminIndex ] --START--
SQL: SHOW COLUMNS FROM `onethink_addons` [ RunTime:0.034227s ]
SQL: SELECT `config` FROM `onethink_addons` WHERE ( `name` = 'SiteStat' ) AND ( `status` = 1 ) LIMIT 1   [ RunTime:0.022043s ]
SQL: SHOW COLUMNS FROM `onethink_member` [ RunTime:0.002729s ]
SQL: SELECT COUNT(*) AS tp_count FROM `onethink_member` LIMIT 1   [ RunTime:0.000186s ]
SQL: SHOW COLUMNS FROM `onethink_action_log` [ RunTime:0.002170s ]
SQL: SELECT COUNT(*) AS tp_count FROM `onethink_action_log` LIMIT 1   [ RunTime:0.000257s ]
SQL: SHOW COLUMNS FROM `onethink_document` [ RunTime:0.003298s ]
SQL: SELECT COUNT(*) AS tp_count FROM `onethink_document` LIMIT 1   [ RunTime:0.000201s ]
SQL: SHOW COLUMNS FROM `onethink_category` [ RunTime:0.003398s ]
SQL: SELECT COUNT(*) AS tp_count FROM `onethink_category` LIMIT 1   [ RunTime:0.000240s ]
SQL: SHOW COLUMNS FROM `onethink_model` [ RunTime:0.046436s ]
SQL: SELECT COUNT(*) AS tp_count FROM `onethink_model` LIMIT 1   [ RunTime:0.000240s ]
INFO: [ view_parse ] --START--
INFO: [ template_filter ] --START--
INFO: Run Behavior\ContentReplace [ RunTime:0.000052s ]
INFO: [ template_filter ] --END-- [ RunTime:-0.153489s ]
INFO: Run Behavior\ParseTemplate [ RunTime:0.006409s ]
INFO: [ view_parse ] --END-- [ RunTime:0.006491s ]
INFO: [ view_filter ] --START--
INFO: Run Behavior\WriteHtmlCache [ RunTime:0.000572s ]
INFO: [ view_filter ] --END-- [ RunTime:0.000624s ]
INFO: Run SiteStat [ RunTime:0.146331s ]
SQL: SELECT `config` FROM `onethink_addons` WHERE ( `name` = 'SystemInfo' ) AND ( `status` = 1 ) LIMIT 1   [ RunTime:0.000469s ]
INFO: [ view_parse ] --START--
INFO: [ template_filter ] --START--
INFO: Run Behavior\ContentReplace [ RunTime:0.000054s ]
INFO: [ template_filter ] --END-- [ RunTime:-0.230063s ]
SQL: select version() as v; [ RunTime:0.000237s ]
INFO: Run Behavior\ParseTemplate [ RunTime:0.008947s ]
INFO: [ view_parse ] --END-- [ RunTime:-0.067802s ]
INFO: [ view_filter ] --START--
INFO: Run Behavior\WriteHtmlCache [ RunTime:0.000011s ]
INFO: [ view_filter ] --END-- [ RunTime:-0.076241s ]
INFO: Run SystemInfo [ RunTime:0.076267s ]
SQL: SELECT `config` FROM `onethink_addons` WHERE ( `name` = 'DevTeam' ) AND ( `status` = 1 ) LIMIT 1   [ RunTime:0.000391s ]
INFO: [ view_parse ] --START--
INFO: [ template_filter ] --START--
INFO: Run Behavior\ContentReplace [ RunTime:0.000052s ]
INFO: [ template_filter ] --END-- [ RunTime:-0.262324s ]
INFO: Run Behavior\ParseTemplate [ RunTime:0.011338s ]
INFO: [ view_parse ] --END-- [ RunTime:-0.097075s ]
INFO: [ view_filter ] --START--
INFO: Run Behavior\WriteHtmlCache [ RunTime:0.000010s ]
INFO: [ view_filter ] --END-- [ RunTime:-0.107846s ]
INFO: Run DevTeam [ RunTime:0.031580s ]
INFO: [ AdminIndex ] --END-- [ RunTime:0.254286s ]
INFO: Run Behavior\ParseTemplate [ RunTime:0.011553s ]
INFO: [ view_parse ] --END-- [ RunTime:-0.097075s ]
INFO: [ view_filter ] --START--
INFO: Run Behavior\WriteHtmlCache [ RunTime:0.000009s ]
INFO: [ view_filter ] --END-- [ RunTime:-0.108048s ]
INFO: [ app_end ] --START--
INFO: Run Behavior\ShowPageTrace [ RunTime:0.000755s ]
INFO: [ app_end ] --END-- [ RunTime:0.000813s ]

[ 2016-04-23T23:30:21+08:00 ] 117.91.65.93 /index.php?s=/Admin/Project/index.html
SQL: SHOW COLUMNS FROM `onethink_menu` [ RunTime:0.002208s ]
SQL: SELECT * FROM `onethink_menu` WHERE ( `pid` = 0 ) AND ( `hide` = 0 ) ORDER BY sort asc  [ RunTime:0.000141s ]
SQL: SELECT `id` FROM `onethink_menu` WHERE ( url like '%Project/index%' ) LIMIT 1   [ RunTime:0.000287s ]
SQL: SHOW COLUMNS FROM `onethink_menu` [ RunTime:0.001926s ]
SQL: SELECT `id`,`pid`,`title` FROM `onethink_menu` WHERE ( id=122 ) LIMIT 1   [ RunTime:0.000196s ]
SQL: SELECT DISTINCT  `group` FROM `onethink_menu` WHERE ( pid = 122 )  [ RunTime:0.000298s ]
SQL: SELECT `id`,`url` FROM `onethink_menu` WHERE ( `pid` = 122 ) AND ( `hide` = 0 )  [ RunTime:0.000201s ]
SQL: SELECT `id`,`pid`,`title`,`url`,`tip` FROM `onethink_menu` WHERE ( `group` = '评价事件' ) AND ( `pid` = 122 ) AND ( `hide` = 0 ) ORDER BY sort asc  [ RunTime:0.000248s ]
SQL: SELECT `id`,`pid`,`title`,`url`,`tip` FROM `onethink_menu` WHERE ( `group` = '特殊事件' ) AND ( `pid` = 122 ) AND ( `hide` = 0 ) ORDER BY sort asc  [ RunTime:0.000227s ]
SQL: SHOW COLUMNS FROM `onethink_project` [ RunTime:0.002305s ]
SQL: SELECT * FROM `onethink_project`  [ RunTime:0.000295s ]
INFO: [ view_parse ] --START--
INFO: [ template_filter ] --START--
INFO: Run Behavior\ContentReplace [ RunTime:0.000148s ]
INFO: [ template_filter ] --END-- [ RunTime:0.000218s ]
NOTIC: [8] Undefined index:  E:\freehost\www\linshikongjian\web\Runtime\Cache\Admin\c9b29f46aaf66743c1e179410e6dbdf8.php 第 129 行.
NOTIC: [8] Undefined index:  E:\freehost\www\linshikongjian\web\Runtime\Cache\Admin\c9b29f46aaf66743c1e179410e6dbdf8.php 第 129 行.
NOTIC: [8] Undefined variable: _page E:\freehost\www\linshikongjian\web\Runtime\Cache\Admin\c9b29f46aaf66743c1e179410e6dbdf8.php 第 141 行.
INFO: Run Behavior\ParseTemplate [ RunTime:0.034551s ]
INFO: [ view_parse ] --END-- [ RunTime:0.034632s ]
INFO: [ view_filter ] --START--
INFO: Run Behavior\WriteHtmlCache [ RunTime:0.000532s ]
INFO: [ view_filter ] --END-- [ RunTime:0.000581s ]
INFO: [ app_end ] --START--
INFO: Run Behavior\ShowPageTrace [ RunTime:0.000706s ]
INFO: [ app_end ] --END-- [ RunTime:0.000759s ]

[ 2016-04-23T23:30:25+08:00 ] 117.91.65.93 /index.php?s=/Home/Project/index/id/13.html
SQL: SHOW COLUMNS FROM `onethink_project` [ RunTime:0.001923s ]
SQL: SELECT * FROM `onethink_project` WHERE ( `id` = 13 ) LIMIT 1   [ RunTime:0.000431s ]
NOTIC: [8] Undefined variable: category E:\freehost\www\linshikongjian\web\Application\Home\Controller\ProjectController.class.php 第 36 行.
INFO: [ view_parse ] --START--
INFO: [ template_filter ] --START--
INFO: Run Behavior\ContentReplace [ RunTime:0.000131s ]
INFO: [ template_filter ] --END-- [ RunTime:0.000198s ]
SQL: SHOW COLUMNS FROM `onethink_channel` [ RunTime:0.002526s ]
SQL: SELECT `id`,`pid`,`title`,`url`,`sort`,`create_time`,`update_time`,`status`,`target` FROM `onethink_channel` WHERE ( status=1 ) ORDER BY sort  [ RunTime:0.000165s ]
NOTIC: [8] Undefined variable: category E:\freehost\www\linshikongjian\web\Runtime\Cache\Home\5d133778d7de97e139009fa0c8819324.php 第 122 行.
SQL: SHOW COLUMNS FROM `onethink_category` [ RunTime:0.002352s ]
SQL: SELECT `id`,`name`,`pid`,`title`,`link_id` FROM `onethink_category` WHERE ( `status` = 1 ) ORDER BY sort  [ RunTime:0.000119s ]
NOTIC: [8] Undefined index: _ E:\freehost\www\linshikongjian\web\Application\Home\Widget\CategoryWidget.class.php 第 25 行.
INFO: [ view_parse ] --START--
INFO: [ template_filter ] --START--
INFO: Run Behavior\ContentReplace [ RunTime:0.000137s ]
INFO: [ template_filter ] --END-- [ RunTime:-1.204684s ]
INFO: Run Behavior\ParseTemplate [ RunTime:0.004427s ]
INFO: [ view_parse ] --END-- [ RunTime:0.004512s ]
INFO: [ view_filter ] --START--
INFO: Run Behavior\WriteHtmlCache [ RunTime:0.000482s ]
INFO: [ view_filter ] --END-- [ RunTime:0.000560s ]
INFO: Run Behavior\ParseTemplate [ RunTime:0.005240s ]
INFO: [ view_parse ] --END-- [ RunTime:0.004512s ]
INFO: [ view_filter ] --START--
INFO: Run Behavior\WriteHtmlCache [ RunTime:0.000015s ]
INFO: [ view_filter ] --END-- [ RunTime:-0.000232s ]
INFO: [ app_end ] --START--
INFO: Run Behavior\ShowPageTrace [ RunTime:0.000767s ]
INFO: [ app_end ] --END-- [ RunTime:0.000853s ]

[ 2016-04-23T23:31:10+08:00 ] 117.91.65.93 /index.php?s=/Home/Project/index/id/13.html
SQL: SHOW COLUMNS FROM `onethink_project` [ RunTime:0.001863s ]
SQL: SELECT * FROM `onethink_project` WHERE ( `id` = 13 ) LIMIT 1   [ RunTime:0.000130s ]
NOTIC: [8] Undefined variable: category E:\freehost\www\linshikongjian\web\Application\Home\Controller\ProjectController.class.php 第 36 行.
INFO: [ view_parse ] --START--
INFO: [ template_filter ] --START--
INFO: Run Behavior\ContentReplace [ RunTime:0.000133s ]
INFO: [ template_filter ] --END-- [ RunTime:0.000205s ]
SQL: SHOW COLUMNS FROM `onethink_channel` [ RunTime:0.002331s ]
SQL: SELECT `id`,`pid`,`title`,`url`,`sort`,`create_time`,`update_time`,`status`,`target` FROM `onethink_channel` WHERE ( status=1 ) ORDER BY sort  [ RunTime:0.000112s ]
NOTIC: [8] Undefined variable: category E:\freehost\www\linshikongjian\web\Runtime\Cache\Home\5d133778d7de97e139009fa0c8819324.php 第 122 行.
SQL: SHOW COLUMNS FROM `onethink_category` [ RunTime:0.002242s ]
SQL: SELECT `id`,`name`,`pid`,`title`,`link_id` FROM `onethink_category` WHERE ( `status` = 1 ) ORDER BY sort  [ RunTime:0.000121s ]
NOTIC: [8] Undefined index: _ E:\freehost\www\linshikongjian\web\Application\Home\Widget\CategoryWidget.class.php 第 25 行.
INFO: [ view_parse ] --START--
INFO: [ template_filter ] --START--
INFO: Run Behavior\ContentReplace [ RunTime:0.000045s ]
INFO: [ template_filter ] --END-- [ RunTime:-0.278073s ]
INFO: Run Behavior\ParseTemplate [ RunTime:0.003760s ]
INFO: [ view_parse ] --END-- [ RunTime:0.003827s ]
INFO: [ view_filter ] --START--
INFO: Run Behavior\WriteHtmlCache [ RunTime:0.000339s ]
INFO: [ view_filter ] --END-- [ RunTime:0.000389s ]
INFO: Run Behavior\ParseTemplate [ RunTime:0.004316s ]
INFO: [ view_parse ] --END-- [ RunTime:0.003827s ]
INFO: [ view_filter ] --START--
INFO: Run Behavior\WriteHtmlCache [ RunTime:0.000009s ]
INFO: [ view_filter ] --END-- [ RunTime:-0.000149s ]
INFO: [ app_end ] --START--
INFO: Run Behavior\ShowPageTrace [ RunTime:0.000535s ]
INFO: [ app_end ] --END-- [ RunTime:0.000597s ]

[ 2016-04-23T23:43:57+08:00 ] 117.91.65.93 /index.php?s=/Home/Project/index/id/13.html
SQL: SHOW COLUMNS FROM `onethink_project` [ RunTime:0.005325s ]
SQL: SELECT * FROM `onethink_project` WHERE ( `id` = 13 ) LIMIT 1   [ RunTime:0.000295s ]
NOTIC: [8] Undefined variable: category E:\freehost\www\linshikongjian\web\Application\Home\Controller\ProjectController.class.php 第 36 行.
INFO: [ view_parse ] --START--
INFO: [ template_filter ] --START--
INFO: Run Behavior\ContentReplace [ RunTime:0.000317s ]
INFO: [ template_filter ] --END-- [ RunTime:0.000478s ]
SQL: SHOW COLUMNS FROM `onethink_channel` [ RunTime:0.006670s ]
SQL: SELECT `id`,`pid`,`title`,`url`,`sort`,`create_time`,`update_time`,`status`,`target` FROM `onethink_channel` WHERE ( status=1 ) ORDER BY sort  [ RunTime:0.000291s ]
NOTIC: [8] Undefined variable: category E:\freehost\www\linshikongjian\web\Runtime\Cache\Home\5d133778d7de97e139009fa0c8819324.php 第 122 行.
SQL: SHOW COLUMNS FROM `onethink_category` [ RunTime:0.006024s ]
SQL: SELECT `id`,`name`,`pid`,`title`,`link_id` FROM `onethink_category` WHERE ( `status` = 1 ) ORDER BY sort  [ RunTime:0.000271s ]
NOTIC: [8] Undefined index: _ E:\freehost\www\linshikongjian\web\Application\Home\Widget\CategoryWidget.class.php 第 25 行.
INFO: [ view_parse ] --START--
INFO: [ template_filter ] --START--
INFO: Run Behavior\ContentReplace [ RunTime:0.000095s ]
INFO: [ template_filter ] --END-- [ RunTime:-0.337587s ]
INFO: Run Behavior\ParseTemplate [ RunTime:0.007514s ]
INFO: [ view_parse ] --END-- [ RunTime:0.007660s ]
INFO: [ view_filter ] --START--
INFO: Run Behavior\WriteHtmlCache [ RunTime:0.000779s ]
INFO: [ view_filter ] --END-- [ RunTime:0.000893s ]
INFO: Run Behavior\ParseTemplate [ RunTime:0.008769s ]
INFO: [ view_parse ] --END-- [ RunTime:0.007660s ]
INFO: [ view_filter ] --START--
INFO: Run Behavior\WriteHtmlCache [ RunTime:0.000021s ]
INFO: [ view_filter ] --END-- [ RunTime:-0.000335s ]
INFO: [ app_end ] --START--
INFO: Run Behavior\ShowPageTrace [ RunTime:0.001223s ]
INFO: [ app_end ] --END-- [ RunTime:0.001348s ]

[ 2016-04-23T23:58:15+08:00 ] 117.91.65.93 /index.php?s=/Home/Project/index/id/11.html
SQL: SHOW COLUMNS FROM `onethink_project` [ RunTime:0.005081s ]
SQL: SELECT * FROM `onethink_project` WHERE ( `id` = 11 ) LIMIT 1   [ RunTime:0.000478s ]
NOTIC: [8] Undefined variable: category E:\freehost\www\linshikongjian\web\Application\Home\Controller\ProjectController.class.php 第 36 行.
INFO: [ view_parse ] --START--
INFO: [ template_filter ] --START--
INFO: Run Behavior\ContentReplace [ RunTime:0.000330s ]
INFO: [ template_filter ] --END-- [ RunTime:0.000494s ]
NOTIC: [8] Undefined variable: appied E:\freehost\www\linshikongjian\web\Runtime\Cache\Home\5d133778d7de97e139009fa0c8819324.php 第 32 行.
SQL: SHOW COLUMNS FROM `onethink_channel` [ RunTime:0.006689s ]
SQL: SELECT `id`,`pid`,`title`,`url`,`sort`,`create_time`,`update_time`,`status`,`target` FROM `onethink_channel` WHERE ( status=1 ) ORDER BY sort  [ RunTime:0.000272s ]
NOTIC: [8] Undefined variable: category E:\freehost\www\linshikongjian\web\Runtime\Cache\Home\5d133778d7de97e139009fa0c8819324.php 第 126 行.
SQL: SHOW COLUMNS FROM `onethink_category` [ RunTime:0.007298s ]
SQL: SELECT `id`,`name`,`pid`,`title`,`link_id` FROM `onethink_category` WHERE ( `status` = 1 ) ORDER BY sort  [ RunTime:0.000285s ]
NOTIC: [8] Undefined index: _ E:\freehost\www\linshikongjian\web\Application\Home\Widget\CategoryWidget.class.php 第 25 行.
INFO: [ view_parse ] --START--
INFO: [ template_filter ] --START--
INFO: Run Behavior\ContentReplace [ RunTime:0.000084s ]
INFO: [ template_filter ] --END-- [ RunTime:-0.310197s ]
INFO: Run Behavior\ParseTemplate [ RunTime:0.006728s ]
INFO: [ view_parse ] --END-- [ RunTime:0.006858s ]
INFO: [ view_filter ] --START--
INFO: Run Behavior\WriteHtmlCache [ RunTime:0.000683s ]
INFO: [ view_filter ] --END-- [ RunTime:0.000786s ]
INFO: Run Behavior\ParseTemplate [ RunTime:0.007915s ]
INFO: [ view_parse ] --END-- [ RunTime:0.006858s ]
INFO: [ view_filter ] --START--
INFO: Run Behavior\WriteHtmlCache [ RunTime:0.000018s ]
INFO: [ view_filter ] --END-- [ RunTime:-0.000374s ]
INFO: [ app_end ] --START--
INFO: Run Behavior\ShowPageTrace [ RunTime:0.001049s ]
INFO: [ app_end ] --END-- [ RunTime:0.001155s ]

[ 2016-04-23T23:58:23+08:00 ] 117.91.65.93 /index.php?s=/Home/Project/index/id/11.html
SQL: SHOW COLUMNS FROM `onethink_project` [ RunTime:0.002029s ]
SQL: SELECT * FROM `onethink_project` WHERE ( `id` = 11 ) LIMIT 1   [ RunTime:0.000139s ]
NOTIC: [8] Undefined variable: category E:\freehost\www\linshikongjian\web\Application\Home\Controller\ProjectController.class.php 第 36 行.
INFO: [ view_parse ] --START--
INFO: [ template_filter ] --START--
INFO: Run Behavior\ContentReplace [ RunTime:0.000145s ]
INFO: [ template_filter ] --END-- [ RunTime:0.000223s ]
NOTIC: [8] Undefined variable: appied E:\freehost\www\linshikongjian\web\Runtime\Cache\Home\5d133778d7de97e139009fa0c8819324.php 第 32 行.
SQL: SHOW COLUMNS FROM `onethink_channel` [ RunTime:0.002425s ]
SQL: SELECT `id`,`pid`,`title`,`url`,`sort`,`create_time`,`update_time`,`status`,`target` FROM `onethink_channel` WHERE ( status=1 ) ORDER BY sort  [ RunTime:0.000121s ]
NOTIC: [8] Undefined variable: category E:\freehost\www\linshikongjian\web\Runtime\Cache\Home\5d133778d7de97e139009fa0c8819324.php 第 126 行.
SQL: SHOW COLUMNS FROM `onethink_category` [ RunTime:0.002495s ]
SQL: SELECT `id`,`name`,`pid`,`title`,`link_id` FROM `onethink_category` WHERE ( `status` = 1 ) ORDER BY sort  [ RunTime:0.000124s ]
NOTIC: [8] Undefined index: _ E:\freehost\www\linshikongjian\web\Application\Home\Widget\CategoryWidget.class.php 第 25 行.
INFO: [ view_parse ] --START--
INFO: [ template_filter ] --START--
INFO: Run Behavior\ContentReplace [ RunTime:0.000049s ]
INFO: [ template_filter ] --END-- [ RunTime:-0.346089s ]
INFO: Run Behavior\ParseTemplate [ RunTime:0.003341s ]
INFO: [ view_parse ] --END-- [ RunTime:0.003407s ]
INFO: [ view_filter ] --START--
INFO: Run Behavior\WriteHtmlCache [ RunTime:0.000317s ]
INFO: [ view_filter ] --END-- [ RunTime:0.000368s ]
INFO: Run Behavior\ParseTemplate [ RunTime:0.003915s ]
INFO: [ view_parse ] --END-- [ RunTime:0.003407s ]
INFO: [ view_filter ] --START--
INFO: Run Behavior\WriteHtmlCache [ RunTime:0.000009s ]
INFO: [ view_filter ] --END-- [ RunTime:-0.000191s ]
INFO: [ app_end ] --START--
INFO: Run Behavior\ShowPageTrace [ RunTime:0.000517s ]
INFO: [ app_end ] --END-- [ RunTime:0.000568s ]

[ 2016-04-23T23:58:30+08:00 ] 117.91.65.93 /index.php?s=/Home/Project/index/id/11.html
SQL: SHOW COLUMNS FROM `onethink_project` [ RunTime:0.001903s ]
SQL: SELECT * FROM `onethink_project` WHERE ( `id` = 11 ) LIMIT 1   [ RunTime:0.000131s ]
NOTIC: [8] Undefined variable: category E:\freehost\www\linshikongjian\web\Application\Home\Controller\ProjectController.class.php 第 36 行.
INFO: [ view_parse ] --START--
INFO: [ template_filter ] --START--
INFO: Run Behavior\ContentReplace [ RunTime:0.000144s ]
INFO: [ template_filter ] --END-- [ RunTime:0.000219s ]
NOTIC: [8] Undefined variable: appied E:\freehost\www\linshikongjian\web\Runtime\Cache\Home\5d133778d7de97e139009fa0c8819324.php 第 32 行.
SQL: SHOW COLUMNS FROM `onethink_channel` [ RunTime:0.005603s ]
SQL: SELECT `id`,`pid`,`title`,`url`,`sort`,`create_time`,`update_time`,`status`,`target` FROM `onethink_channel` WHERE ( status=1 ) ORDER BY sort  [ RunTime:0.000301s ]
NOTIC: [8] Undefined variable: category E:\freehost\www\linshikongjian\web\Runtime\Cache\Home\5d133778d7de97e139009fa0c8819324.php 第 126 行.
SQL: SHOW COLUMNS FROM `onethink_category` [ RunTime:0.005991s ]
SQL: SELECT `id`,`name`,`pid`,`title`,`link_id` FROM `onethink_category` WHERE ( `status` = 1 ) ORDER BY sort  [ RunTime:0.000343s ]
NOTIC: [8] Undefined index: _ E:\freehost\www\linshikongjian\web\Application\Home\Widget\CategoryWidget.class.php 第 25 行.
INFO: [ view_parse ] --START--
INFO: [ template_filter ] --START--
INFO: Run Behavior\ContentReplace [ RunTime:0.000102s ]
INFO: [ template_filter ] --END-- [ RunTime:-0.288346s ]
INFO: Run Behavior\ParseTemplate [ RunTime:0.008136s ]
INFO: [ view_parse ] --END-- [ RunTime:0.008298s ]
INFO: [ view_filter ] --START--
INFO: Run Behavior\WriteHtmlCache [ RunTime:0.000806s ]
INFO: [ view_filter ] --END-- [ RunTime:0.000931s ]
INFO: Run Behavior\ParseTemplate [ RunTime:0.009557s ]
INFO: [ view_parse ] --END-- [ RunTime:0.008298s ]
INFO: [ view_filter ] --START--
INFO: Run Behavior\WriteHtmlCache [ RunTime:0.000024s ]
INFO: [ view_filter ] --END-- [ RunTime:-0.000527s ]
INFO: [ app_end ] --START--
INFO: Run Behavior\ShowPageTrace [ RunTime:0.001280s ]
INFO: [ app_end ] --END-- [ RunTime:0.001412s ]

[ 2016-04-23T23:58:35+08:00 ] 117.91.65.93 /index.php?s=/Home/Project/index/id/11.html
SQL: SHOW COLUMNS FROM `onethink_project` [ RunTime:0.001868s ]
SQL: SELECT * FROM `onethink_project` WHERE ( `id` = 11 ) LIMIT 1   [ RunTime:0.000127s ]
NOTIC: [8] Undefined variable: category E:\freehost\www\linshikongjian\web\Application\Home\Controller\ProjectController.class.php 第 36 行.
INFO: [ view_parse ] --START--
INFO: [ template_filter ] --START--
INFO: Run Behavior\ContentReplace [ RunTime:0.000130s ]
INFO: [ template_filter ] --END-- [ RunTime:0.000195s ]
NOTIC: [8] Undefined variable: appied E:\freehost\www\linshikongjian\web\Runtime\Cache\Home\5d133778d7de97e139009fa0c8819324.php 第 32 行.
SQL: SHOW COLUMNS FROM `onethink_channel` [ RunTime:0.003401s ]
SQL: SELECT `id`,`pid`,`title`,`url`,`sort`,`create_time`,`update_time`,`status`,`target` FROM `onethink_channel` WHERE ( status=1 ) ORDER BY sort  [ RunTime:0.000151s ]
NOTIC: [8] Undefined variable: category E:\freehost\www\linshikongjian\web\Runtime\Cache\Home\5d133778d7de97e139009fa0c8819324.php 第 126 行.
SQL: SHOW COLUMNS FROM `onethink_category` [ RunTime:0.003617s ]
SQL: SELECT `id`,`name`,`pid`,`title`,`link_id` FROM `onethink_category` WHERE ( `status` = 1 ) ORDER BY sort  [ RunTime:0.000138s ]
NOTIC: [8] Undefined index: _ E:\freehost\www\linshikongjian\web\Application\Home\Widget\CategoryWidget.class.php 第 25 行.
INFO: [ view_parse ] --START--
INFO: [ template_filter ] --START--
INFO: Run Behavior\ContentReplace [ RunTime:0.000042s ]
INFO: [ template_filter ] --END-- [ RunTime:-0.287302s ]
INFO: Run Behavior\ParseTemplate [ RunTime:0.003371s ]
INFO: [ view_parse ] --END-- [ RunTime:0.003434s ]
INFO: [ view_filter ] --START--
INFO: Run Behavior\WriteHtmlCache [ RunTime:0.000314s ]
INFO: [ view_filter ] --END-- [ RunTime:0.000362s ]
INFO: Run Behavior\ParseTemplate [ RunTime:0.003934s ]
INFO: [ view_parse ] --END-- [ RunTime:0.003434s ]
INFO: [ view_filter ] --START--
INFO: Run Behavior\WriteHtmlCache [ RunTime:0.000008s ]
INFO: [ view_filter ] --END-- [ RunTime:-0.000189s ]
INFO: [ app_end ] --START--
INFO: Run Behavior\ShowPageTrace [ RunTime:0.000488s ]
INFO: [ app_end ] --END-- [ RunTime:0.000538s ]

[ 2016-04-23T23:58:48+08:00 ] 117.91.65.93 /index.php?s=/Home/Project/index/id/11.html
SQL: SHOW COLUMNS FROM `onethink_project` [ RunTime:0.003076s ]
SQL: SELECT * FROM `onethink_project` WHERE ( `id` = 11 ) LIMIT 1   [ RunTime:0.000156s ]
NOTIC: [8] Undefined variable: category E:\freehost\www\linshikongjian\web\Application\Home\Controller\ProjectController.class.php 第 36 行.
INFO: [ view_parse ] --START--
INFO: [ template_filter ] --START--
INFO: Run Behavior\ContentReplace [ RunTime:0.000150s ]
INFO: [ template_filter ] --END-- [ RunTime:0.000232s ]
SQL: SHOW COLUMNS FROM `onethink_channel` [ RunTime:0.003558s ]
SQL: SELECT `id`,`pid`,`title`,`url`,`sort`,`create_time`,`update_time`,`status`,`target` FROM `onethink_channel` WHERE ( status=1 ) ORDER BY sort  [ RunTime:0.000133s ]
NOTIC: [8] Undefined variable: category E:\freehost\www\linshikongjian\web\Runtime\Cache\Home\5d133778d7de97e139009fa0c8819324.php 第 126 行.
SQL: SHOW COLUMNS FROM `onethink_category` [ RunTime:0.003452s ]
SQL: SELECT `id`,`name`,`pid`,`title`,`link_id` FROM `onethink_category` WHERE ( `status` = 1 ) ORDER BY sort  [ RunTime:0.000135s ]
NOTIC: [8] Undefined index: _ E:\freehost\www\linshikongjian\web\Application\Home\Widget\CategoryWidget.class.php 第 25 行.
INFO: [ view_parse ] --START--
INFO: [ template_filter ] --START--
INFO: Run Behavior\ContentReplace [ RunTime:0.000042s ]
INFO: [ template_filter ] --END-- [ RunTime:-0.287758s ]
INFO: Run Behavior\ParseTemplate [ RunTime:0.003292s ]
INFO: [ view_parse ] --END-- [ RunTime:0.003356s ]
INFO: [ view_filter ] --START--
INFO: Run Behavior\WriteHtmlCache [ RunTime:0.000325s ]
INFO: [ view_filter ] --END-- [ RunTime:0.000376s ]
INFO: Run Behavior\ParseTemplate [ RunTime:0.003871s ]
INFO: [ view_parse ] --END-- [ RunTime:0.003356s ]
INFO: [ view_filter ] --START--
INFO: Run Behavior\WriteHtmlCache [ RunTime:0.000009s ]
INFO: [ view_filter ] --END-- [ RunTime:-0.000190s ]
INFO: [ app_end ] --START--
INFO: Run Behavior\ShowPageTrace [ RunTime:0.000754s ]
INFO: [ app_end ] --END-- [ RunTime:0.000810s ]

